2025-10-11 00:46.31 [debug    ] Logging configured             extract_root=. pid=154256 vebosity_level=0
2025-10-11 00:46.31 [info     ] Start processing file          file=update.no_header.image pid=154256
2025-10-11 00:46.31 [debug    ] Setting up signal handlers     original_signal_handlers={<Signals.SIGINT: 2>: <built-in function default_int_handler>, <Signals.SIGTERM: 15>: <Handlers.SIG_DFL: 0>} pid=154256
2025-10-11 00:46.31 [debug    ] Detected file-magic            magic=Linux rev 0.0 ext2 filesystem data, UUID=00000000-0000-0000-0000-000000000000, volume name "linux"\012- data path=update.no_header.image pid=154275
2025-10-11 00:46.31 [debug    ] Processing file                path=update.no_header.image pid=154275 size=0x2000000
2025-10-11 00:46.31 [debug    ] Calculating chunk for pattern match handler=extfs pid=154275 real_offset=0x0 start_offset=0x438
2025-10-11 00:46.31 [debug    ] Found valid chunk              chunk=0x0-0x2000000 handler=extfs pid=154275
2025-10-11 00:46.31 [debug    ] Ended searching for chunks     all_chunks=[0x0-0x2000000] pid=154275
2025-10-11 00:46.31 [debug    ] Removed inner chunks           outer_chunk_count=1 pid=154275 removed_inner_chunk_count=0
2025-10-11 00:46.31 [debug    ] Running extract command        command=debugfs -R 'rdump / "/home/danielsokil/Lab/HashSource/hashsource_antminer_Lx/bitmain_firmware/Antminer-L7-release-202211301200/update.no_header.image_extract"' /home/danielsokil/Lab/HashSource/hashsource_antminer_Lx/bitmain_firmware/Antminer-L7-release-202211301200/update.no_header.image pid=154275
2025-10-11 00:46.32 [debug    ] Processing directory           path=update.no_header.image_extract pid=154276
2025-10-11 00:46.32 [debug    ] Processing directory           path=update.no_header.image_extract/sbin pid=154277
2025-10-11 00:46.32 [debug    ] Processing directory           path=update.no_header.image_extract/proc pid=154278
2025-10-11 00:46.32 [debug    ] Processing directory           path=update.no_header.image_extract/lib pid=154280
2025-10-11 00:46.32 [debug    ] Processing directory           path=update.no_header.image_extract/lost+found pid=154279
2025-10-11 00:46.32 [debug    ] Processing directory           path=update.no_header.image_extract/run pid=154281
2025-10-11 00:46.32 [debug    ] Processing directory           path=update.no_header.image_extract/mnt pid=154282
2025-10-11 00:46.32 [debug    ] Processing directory           path=update.no_header.image_extract/bin pid=154283
2025-10-11 00:46.32 [debug    ] Processing directory           path=update.no_header.image_extract/dev pid=154284
2025-10-11 00:46.32 [debug    ] Processing directory           path=update.no_header.image_extract/opt pid=154275
2025-10-11 00:46.32 [debug    ] Processing directory           path=update.no_header.image_extract/media pid=154285
2025-10-11 00:46.32 [debug    ] Ignoring special file (link, chrdev, blkdev, fifo, socket, door). path=update.no_header.image_extract/lib32 pid=154286
2025-10-11 00:46.32 [debug    ] Processing directory           path=update.no_header.image_extract/tmp pid=154287
2025-10-11 00:46.32 [debug    ] Processing directory           path=update.no_header.image_extract/etc pid=154289
2025-10-11 00:46.32 [debug    ] Processing directory           path=update.no_header.image_extract/root pid=154290
2025-10-11 00:46.32 [debug    ] Processing directory           path=update.no_header.image_extract/sys pid=154278
2025-10-11 00:46.32 [debug    ] Ignoring special file (link, chrdev, blkdev, fifo, socket, door). path=update.no_header.image_extract/linuxrc pid=154276
2025-10-11 00:46.32 [debug    ] Processing directory           path=update.no_header.image_extract/config pid=154275
2025-10-11 00:46.32 [debug    ] Processing directory           path=update.no_header.image_extract/var pid=154277
2025-10-11 00:46.32 [debug    ] Processing directory           path=update.no_header.image_extract/usr pid=154288
2025-10-11 00:46.32 [debug    ] Ignoring special file (link, chrdev, blkdev, fifo, socket, door). path=update.no_header.image_extract/sbin/freeramdisk pid=154280
2025-10-11 00:46.32 [debug    ] Ignoring special file (link, chrdev, blkdev, fifo, socket, door). path=update.no_header.image_extract/sbin/iproute pid=154286
2025-10-11 00:46.32 [debug    ] Ignoring special file (link, chrdev, blkdev, fifo, socket, door). path=update.no_header.image_extract/sbin/iplink pid=154284
2025-10-11 00:46.32 [debug    ] Ignoring special file (link, chrdev, blkdev, fifo, socket, door). path=update.no_header.image_extract/sbin/ipaddr pid=154276
2025-10-11 00:46.32 [debug    ] Ignoring special file (link, chrdev, blkdev, fifo, socket, door). path=update.no_header.image_extract/sbin/route pid=154275
2025-10-11 00:46.32 [debug    ] Ignoring special file (link, chrdev, blkdev, fifo, socket, door). path=update.no_header.image_extract/sbin/getty pid=154281
2025-10-11 00:46.32 [debug    ] Ignoring special file (link, chrdev, blkdev, fifo, socket, door). path=update.no_header.image_extract/sbin/ifconfig pid=154285
2025-10-11 00:46.32 [debug    ] Ignoring special file (link, chrdev, blkdev, fifo, socket, door). path=update.no_header.image_extract/sbin/pidof pid=154277
2025-10-11 00:46.32 [debug    ] Ignoring special file (link, chrdev, blkdev, fifo, socket, door). path=update.no_header.image_extract/sbin/poweroff pid=154278
2025-10-11 00:46.32 [debug    ] Ignoring special file (link, chrdev, blkdev, fifo, socket, door). path=update.no_header.image_extract/sbin/swapoff pid=154287
2025-10-11 00:46.32 [debug    ] Ignoring special file (link, chrdev, blkdev, fifo, socket, door). path=update.no_header.image_extract/sbin/swapon pid=154290
2025-10-11 00:46.32 [debug    ] Ignoring special file (link, chrdev, blkdev, fifo, socket, door). path=update.no_header.image_extract/sbin/start-stop-daemon pid=154283
2025-10-11 00:46.32 [debug    ] Ignoring special file (link, chrdev, blkdev, fifo, socket, door). path=update.no_header.image_extract/sbin/syslogd pid=154280
2025-10-11 00:46.32 [debug    ] Ignoring special file (link, chrdev, blkdev, fifo, socket, door). path=update.no_header.image_extract/sbin/ip pid=154276
2025-10-11 00:46.32 [debug    ] Ignoring special file (link, chrdev, blkdev, fifo, socket, door). path=update.no_header.image_extract/sbin/udhcpc pid=154289
2025-10-11 00:46.32 [debug    ] Ignoring special file (link, chrdev, blkdev, fifo, socket, door). path=update.no_header.image_extract/sbin/reboot pid=154275
2025-10-11 00:46.32 [debug    ] Ignoring special file (link, chrdev, blkdev, fifo, socket, door). path=update.no_header.image_extract/lib/libutil.so.1 pid=154278
2025-10-11 00:46.32 [debug    ] Ignoring special file (link, chrdev, blkdev, fifo, socket, door). path=update.no_header.image_extract/lib/libanl.so.1 pid=154280
2025-10-11 00:46.32 [debug    ] Ignoring special file (link, chrdev, blkdev, fifo, socket, door). path=update.no_header.image_extract/lib/libnss_files.so.2 pid=154290
2025-10-11 00:46.32 [debug    ] Ignoring special file (link, chrdev, blkdev, fifo, socket, door). path=update.no_header.image_extract/lib/libstdc++.so.6 pid=154283
2025-10-11 00:46.32 [debug    ] Ignoring special file (link, chrdev, blkdev, fifo, socket, door). path=update.no_header.image_extract/lib/libatomic.so.1 pid=154278
2025-10-11 00:46.32 [debug    ] Ignoring special file (link, chrdev, blkdev, fifo, socket, door). path=update.no_header.image_extract/lib/libnss_dns.so.2 pid=154280
2025-10-11 00:46.32 [debug    ] Ignoring special file (link, chrdev, blkdev, fifo, socket, door). path=update.no_header.image_extract/lib/librt.so.1 pid=154283
2025-10-11 00:46.32 [debug    ] Ignoring special file (link, chrdev, blkdev, fifo, socket, door). path=update.no_header.image_extract/lib/libc.so.6 pid=154283
2025-10-11 00:46.32 [debug    ] Detected file-magic            magic=ELF 32-bit LSB executable, ARM, EABI5 version 1\012-  (SYSV), dynamically linked, interpreter /lib/ld-linux-armhf.so.3, for GNU/Linux 3.2.0, BuildID[sha1]=73b1e75e6b276ff1650f7335cbc595fe29008627, stripped\012- data path=update.no_header.image_extract/sbin/halt pid=154282
2025-10-11 00:46.32 [debug    ] Ignoring special file (link, chrdev, blkdev, fifo, socket, door). path=update.no_header.image_extract/lib/libresolv.so.2 pid=154284
2025-10-11 00:46.32 [debug    ] Ignoring special file (link, chrdev, blkdev, fifo, socket, door). path=update.no_header.image_extract/lib/libm.so.6 pid=154283
2025-10-11 00:46.32 [debug    ] Detected file-magic            magic=ELF 32-bit LSB shared object, ARM, EABI5 version 1\012-  (SYSV), dynamically linked, BuildID[sha1]=7a2c0aea94aa32b3f7815d24f89f0e68dfde4d09, for GNU/Linux 3.2.0, stripped\012- data path=update.no_header.image_extract/lib/libnss_dns-2.25.so pid=154285
2025-10-11 00:46.32 [debug    ] Detected file-magic            magic=ELF 32-bit LSB executable, ARM, EABI5 version 1\012-  (SYSV), dynamically linked, interpreter /lib/ld-linux-armhf.so.3, for GNU/Linux 3.2.0, BuildID[sha1]=889372003add4dc00a7c37ab1fb6ad49b08714fb, stripped\012- data path=update.no_header.image_extract/sbin/killall5 pid=154277
2025-10-11 00:46.32 [debug    ] Ignoring special file (link, chrdev, blkdev, fifo, socket, door). path=update.no_header.image_extract/lib/ld-linux-armhf.so.3 pid=154284
2025-10-11 00:46.32 [debug    ] Detected file-magic            magic=ELF 32-bit LSB executable, ARM, EABI5 version 1\012-  (SYSV), dynamically linked, interpreter /lib/ld-linux-armhf.so.3, for GNU/Linux 3.2.0, BuildID[sha1]=738582d4889acb52417784c6a4fc60134a9806e1, stripped\012- data path=update.no_header.image_extract/sbin/shutdown pid=154288
2025-10-11 00:46.32 [debug    ] Detected file-magic            magic=ELF 32-bit LSB executable, ARM, EABI5 version 1\012-  (SYSV), dynamically linked, interpreter /lib/ld-linux-armhf.so.3, for GNU/Linux 3.2.0, BuildID[sha1]=9a72d5095edce2d099651fac464c1dfd001c0640, stripped\012- data path=update.no_header.image_extract/sbin/init pid=154281
2025-10-11 00:46.32 [debug    ] Detected file-magic            magic=ELF 32-bit LSB shared object, ARM, EABI5 version 1\012-  (GNU/Linux), dynamically linked, BuildID[sha1]=45b99f5ff08af2473f5b5d64ad61365ac37f8f5b, for GNU/Linux 3.2.0, stripped\012- data path=update.no_header.image_extract/lib/librt-2.25.so pid=154276
2025-10-11 00:46.32 [debug    ] Processing file                path=update.no_header.image_extract/sbin/halt pid=154282 size=0x3614
2025-10-11 00:46.32 [debug    ] Detected file-magic            magic=ELF 32-bit LSB shared object, ARM, EABI5 version 1\012-  (SYSV), dynamically linked, BuildID[sha1]=d52cf78393313bab76d284927bc6b7ace926e47a, for GNU/Linux 3.2.0, stripped\012- data path=update.no_header.image_extract/lib/libm-2.25.so pid=154275
2025-10-11 00:46.32 [debug    ] Ignoring special file (link, chrdev, blkdev, fifo, socket, door). path=update.no_header.image_extract/lib/libnsl.so.1 pid=154284
2025-10-11 00:46.32 [debug    ] Detected file-magic            magic=ELF 32-bit LSB shared object, ARM, EABI5 version 1\012-  (SYSV), dynamically linked, BuildID[sha1]=c82543922edc7a73cc00db9bae2074c8a4f86059, for GNU/Linux 3.2.0, stripped\012- data path=update.no_header.image_extract/lib/libutil-2.25.so pid=154290
2025-10-11 00:46.32 [debug    ] Detected file-magic            magic=ELF 32-bit LSB shared object, ARM, EABI5 version 1\012-  (SYSV), dynamically linked, BuildID[sha1]=ab600f2137f87a1b132b5b371f99e9fa7defeff6, for GNU/Linux 3.2.0, stripped\012- data path=update.no_header.image_extract/lib/libanl-2.25.so pid=154278
2025-10-11 00:46.32 [debug    ] Detected file-magic            magic=POSIX shell script text executable\012- a /bin/sh script, ASCII text executable path=update.no_header.image_extract/init pid=154279
2025-10-11 00:46.32 [debug    ] Detected file-magic            magic=ELF 32-bit LSB shared object, ARM, EABI5 version 1\012-  (SYSV), dynamically linked, BuildID[sha1]=2e6612f7272a8d1431e996e37544cb4d49f684f6, for GNU/Linux 3.2.0, stripped\012- data path=update.no_header.image_extract/lib/libnsl-2.25.so pid=154289
2025-10-11 00:46.32 [debug    ] Ignoring special file (link, chrdev, blkdev, fifo, socket, door). path=update.no_header.image_extract/lib/libcrypt.so.1 pid=154284
2025-10-11 00:46.32 [debug    ] Processing file                path=update.no_header.image_extract/lib/libnss_dns-2.25.so pid=154285 size=0x35c0
2025-10-11 00:46.32 [debug    ] Processing file                path=update.no_header.image_extract/sbin/killall5 pid=154277 size=0x4640
2025-10-11 00:46.32 [debug    ] Processing file                path=update.no_header.image_extract/lib/librt-2.25.so pid=154276 size=0x5774
2025-10-11 00:46.32 [debug    ] Processing file                path=update.no_header.image_extract/sbin/init pid=154281 size=0x8910
2025-10-11 00:46.32 [debug    ] Processing file                path=update.no_header.image_extract/lib/libutil-2.25.so pid=154290 size=0x25d4
2025-10-11 00:46.32 [debug    ] Ignoring special file (link, chrdev, blkdev, fifo, socket, door). path=update.no_header.image_extract/lib/libpthread.so.0 pid=154286
2025-10-11 00:46.32 [debug    ] Processing file                path=update.no_header.image_extract/lib/libanl-2.25.so pid=154278 size=0x36e8
2025-10-11 00:46.32 [debug    ] Processing file                path=update.no_header.image_extract/init pid=154279 size=0xb2
2025-10-11 00:46.32 [debug    ] Processing file                path=update.no_header.image_extract/lib/libnsl-2.25.so pid=154289 size=0xd720
2025-10-11 00:46.32 [debug    ] Detected file-magic            magic=ELF 32-bit LSB shared object, ARM, EABI5 version 1\012-  (SYSV), dynamically linked, BuildID[sha1]=2c613beb37c72d412bf082e15de0930dad23930a, for GNU/Linux 3.2.0, stripped\012- data path=update.no_header.image_extract/lib/libnss_files-2.25.so pid=154283
2025-10-11 00:46.32 [debug    ] Processing file                path=update.no_header.image_extract/lib/libm-2.25.so pid=154275 size=0x6b5a0
2025-10-11 00:46.32 [debug    ] Calculating chunk for pattern match handler=elf32 pid=154275 real_offset=0x0 start_offset=0x0
2025-10-11 00:46.32 [debug    ] Processing file                path=update.no_header.image_extract/lib/libnss_files-2.25.so pid=154283 size=0x7608
2025-10-11 00:46.32 [debug    ] Detected file-magic            magic=ELF 32-bit LSB shared object, ARM, EABI5 version 1\012-  (GNU/Linux), dynamically linked, BuildID[sha1]=de9110e975308a3c0280b1dc458f30497305aa2b, stripped\012- data path=update.no_header.image_extract/lib/libatomic.so.1.2.0 pid=154284
2025-10-11 00:46.32 [debug    ] Detected file-magic            magic=ELF 32-bit LSB shared object, ARM, EABI5 version 1\012-  (GNU/Linux), dynamically linked, BuildID[sha1]=d4b691a2611056a5bd45e136f939445084060af4, stripped\012- data path=update.no_header.image_extract/lib/libstdc++.so.6.0.24 pid=154280
2025-10-11 00:46.32 [debug    ] Processing file                path=update.no_header.image_extract/lib/libatomic.so.1.2.0 pid=154284 size=0x5510
2025-10-11 00:46.32 [debug    ] Detected file-magic            magic=ELF 32-bit LSB shared object, ARM, EABI5 version 1\012-  (SYSV), dynamically linked, BuildID[sha1]=d0e0673169922a8565cfba288e8e72268b0adcab, not stripped\012- data path=update.no_header.image_extract/lib/ld-2.25.so pid=154286
2025-10-11 00:46.32 [debug    ] Processing file                path=update.no_header.image_extract/sbin/shutdown pid=154288 size=0x46a8
2025-10-11 00:46.32 [debug    ] Processing file                path=update.no_header.image_extract/lib/ld-2.25.so pid=154286 size=0x1df80
2025-10-11 00:46.32 [debug    ] Detected file-magic            magic=Python script, ASCII text executable path=update.no_header.image_extract/lib/libstdc++.so.6.0.24-gdb.py pid=154287
2025-10-11 00:46.32 [debug    ] Processing file                path=update.no_header.image_extract/lib/libstdc++.so.6.0.24 pid=154280 size=0xf8dd0
2025-10-11 00:46.32 [debug    ] Processing file                path=update.no_header.image_extract/lib/libstdc++.so.6.0.24-gdb.py pid=154287 size=0xaa0
2025-10-11 00:46.32 [debug    ] Found valid chunk              chunk=0x0-0x6b5a0 handler=elf32 pid=154275
2025-10-11 00:46.32 [debug    ] Ended searching for chunks     all_chunks=[0x0-0x6b5a0] pid=154275
2025-10-11 00:46.32 [debug    ] Removed inner chunks           outer_chunk_count=1 pid=154275 removed_inner_chunk_count=0
2025-10-11 00:46.32 [debug    ] Processing directory           path=update.no_header.image_extract/lib/debug pid=154275
2025-10-11 00:46.32 [debug    ] Detected file-magic            magic=ELF 32-bit LSB shared object, ARM, EABI5 version 1\012-  (GNU/Linux), dynamically linked, interpreter /lib/ld-linux-armhf.so.3, BuildID[sha1]=29d2084824752ff6e284376bc074962e3b843c6c, for GNU/Linux 3.2.0, not stripped\012- data path=update.no_header.image_extract/lib/libpthread-2.25.so pid=154275
2025-10-11 00:46.32 [debug    ] Processing file                path=update.no_header.image_extract/lib/libpthread-2.25.so pid=154275 size=0x1a0e8
2025-10-11 00:46.32 [debug    ] Calculating chunk for pattern match handler=elf32 pid=154275 real_offset=0x0 start_offset=0x0
2025-10-11 00:46.32 [debug    ] Found valid chunk              chunk=0x0-0x1a0e8 handler=elf32 pid=154275
2025-10-11 00:46.32 [debug    ] Ended searching for chunks     all_chunks=[0x0-0x1a0e8] pid=154275
2025-10-11 00:46.32 [debug    ] Removed inner chunks           outer_chunk_count=1 pid=154275 removed_inner_chunk_count=0
2025-10-11 00:46.32 [debug    ] Ignoring special file (link, chrdev, blkdev, fifo, socket, door). path=update.no_header.image_extract/lib/libdl.so.2 pid=154275
2025-10-11 00:46.32 [debug    ] Detected file-magic            magic=ELF 32-bit LSB shared object, ARM, EABI5 version 1\012-  (SYSV), dynamically linked, BuildID[sha1]=273428885d923e7888e7bbdca379aa2bfbf43804, for GNU/Linux 3.2.0, stripped\012- data path=update.no_header.image_extract/lib/libresolv-2.25.so pid=154275
2025-10-11 00:46.32 [debug    ] Processing file                path=update.no_header.image_extract/lib/libresolv-2.25.so pid=154275 size=0xc6b4
2025-10-11 00:46.32 [debug    ] Calculating chunk for pattern match handler=elf32 pid=154275 real_offset=0x0 start_offset=0x0
2025-10-11 00:46.32 [debug    ] Found valid chunk              chunk=0x0-0xc6b4 handler=elf32 pid=154275
2025-10-11 00:46.32 [debug    ] Ended searching for chunks     all_chunks=[0x0-0xc6b4] pid=154275
2025-10-11 00:46.32 [debug    ] Removed inner chunks           outer_chunk_count=1 pid=154275 removed_inner_chunk_count=0
2025-10-11 00:46.32 [debug    ] Detected file-magic            magic=ELF 32-bit LSB shared object, ARM, EABI5 version 1\012-  (GNU/Linux), dynamically linked, interpreter /lib/ld-linux-armhf.so.3, BuildID[sha1]=aa86e880abaf96e2ce86bb676eb24ed234025e31, for GNU/Linux 3.2.0, stripped\012- data path=update.no_header.image_extract/lib/libc-2.25.so pid=154275
2025-10-11 00:46.32 [debug    ] Processing file                path=update.no_header.image_extract/lib/libc-2.25.so pid=154275 size=0xdb6e8
2025-10-11 00:46.32 [debug    ] Calculating chunk for pattern match handler=elf32 pid=154275 real_offset=0x0 start_offset=0x0
2025-10-11 00:46.32 [debug    ] Found valid chunk              chunk=0x0-0xdb6e8 handler=elf32 pid=154275
2025-10-11 00:46.32 [debug    ] Ended searching for chunks     all_chunks=[0x0-0xdb6e8] pid=154275
2025-10-11 00:46.32 [debug    ] Removed inner chunks           outer_chunk_count=1 pid=154275 removed_inner_chunk_count=0
2025-10-11 00:46.32 [debug    ] Detected file-magic            magic=ELF 32-bit LSB shared object, ARM, EABI5 version 1\012-  (SYSV), dynamically linked, BuildID[sha1]=837f483b7ad06cbe437718b165d6c5e3ace61541, for GNU/Linux 3.2.0, stripped\012- data path=update.no_header.image_extract/lib/libdl-2.25.so pid=154275
2025-10-11 00:46.32 [debug    ] Processing file                path=update.no_header.image_extract/lib/libdl-2.25.so pid=154275 size=0x25b8
2025-10-11 00:46.32 [debug    ] Calculating chunk for pattern match handler=elf32 pid=154275 real_offset=0x0 start_offset=0x0
2025-10-11 00:46.32 [debug    ] Found valid chunk              chunk=0x0-0x25b8 handler=elf32 pid=154275
2025-10-11 00:46.32 [debug    ] Ended searching for chunks     all_chunks=[0x0-0x25b8] pid=154275
2025-10-11 00:46.32 [debug    ] Removed inner chunks           outer_chunk_count=1 pid=154275 removed_inner_chunk_count=0
2025-10-11 00:46.32 [debug    ] Detected file-magic            magic=ELF 32-bit LSB shared object, ARM, EABI5 version 1\012-  (SYSV), dynamically linked, BuildID[sha1]=4b01afc7b929482446303e51dd8600249d9161ac, for GNU/Linux 3.2.0, stripped\012- data path=update.no_header.image_extract/lib/libcrypt-2.25.so pid=154275
2025-10-11 00:46.32 [debug    ] Processing file                path=update.no_header.image_extract/lib/libcrypt-2.25.so pid=154275 size=0x7640
2025-10-11 00:46.32 [debug    ] Calculating chunk for pattern match handler=elf32 pid=154275 real_offset=0x0 start_offset=0x0
2025-10-11 00:46.32 [debug    ] Found valid chunk              chunk=0x0-0x7640 handler=elf32 pid=154275
2025-10-11 00:46.32 [debug    ] Ended searching for chunks     all_chunks=[0x0-0x7640] pid=154275
2025-10-11 00:46.32 [debug    ] Removed inner chunks           outer_chunk_count=1 pid=154275 removed_inner_chunk_count=0
2025-10-11 00:46.32 [debug    ] Detected file-magic            magic=ELF 32-bit LSB shared object, ARM, EABI5 version 1\012-  (SYSV), dynamically linked, BuildID[sha1]=be9c85ccca295c47cc30be32e4a41191fcf568db, stripped\012- data path=update.no_header.image_extract/lib/libgcc_s.so.1 pid=154275
2025-10-11 00:46.32 [debug    ] Processing file                path=update.no_header.image_extract/lib/libgcc_s.so.1 pid=154275 size=0x1862c
2025-10-11 00:46.32 [debug    ] Calculating chunk for pattern match handler=elf32 pid=154275 real_offset=0x0 start_offset=0x0
2025-10-11 00:46.32 [debug    ] Found valid chunk              chunk=0x0-0x1862c handler=elf32 pid=154275
2025-10-11 00:46.32 [debug    ] Ended searching for chunks     all_chunks=[0x0-0x1862c] pid=154275
2025-10-11 00:46.32 [debug    ] Removed inner chunks           outer_chunk_count=1 pid=154275 removed_inner_chunk_count=0
2025-10-11 00:46.32 [debug    ] Ignoring special file (link, chrdev, blkdev, fifo, socket, door). path=update.no_header.image_extract/dev/stderr pid=154275
2025-10-11 00:46.32 [debug    ] Processing directory           path=update.no_header.image_extract/dev/shm pid=154275
2025-10-11 00:46.32 [debug    ] Processing directory           path=update.no_header.image_extract/dev/pts pid=154275
2025-10-11 00:46.32 [debug    ] Ignoring special file (link, chrdev, blkdev, fifo, socket, door). path=update.no_header.image_extract/dev/log pid=154275
2025-10-11 00:46.32 [debug    ] Ignoring special file (link, chrdev, blkdev, fifo, socket, door). path=update.no_header.image_extract/dev/stdin pid=154275
2025-10-11 00:46.32 [debug    ] Ignoring special file (link, chrdev, blkdev, fifo, socket, door). path=update.no_header.image_extract/dev/stdout pid=154275
2025-10-11 00:46.32 [debug    ] Ignoring special file (link, chrdev, blkdev, fifo, socket, door). path=update.no_header.image_extract/dev/fd pid=154275
2025-10-11 00:46.32 [debug    ] Processing directory           path=update.no_header.image_extract/var/lib pid=154275
2025-10-11 00:46.32 [debug    ] Ignoring special file (link, chrdev, blkdev, fifo, socket, door). path=update.no_header.image_extract/var/run pid=154275
2025-10-11 00:46.32 [debug    ] Ignoring special file (link, chrdev, blkdev, fifo, socket, door). path=update.no_header.image_extract/var/lock pid=154275
2025-10-11 00:46.32 [debug    ] Ignoring special file (link, chrdev, blkdev, fifo, socket, door). path=update.no_header.image_extract/var/cache pid=154275
2025-10-11 00:46.32 [debug    ] Ignoring special file (link, chrdev, blkdev, fifo, socket, door). path=update.no_header.image_extract/var/spool pid=154275
2025-10-11 00:46.32 [debug    ] Ignoring special file (link, chrdev, blkdev, fifo, socket, door). path=update.no_header.image_extract/var/tmp pid=154275
2025-10-11 00:46.32 [debug    ] Ignoring special file (link, chrdev, blkdev, fifo, socket, door). path=update.no_header.image_extract/var/log pid=154275
2025-10-11 00:46.32 [debug    ] Ignoring special file (link, chrdev, blkdev, fifo, socket, door). path=update.no_header.image_extract/bin/stty pid=154275
2025-10-11 00:46.32 [debug    ] Ignoring special file (link, chrdev, blkdev, fifo, socket, door). path=update.no_header.image_extract/bin/more pid=154275
2025-10-11 00:46.32 [debug    ] Ignoring special file (link, chrdev, blkdev, fifo, socket, door). path=update.no_header.image_extract/bin/chmod pid=154275
2025-10-11 00:46.32 [debug    ] Ignoring special file (link, chrdev, blkdev, fifo, socket, door). path=update.no_header.image_extract/bin/pwd pid=154275
2025-10-11 00:46.32 [debug    ] Ignoring special file (link, chrdev, blkdev, fifo, socket, door). path=update.no_header.image_extract/bin/grep pid=154275
2025-10-11 00:46.32 [debug    ] Ignoring special file (link, chrdev, blkdev, fifo, socket, door). path=update.no_header.image_extract/bin/ls pid=154275
2025-10-11 00:46.32 [debug    ] Detected file-magic            magic=ELF 32-bit LSB executable, ARM, EABI5 version 1\012-  (SYSV), dynamically linked, interpreter /lib/ld-linux-armhf.so.3, for GNU/Linux 3.2.0, BuildID[sha1]=4bc1ece8df6e2d1c393075c53876239d5c62111d, stripped\012- data path=update.no_header.image_extract/bin/busybox pid=154275
2025-10-11 00:46.32 [debug    ] Processing file                path=update.no_header.image_extract/bin/busybox pid=154275 size=0x64b48
2025-10-11 00:46.32 [debug    ] Calculating chunk for pattern match handler=elf32 pid=154275 real_offset=0x0 start_offset=0x0
2025-10-11 00:46.32 [debug    ] Found valid chunk              chunk=0x0-0x64b48 handler=elf32 pid=154275
2025-10-11 00:46.32 [debug    ] Ended searching for chunks     all_chunks=[0x0-0x64b48] pid=154275
2025-10-11 00:46.32 [debug    ] Removed inner chunks           outer_chunk_count=1 pid=154275 removed_inner_chunk_count=0
2025-10-11 00:46.32 [debug    ] Ignoring special file (link, chrdev, blkdev, fifo, socket, door). path=update.no_header.image_extract/bin/arch pid=154275
2025-10-11 00:46.32 [debug    ] Ignoring special file (link, chrdev, blkdev, fifo, socket, door). path=update.no_header.image_extract/bin/printenv pid=154275
2025-10-11 00:46.32 [debug    ] Ignoring special file (link, chrdev, blkdev, fifo, socket, door). path=update.no_header.image_extract/bin/chown pid=154275
2025-10-11 00:46.32 [debug    ] Ignoring special file (link, chrdev, blkdev, fifo, socket, door). path=update.no_header.image_extract/bin/hostname pid=154275
2025-10-11 00:46.32 [debug    ] Ignoring special file (link, chrdev, blkdev, fifo, socket, door). path=update.no_header.image_extract/bin/rmdir pid=154275
2025-10-11 00:46.32 [debug    ] Ignoring special file (link, chrdev, blkdev, fifo, socket, door). path=update.no_header.image_extract/bin/ln pid=154275
2025-10-11 00:46.32 [debug    ] Ignoring special file (link, chrdev, blkdev, fifo, socket, door). path=update.no_header.image_extract/bin/netstat pid=154275
2025-10-11 00:46.32 [debug    ] Ignoring special file (link, chrdev, blkdev, fifo, socket, door). path=update.no_header.image_extract/bin/egrep pid=154275
2025-10-11 00:46.32 [debug    ] Ignoring special file (link, chrdev, blkdev, fifo, socket, door). path=update.no_header.image_extract/bin/su pid=154275
2025-10-11 00:46.32 [debug    ] Ignoring special file (link, chrdev, blkdev, fifo, socket, door). path=update.no_header.image_extract/bin/vi pid=154275
2025-10-11 00:46.32 [debug    ] Ignoring special file (link, chrdev, blkdev, fifo, socket, door). path=update.no_header.image_extract/bin/mktemp pid=154275
2025-10-11 00:46.32 [debug    ] Ignoring special file (link, chrdev, blkdev, fifo, socket, door). path=update.no_header.image_extract/bin/false pid=154275
2025-10-11 00:46.32 [debug    ] Ignoring special file (link, chrdev, blkdev, fifo, socket, door). path=update.no_header.image_extract/bin/dmesg pid=154275
2025-10-11 00:46.32 [debug    ] Ignoring special file (link, chrdev, blkdev, fifo, socket, door). path=update.no_header.image_extract/bin/link pid=154275
2025-10-11 00:46.32 [debug    ] Ignoring special file (link, chrdev, blkdev, fifo, socket, door). path=update.no_header.image_extract/bin/mknod pid=154275
2025-10-11 00:46.32 [debug    ] Ignoring special file (link, chrdev, blkdev, fifo, socket, door). path=update.no_header.image_extract/bin/true pid=154275
2025-10-11 00:46.32 [debug    ] Ignoring special file (link, chrdev, blkdev, fifo, socket, door). path=update.no_header.image_extract/bin/umount pid=154275
2025-10-11 00:46.32 [debug    ] Ignoring special file (link, chrdev, blkdev, fifo, socket, door). path=update.no_header.image_extract/bin/df pid=154275
2025-10-11 00:46.32 [debug    ] Ignoring special file (link, chrdev, blkdev, fifo, socket, door). path=update.no_header.image_extract/bin/echo pid=154275
2025-10-11 00:46.32 [debug    ] Ignoring special file (link, chrdev, blkdev, fifo, socket, door). path=update.no_header.image_extract/bin/dd pid=154275
2025-10-11 00:46.32 [debug    ] Ignoring special file (link, chrdev, blkdev, fifo, socket, door). path=update.no_header.image_extract/bin/rm pid=154275
2025-10-11 00:46.32 [debug    ] Ignoring special file (link, chrdev, blkdev, fifo, socket, door). path=update.no_header.image_extract/bin/fgrep pid=154275
2025-10-11 00:46.32 [debug    ] Ignoring special file (link, chrdev, blkdev, fifo, socket, door). path=update.no_header.image_extract/bin/sleep pid=154275
2025-10-11 00:46.32 [debug    ] Ignoring special file (link, chrdev, blkdev, fifo, socket, door). path=update.no_header.image_extract/bin/touch pid=154275
2025-10-11 00:46.32 [debug    ] Ignoring special file (link, chrdev, blkdev, fifo, socket, door). path=update.no_header.image_extract/bin/base64 pid=154275
2025-10-11 00:46.32 [debug    ] Ignoring special file (link, chrdev, blkdev, fifo, socket, door). path=update.no_header.image_extract/bin/ping pid=154275
2025-10-11 00:46.32 [debug    ] Ignoring special file (link, chrdev, blkdev, fifo, socket, door). path=update.no_header.image_extract/bin/gunzip pid=154275
2025-10-11 00:46.32 [debug    ] Ignoring special file (link, chrdev, blkdev, fifo, socket, door). path=update.no_header.image_extract/bin/kill pid=154275
2025-10-11 00:46.32 [debug    ] Ignoring special file (link, chrdev, blkdev, fifo, socket, door). path=update.no_header.image_extract/bin/nice pid=154275
2025-10-11 00:46.32 [debug    ] Ignoring special file (link, chrdev, blkdev, fifo, socket, door). path=update.no_header.image_extract/bin/date pid=154275
2025-10-11 00:46.32 [debug    ] Ignoring special file (link, chrdev, blkdev, fifo, socket, door). path=update.no_header.image_extract/bin/login pid=154275
2025-10-11 00:46.32 [debug    ] Ignoring special file (link, chrdev, blkdev, fifo, socket, door). path=update.no_header.image_extract/bin/mount pid=154275
2025-10-11 00:46.32 [debug    ] Ignoring special file (link, chrdev, blkdev, fifo, socket, door). path=update.no_header.image_extract/bin/sed pid=154275
2025-10-11 00:46.32 [debug    ] Ignoring special file (link, chrdev, blkdev, fifo, socket, door). path=update.no_header.image_extract/bin/setpriv pid=154275
2025-10-11 00:46.32 [debug    ] Ignoring special file (link, chrdev, blkdev, fifo, socket, door). path=update.no_header.image_extract/bin/mv pid=154275
2025-10-11 00:46.32 [debug    ] Ignoring special file (link, chrdev, blkdev, fifo, socket, door). path=update.no_header.image_extract/bin/sync pid=154275
2025-10-11 00:46.32 [debug    ] Ignoring special file (link, chrdev, blkdev, fifo, socket, door). path=update.no_header.image_extract/bin/tar pid=154275
2025-10-11 00:46.32 [debug    ] Ignoring special file (link, chrdev, blkdev, fifo, socket, door). path=update.no_header.image_extract/bin/ash pid=154275
2025-10-11 00:46.32 [debug    ] Ignoring special file (link, chrdev, blkdev, fifo, socket, door). path=update.no_header.image_extract/bin/setserial pid=154275
2025-10-11 00:46.32 [debug    ] Ignoring special file (link, chrdev, blkdev, fifo, socket, door). path=update.no_header.image_extract/bin/ps pid=154275
2025-10-11 00:46.32 [debug    ] Ignoring special file (link, chrdev, blkdev, fifo, socket, door). path=update.no_header.image_extract/bin/cat pid=154275
2025-10-11 00:46.32 [debug    ] Ignoring special file (link, chrdev, blkdev, fifo, socket, door). path=update.no_header.image_extract/bin/dnsdomainname pid=154275
2025-10-11 00:46.32 [debug    ] Ignoring special file (link, chrdev, blkdev, fifo, socket, door). path=update.no_header.image_extract/bin/cp pid=154275
2025-10-11 00:46.32 [debug    ] Ignoring special file (link, chrdev, blkdev, fifo, socket, door). path=update.no_header.image_extract/bin/mkdir pid=154275
2025-10-11 00:46.32 [debug    ] Calculating chunk for pattern match handler=elf32 pid=154290 real_offset=0x0 start_offset=0x0
2025-10-11 00:46.32 [debug    ] Ignoring special file (link, chrdev, blkdev, fifo, socket, door). path=update.no_header.image_extract/bin/uname pid=154275
2025-10-11 00:46.32 [debug    ] Ignoring special file (link, chrdev, blkdev, fifo, socket, door). path=update.no_header.image_extract/bin/usleep pid=154275
2025-10-11 00:46.32 [debug    ] Ignoring special file (link, chrdev, blkdev, fifo, socket, door). path=update.no_header.image_extract/bin/sh pid=154275
2025-10-11 00:46.32 [debug    ] Processing directory           path=update.no_header.image_extract/usr/sbin pid=154275
2025-10-11 00:46.32 [debug    ] Processing directory           path=update.no_header.image_extract/usr/lib pid=154275
2025-10-11 00:46.32 [debug    ] Processing directory           path=update.no_header.image_extract/usr/bin pid=154275
2025-10-11 00:46.32 [debug    ] Ignoring special file (link, chrdev, blkdev, fifo, socket, door). path=update.no_header.image_extract/usr/lib32 pid=154275
2025-10-11 00:46.32 [debug    ] Found valid chunk              chunk=0x0-0x25d4 handler=elf32 pid=154290
2025-10-11 00:46.32 [debug    ] Ended searching for chunks     all_chunks=[0x0-0x25d4] pid=154290
2025-10-11 00:46.32 [debug    ] Removed inner chunks           outer_chunk_count=1 pid=154290 removed_inner_chunk_count=0
2025-10-11 00:46.32 [debug    ] Detected file-magic            magic=ASCII text path=update.no_header.image_extract/etc/hosts pid=154275
2025-10-11 00:46.32 [debug    ] Processing file                path=update.no_header.image_extract/etc/hosts pid=154275 size=0x27
2025-10-11 00:46.32 [debug    ] Ended searching for chunks     all_chunks=[] pid=154275
2025-10-11 00:46.32 [debug    ] Detected file-magic            magic=ASCII text path=update.no_header.image_extract/etc/group pid=154275
2025-10-11 00:46.32 [debug    ] Processing file                path=update.no_header.image_extract/etc/group pid=154275 size=0x133
2025-10-11 00:46.32 [debug    ] Detected file-magic            magic=ASCII text path=update.no_header.image_extract/etc/bitmain.pub pid=154290
2025-10-11 00:46.32 [debug    ] Ended searching for chunks     all_chunks=[] pid=154275
2025-10-11 00:46.32 [debug    ] Processing file                path=update.no_header.image_extract/etc/bitmain.pub pid=154290 size=0x1c3
2025-10-11 00:46.32 [debug    ] Ended searching for chunks     all_chunks=[] pid=154290
2025-10-11 00:46.32 [debug    ] Detected file-magic            magic=ASCII text path=update.no_header.image_extract/etc/nsswitch.conf pid=154290
2025-10-11 00:46.32 [debug    ] Processing file                path=update.no_header.image_extract/etc/nsswitch.conf pid=154290 size=0xe6
2025-10-11 00:46.32 [debug    ] Ended searching for chunks     all_chunks=[] pid=154290
2025-10-11 00:46.32 [debug    ] Detected file-magic            magic=ASCII text path=update.no_header.image_extract/etc/hostname pid=154290
2025-10-11 00:46.32 [debug    ] Processing file                path=update.no_header.image_extract/etc/hostname pid=154290 size=0x9
2025-10-11 00:46.32 [debug    ] Ended searching for chunks     all_chunks=[] pid=154290
2025-10-11 00:46.32 [debug    ] Detected file-magic            magic=ASCII text path=update.no_header.image_extract/etc/services pid=154275
2025-10-11 00:46.32 [debug    ] Processing file                path=update.no_header.image_extract/etc/services pid=154275 size=0x2a79
2025-10-11 00:46.32 [debug    ] Ended searching for chunks     all_chunks=[] pid=154275
2025-10-11 00:46.32 [debug    ] Processing directory           path=update.no_header.image_extract/etc/ssl pid=154275
2025-10-11 00:46.32 [debug    ] Detected file-magic            magic=ASCII text path=update.no_header.image_extract/etc/shadow.factory pid=154290
2025-10-11 00:46.32 [debug    ] Processing file                path=update.no_header.image_extract/etc/shadow.factory pid=154290 size=0x2fe
2025-10-11 00:46.32 [debug    ] Ended searching for chunks     all_chunks=[] pid=154290
2025-10-11 00:46.32 [debug    ] Detected file-magic            magic=ASCII text path=update.no_header.image_extract/etc/passwd pid=154275
2025-10-11 00:46.32 [debug    ] Processing file                path=update.no_header.image_extract/etc/passwd pid=154275 size=0x154
2025-10-11 00:46.32 [debug    ] Ended searching for chunks     all_chunks=[] pid=154275
2025-10-11 00:46.32 [debug    ] Processing directory           path=update.no_header.image_extract/etc/init.d pid=154275
2025-10-11 00:46.32 [debug    ] Detected file-magic            magic=ASCII text path=update.no_header.image_extract/etc/shells pid=154290
2025-10-11 00:46.32 [debug    ] Processing file                path=update.no_header.image_extract/etc/shells pid=154290 size=0x8
2025-10-11 00:46.32 [debug    ] Ignoring special file (link, chrdev, blkdev, fifo, socket, door). path=update.no_header.image_extract/etc/mtab pid=154275
2025-10-11 00:46.32 [debug    ] Ended searching for chunks     all_chunks=[] pid=154290
2025-10-11 00:46.32 [debug    ] Ignoring special file (link, chrdev, blkdev, fifo, socket, door). path=update.no_header.image_extract/etc/os-release pid=154290
2025-10-11 00:46.32 [debug    ] Processing directory           path=update.no_header.image_extract/etc/udhcpc pid=154290
2025-10-11 00:46.32 [debug    ] Ended searching for chunks     all_chunks=[] pid=154279
2025-10-11 00:46.32 [debug    ] Processing directory           path=update.no_header.image_extract/etc/profile.d pid=154290
2025-10-11 00:46.32 [debug    ] Detected file-magic            magic=ASCII text path=update.no_header.image_extract/etc/profile pid=154275
2025-10-11 00:46.32 [debug    ] Calculating chunk for pattern match handler=elf32 pid=154284 real_offset=0x0 start_offset=0x0
2025-10-11 00:46.32 [debug    ] Ignoring special file (link, chrdev, blkdev, fifo, socket, door). path=update.no_header.image_extract/etc/resolv.conf pid=154290
2025-10-11 00:46.32 [debug    ] Processing file                path=update.no_header.image_extract/etc/profile pid=154275 size=0x19e
2025-10-11 00:46.32 [debug    ] Ended searching for chunks     all_chunks=[] pid=154275
2025-10-11 00:46.32 [debug    ] Calculating chunk for pattern match handler=elf32 pid=154277 real_offset=0x0 start_offset=0x0
2025-10-11 00:46.32 [debug    ] Detected file-magic            magic=ASCII text path=update.no_header.image_extract/etc/issue pid=154290
2025-10-11 00:46.32 [debug    ] Calculating chunk for pattern match handler=elf32 pid=154278 real_offset=0x0 start_offset=0x0
2025-10-11 00:46.32 [debug    ] Calculating chunk for pattern match handler=elf32 pid=154289 real_offset=0x0 start_offset=0x0
2025-10-11 00:46.32 [debug    ] Processing file                path=update.no_header.image_extract/etc/issue pid=154290 size=0x14
2025-10-11 00:46.32 [debug    ] Ended searching for chunks     all_chunks=[] pid=154290
2025-10-11 00:46.32 [debug    ] Detected file-magic            magic=ASCII text path=update.no_header.image_extract/etc/inittab pid=154279
2025-10-11 00:46.32 [debug    ] Detected file-magic            magic=ASCII text path=update.no_header.image_extract/etc/shadow pid=154290
2025-10-11 00:46.32 [debug    ] Detected file-magic            magic=ASCII text path=update.no_header.image_extract/etc/protocols pid=154275
2025-10-11 00:46.32 [debug    ] Processing file                path=update.no_header.image_extract/etc/inittab pid=154279 size=0x3ad
2025-10-11 00:46.32 [debug    ] Processing file                path=update.no_header.image_extract/etc/protocols pid=154275 size=0xab8
2025-10-11 00:46.32 [debug    ] Processing file                path=update.no_header.image_extract/etc/shadow pid=154290 size=0xf4
2025-10-11 00:46.32 [debug    ] Ended searching for chunks     all_chunks=[] pid=154275
2025-10-11 00:46.32 [debug    ] Ended searching for chunks     all_chunks=[] pid=154290
2025-10-11 00:46.32 [debug    ] Ended searching for chunks     all_chunks=[] pid=154279
2025-10-11 00:46.32 [debug    ] Ignoring special file (link, chrdev, blkdev, fifo, socket, door). path=update.no_header.image_extract/lib/debug/libstdc++.so.6 pid=154279
2025-10-11 00:46.32 [debug    ] Calculating chunk for pattern match handler=elf32 pid=154282 real_offset=0x0 start_offset=0x0
2025-10-11 00:46.32 [debug    ] Calculating chunk for pattern match handler=elf32 pid=154276 real_offset=0x0 start_offset=0x0
2025-10-11 00:46.32 [debug    ] Ignoring special file (link, chrdev, blkdev, fifo, socket, door). path=update.no_header.image_extract/var/lib/misc pid=154279
2025-10-11 00:46.32 [debug    ] Ignoring special file (link, chrdev, blkdev, fifo, socket, door). path=update.no_header.image_extract/usr/sbin/flash_eraseall pid=154279
2025-10-11 00:46.32 [debug    ] Calculating chunk for pattern match handler=elf32 pid=154283 real_offset=0x0 start_offset=0x0
2025-10-11 00:46.32 [debug    ] Calculating chunk for pattern match handler=elf32 pid=154281 real_offset=0x0 start_offset=0x0
2025-10-11 00:46.32 [debug    ] Detected file-magic            magic=ASCII text path=update.no_header.image_extract/etc/fstab pid=154275
2025-10-11 00:46.32 [debug    ] Calculating chunk for pattern match handler=elf32 pid=154280 real_offset=0x0 start_offset=0x0
2025-10-11 00:46.32 [debug    ] Processing file                path=update.no_header.image_extract/etc/fstab pid=154275 size=0x14e
2025-10-11 00:46.32 [debug    ] Ended searching for chunks     all_chunks=[] pid=154275
2025-10-11 00:46.32 [debug    ] Detected file-magic            magic=ELF 32-bit LSB executable, ARM, EABI5 version 1\012-  (SYSV), dynamically linked, interpreter /lib/ld-linux-armhf.so.3, for GNU/Linux 3.2.0, BuildID[sha1]=68afa763065140b47d4f0dc6771e18d428cfae64, stripped\012- data path=update.no_header.image_extract/usr/sbin/ubimkvol pid=154279
2025-10-11 00:46.32 [debug    ] Processing file                path=update.no_header.image_extract/usr/sbin/ubimkvol pid=154279 size=0x6608
2025-10-11 00:46.32 [debug    ] Calculating chunk for pattern match handler=elf32 pid=154279 real_offset=0x0 start_offset=0x0
2025-10-11 00:46.32 [debug    ] Ended searching for chunks     all_chunks=[] pid=154287
2025-10-11 00:46.32 [debug    ] Detected file-magic            magic=ELF 32-bit LSB executable, ARM, EABI5 version 1\012-  (SYSV), dynamically linked, interpreter /lib/ld-linux-armhf.so.3, for GNU/Linux 3.2.0, BuildID[sha1]=bbac690c66fdd4dca80570257c5f9c67c35ae3af, stripped\012- data path=update.no_header.image_extract/usr/sbin/ubiformat pid=154275
2025-10-11 00:46.32 [debug    ] Detected file-magic            magic=ELF 32-bit LSB shared object, ARM, EABI5 version 1\012-  (GNU/Linux), dynamically linked, BuildID[sha1]=581dc6fe25c36ae838caeeab8e4e18791e65a03d, stripped\012- data path=update.no_header.image_extract/lib/debug/libstdc++.so.6.0.24 pid=154290
2025-10-11 00:46.32 [debug    ] Ignoring special file (link, chrdev, blkdev, fifo, socket, door). path=update.no_header.image_extract/usr/sbin/ether-wake pid=154287
2025-10-11 00:46.32 [debug    ] Processing file                path=update.no_header.image_extract/usr/sbin/ubiformat pid=154275 size=0xf648
2025-10-11 00:46.32 [debug    ] Found valid chunk              chunk=0x0-0x5510 handler=elf32 pid=154284
2025-10-11 00:46.32 [debug    ] Ended searching for chunks     all_chunks=[0x0-0x5510] pid=154284
2025-10-11 00:46.32 [debug    ] Removed inner chunks           outer_chunk_count=1 pid=154284 removed_inner_chunk_count=0
2025-10-11 00:46.32 [debug    ] Detected file-magic            magic=ELF 32-bit LSB executable, ARM, EABI5 version 1\012-  (SYSV), dynamically linked, interpreter /lib/ld-linux-armhf.so.3, for GNU/Linux 3.2.0, BuildID[sha1]=875e27871ae940ca5a2bcfb411b855cd43699a04, stripped\012- data path=update.no_header.image_extract/usr/sbin/ubidetach pid=154287
2025-10-11 00:46.32 [debug    ] Calculating chunk for pattern match handler=elf32 pid=154275 real_offset=0x0 start_offset=0x0
2025-10-11 00:46.32 [debug    ] Processing file                path=update.no_header.image_extract/usr/sbin/ubidetach pid=154287 size=0x55d4
2025-10-11 00:46.32 [debug    ] Found valid chunk              chunk=0x0-0xd720 handler=elf32 pid=154289
2025-10-11 00:46.32 [debug    ] Found valid chunk              chunk=0x0-0xf648 handler=elf32 pid=154275
2025-10-11 00:46.32 [debug    ] Ended searching for chunks     all_chunks=[0x0-0xd720] pid=154289
2025-10-11 00:46.32 [debug    ] Ended searching for chunks     all_chunks=[0x0-0xf648] pid=154275
2025-10-11 00:46.32 [debug    ] Calculating chunk for pattern match handler=elf32 pid=154287 real_offset=0x0 start_offset=0x0
2025-10-11 00:46.32 [debug    ] Removed inner chunks           outer_chunk_count=1 pid=154289 removed_inner_chunk_count=0
2025-10-11 00:46.32 [debug    ] Removed inner chunks           outer_chunk_count=1 pid=154275 removed_inner_chunk_count=0
2025-10-11 00:46.32 [debug    ] Found valid chunk              chunk=0x0-0x36e8 handler=elf32 pid=154278
2025-10-11 00:46.32 [debug    ] Ended searching for chunks     all_chunks=[0x0-0x36e8] pid=154278
2025-10-11 00:46.32 [debug    ] Found valid chunk              chunk=0x0-0x4640 handler=elf32 pid=154277
2025-10-11 00:46.32 [debug    ] Removed inner chunks           outer_chunk_count=1 pid=154278 removed_inner_chunk_count=0
2025-10-11 00:46.32 [debug    ] Ended searching for chunks     all_chunks=[0x0-0x4640] pid=154277
2025-10-11 00:46.32 [debug    ] Calculating chunk for pattern match handler=elf32 pid=154285 real_offset=0x0 start_offset=0x0
2025-10-11 00:46.32 [debug    ] Removed inner chunks           outer_chunk_count=1 pid=154277 removed_inner_chunk_count=0
2025-10-11 00:46.32 [debug    ] Detected file-magic            magic=ELF 32-bit LSB executable, ARM, EABI5 version 1\012-  (SYSV), dynamically linked, interpreter /lib/ld-linux-armhf.so.3, for GNU/Linux 3.2.0, BuildID[sha1]=f6dce0609e579c19b9aa139bc9b39943d3105f3b, stripped\012- data path=update.no_header.image_extract/usr/sbin/flash_erase pid=154284
2025-10-11 00:46.32 [debug    ] Ignoring special file (link, chrdev, blkdev, fifo, socket, door). path=update.no_header.image_extract/usr/sbin/chroot pid=154275
2025-10-11 00:46.32 [debug    ] Processing file                path=update.no_header.image_extract/lib/debug/libstdc++.so.6.0.24 pid=154290 size=0x11ed3c
2025-10-11 00:46.32 [debug    ] Processing file                path=update.no_header.image_extract/usr/sbin/flash_erase pid=154284 size=0x75e4
2025-10-11 00:46.32 [debug    ] Calculating chunk for pattern match handler=elf32 pid=154290 real_offset=0x0 start_offset=0x0
2025-10-11 00:46.32 [debug    ] Calculating chunk for pattern match handler=elf32 pid=154284 real_offset=0x0 start_offset=0x0
2025-10-11 00:46.32 [debug    ] Found valid chunk              chunk=0x0-0x11ed3c handler=elf32 pid=154290
2025-10-11 00:46.32 [debug    ] Detected file-magic            magic=ELF 32-bit LSB executable, ARM, EABI5 version 1\012-  (SYSV), dynamically linked, interpreter /lib/ld-linux-armhf.so.3, for GNU/Linux 3.2.0, BuildID[sha1]=03b4ad0103b90260a07f9fefbda00be1ad2f3bb4, stripped\012- data path=update.no_header.image_extract/usr/sbin/mtdinfo pid=154289
2025-10-11 00:46.32 [debug    ] Detected file-magic            magic=ELF 32-bit LSB executable, ARM, EABI5 version 1\012-  (SYSV), dynamically linked, interpreter /lib/ld-linux-armhf.so.3, for GNU/Linux 3.2.0, BuildID[sha1]=8a22c83bc1b22c58a4ad415fc448085e846432a0, stripped\012- data path=update.no_header.image_extract/usr/sbin/ubirmvol pid=154278
2025-10-11 00:46.32 [debug    ] Found valid chunk              chunk=0x0-0x75e4 handler=elf32 pid=154284
2025-10-11 00:46.32 [debug    ] Ended searching for chunks     all_chunks=[0x0-0x75e4] pid=154284
2025-10-11 00:46.32 [debug    ] Detected file-magic            magic=ELF 32-bit LSB executable, ARM, EABI5 version 1\012-  (SYSV), dynamically linked, interpreter /lib/ld-linux-armhf.so.3, for GNU/Linux 3.2.0, BuildID[sha1]=951429cc214343dcf32fd40d59e625535338d9ff, stripped\012- data path=update.no_header.image_extract/usr/sbin/nanddump pid=154277
2025-10-11 00:46.32 [debug    ] Removed inner chunks           outer_chunk_count=1 pid=154284 removed_inner_chunk_count=0
2025-10-11 00:46.32 [debug    ] Processing file                path=update.no_header.image_extract/usr/sbin/mtdinfo pid=154289 size=0x95e8
2025-10-11 00:46.32 [debug    ] Processing file                path=update.no_header.image_extract/usr/sbin/ubirmvol pid=154278 size=0x55d0
2025-10-11 00:46.32 [debug    ] Detected file-magic            magic=ELF 32-bit LSB executable, ARM, EABI5 version 1\012-  (SYSV), dynamically linked, interpreter /lib/ld-linux-armhf.so.3, for GNU/Linux 3.2.0, BuildID[sha1]=abdfb79357459f7c888d1ef5b31d6e6d8acfef03, stripped\012- data path=update.no_header.image_extract/usr/sbin/nandwrite pid=154275
2025-10-11 00:46.32 [debug    ] Calculating chunk for pattern match handler=elf32 pid=154289 real_offset=0x0 start_offset=0x0
2025-10-11 00:46.32 [debug    ] Calculating chunk for pattern match handler=elf32 pid=154278 real_offset=0x0 start_offset=0x0
2025-10-11 00:46.32 [debug    ] Processing file                path=update.no_header.image_extract/usr/sbin/nanddump pid=154277 size=0x85e8
2025-10-11 00:46.32 [debug    ] Ignoring special file (link, chrdev, blkdev, fifo, socket, door). path=update.no_header.image_extract/usr/sbin/deluser pid=154284
2025-10-11 00:46.32 [debug    ] Calculating chunk for pattern match handler=elf32 pid=154277 real_offset=0x0 start_offset=0x0
2025-10-11 00:46.32 [debug    ] Processing file                path=update.no_header.image_extract/usr/sbin/nandwrite pid=154275 size=0x85e4
2025-10-11 00:46.32 [debug    ] Found valid chunk              chunk=0x0-0x95e8 handler=elf32 pid=154289
2025-10-11 00:46.32 [debug    ] Found valid chunk              chunk=0x0-0x55d0 handler=elf32 pid=154278
2025-10-11 00:46.32 [debug    ] Ended searching for chunks     all_chunks=[0x0-0x95e8] pid=154289
2025-10-11 00:46.32 [debug    ] Calculating chunk for pattern match handler=elf32 pid=154275 real_offset=0x0 start_offset=0x0
2025-10-11 00:46.32 [debug    ] Ended searching for chunks     all_chunks=[0x0-0x55d0] pid=154278
2025-10-11 00:46.32 [debug    ] Removed inner chunks           outer_chunk_count=1 pid=154289 removed_inner_chunk_count=0
2025-10-11 00:46.32 [debug    ] Removed inner chunks           outer_chunk_count=1 pid=154278 removed_inner_chunk_count=0
2025-10-11 00:46.32 [debug    ] Found valid chunk              chunk=0x0-0x85e8 handler=elf32 pid=154277
2025-10-11 00:46.32 [debug    ] Ended searching for chunks     all_chunks=[0x0-0x85e8] pid=154277
2025-10-11 00:46.32 [debug    ] Removed inner chunks           outer_chunk_count=1 pid=154277 removed_inner_chunk_count=0
2025-10-11 00:46.32 [debug    ] Found valid chunk              chunk=0x0-0x85e4 handler=elf32 pid=154275
2025-10-11 00:46.32 [debug    ] Ended searching for chunks     all_chunks=[0x0-0x85e4] pid=154275
2025-10-11 00:46.32 [debug    ] Removed inner chunks           outer_chunk_count=1 pid=154275 removed_inner_chunk_count=0
2025-10-11 00:46.32 [debug    ] Ignoring special file (link, chrdev, blkdev, fifo, socket, door). path=update.no_header.image_extract/usr/sbin/adduser pid=154289
2025-10-11 00:46.32 [debug    ] Detected file-magic            magic=ELF 32-bit LSB executable, ARM, EABI5 version 1\012-  (SYSV), dynamically linked, interpreter /lib/ld-linux-armhf.so.3, for GNU/Linux 3.2.0, BuildID[sha1]=d9a69e3b813c6635f2dfe488ebb975de4c8f9fd8, stripped\012- data path=update.no_header.image_extract/usr/sbin/ubinfo pid=154284
2025-10-11 00:46.32 [debug    ] Found valid chunk              chunk=0x0-0x3614 handler=elf32 pid=154282
2025-10-11 00:46.32 [debug    ] Found valid chunk              chunk=0x0-0x5774 handler=elf32 pid=154276
2025-10-11 00:46.32 [debug    ] Ended searching for chunks     all_chunks=[0x0-0x3614] pid=154282
2025-10-11 00:46.32 [debug    ] Ignoring special file (link, chrdev, blkdev, fifo, socket, door). path=update.no_header.image_extract/usr/sbin/fsfreeze pid=154289
2025-10-11 00:46.32 [debug    ] Ended searching for chunks     all_chunks=[0x0-0x5774] pid=154276
2025-10-11 00:46.32 [debug    ] Found valid chunk              chunk=0x0-0x7608 handler=elf32 pid=154283
2025-10-11 00:46.32 [debug    ] Found valid chunk              chunk=0x0-0x8910 handler=elf32 pid=154281
2025-10-11 00:46.32 [debug    ] Ignoring special file (link, chrdev, blkdev, fifo, socket, door). path=update.no_header.image_extract/usr/lib/libz.so pid=154275
2025-10-11 00:46.32 [debug    ] Removed inner chunks           outer_chunk_count=1 pid=154282 removed_inner_chunk_count=0
2025-10-11 00:46.32 [debug    ] Removed inner chunks           outer_chunk_count=1 pid=154276 removed_inner_chunk_count=0
2025-10-11 00:46.32 [debug    ] Processing file                path=update.no_header.image_extract/usr/sbin/ubinfo pid=154284 size=0x65f0
2025-10-11 00:46.32 [debug    ] Ended searching for chunks     all_chunks=[0x0-0x8910] pid=154281
2025-10-11 00:46.32 [debug    ] Ended searching for chunks     all_chunks=[0x0-0x7608] pid=154283
2025-10-11 00:46.32 [debug    ] Removed inner chunks           outer_chunk_count=1 pid=154281 removed_inner_chunk_count=0
2025-10-11 00:46.32 [debug    ] Removed inner chunks           outer_chunk_count=1 pid=154283 removed_inner_chunk_count=0
2025-10-11 00:46.32 [debug    ] Ended searching for chunks     all_chunks=[0x0-0x11ed3c] pid=154290
2025-10-11 00:46.32 [debug    ] Ignoring special file (link, chrdev, blkdev, fifo, socket, door). path=update.no_header.image_extract/usr/lib/libssl.so pid=154275
2025-10-11 00:46.32 [debug    ] Calculating chunk for pattern match handler=elf32 pid=154284 real_offset=0x0 start_offset=0x0
2025-10-11 00:46.32 [debug    ] Detected file-magic            magic=ELF 32-bit LSB executable, ARM, EABI5 version 1\012-  (SYSV), dynamically linked, interpreter /lib/ld-linux-armhf.so.3, for GNU/Linux 3.2.0, BuildID[sha1]=3c022605846048187b2467225bca34c2809291c2, stripped\012- data path=update.no_header.image_extract/usr/sbin/ubiattach pid=154278
2025-10-11 00:46.32 [debug    ] Removed inner chunks           outer_chunk_count=1 pid=154290 removed_inner_chunk_count=0
2025-10-11 00:46.32 [debug    ] Found valid chunk              chunk=0x0-0xf8dd0 handler=elf32 pid=154280
2025-10-11 00:46.32 [debug    ] Ended searching for chunks     all_chunks=[0x0-0xf8dd0] pid=154280
2025-10-11 00:46.32 [debug    ] Found valid chunk              chunk=0x0-0x65f0 handler=elf32 pid=154284
2025-10-11 00:46.32 [debug    ] Processing file                path=update.no_header.image_extract/usr/sbin/ubiattach pid=154278 size=0x65f4
2025-10-11 00:46.32 [debug    ] Removed inner chunks           outer_chunk_count=1 pid=154280 removed_inner_chunk_count=0
2025-10-11 00:46.32 [debug    ] Ignoring special file (link, chrdev, blkdev, fifo, socket, door). path=update.no_header.image_extract/usr/lib/libevent-2.1.so.6 pid=154276
2025-10-11 00:46.32 [debug    ] Ended searching for chunks     all_chunks=[0x0-0x65f0] pid=154284
2025-10-11 00:46.32 [debug    ] Detected file-magic            magic=ELF 32-bit LSB shared object, ARM, EABI5 version 1\012-  (SYSV), dynamically linked, BuildID[sha1]=6668f78f5baa893bbc93ef9a74ed3dc99fcb7805, stripped\012- data path=update.no_header.image_extract/usr/lib/libevent_openssl-2.1.so.6.0.2 pid=154289
2025-10-11 00:46.32 [debug    ] Removed inner chunks           outer_chunk_count=1 pid=154284 removed_inner_chunk_count=0
2025-10-11 00:46.32 [debug    ] Calculating chunk for pattern match handler=elf32 pid=154278 real_offset=0x0 start_offset=0x0
2025-10-11 00:46.32 [debug    ] Processing file                path=update.no_header.image_extract/usr/lib/libevent_openssl-2.1.so.6.0.2 pid=154289 size=0x4644
2025-10-11 00:46.32 [debug    ] Ignoring special file (link, chrdev, blkdev, fifo, socket, door). path=update.no_header.image_extract/usr/lib/libevent.so pid=154284
2025-10-11 00:46.32 [debug    ] Found valid chunk              chunk=0x0-0x65f4 handler=elf32 pid=154278
2025-10-11 00:46.32 [debug    ] Calculating chunk for pattern match handler=elf32 pid=154289 real_offset=0x0 start_offset=0x0
2025-10-11 00:46.32 [debug    ] Ended searching for chunks     all_chunks=[0x0-0x65f4] pid=154278
2025-10-11 00:46.32 [debug    ] Detected file-magic            magic=ELF 32-bit LSB shared object, ARM, EABI5 version 1\012-  (SYSV), dynamically linked, BuildID[sha1]=d0ccd90075d440cabf59d32a2259b55af9d71237, stripped\012- data path=update.no_header.image_extract/usr/lib/libz.so.1.2.11 pid=154275
2025-10-11 00:46.32 [debug    ] Ignoring special file (link, chrdev, blkdev, fifo, socket, door). path=update.no_header.image_extract/usr/lib/libevent_pthreads-2.1.so.6 pid=154283
2025-10-11 00:46.32 [debug    ] Removed inner chunks           outer_chunk_count=1 pid=154278 removed_inner_chunk_count=0
2025-10-11 00:46.32 [debug    ] Detected file-magic            magic=ELF 32-bit LSB shared object, ARM, EABI5 version 1\012-  (SYSV), dynamically linked, BuildID[sha1]=7abcacaa24f83f1593e8bf7ee1b84a44c9ccad7d, stripped\012- data path=update.no_header.image_extract/usr/lib/libdaemon.so.0.5.0 pid=154281
2025-10-11 00:46.32 [debug    ] Ignoring special file (link, chrdev, blkdev, fifo, socket, door). path=update.no_header.image_extract/usr/lib/libaio.so.1 pid=154284
2025-10-11 00:46.32 [debug    ] Found valid chunk              chunk=0x0-0x4644 handler=elf32 pid=154289
2025-10-11 00:46.32 [debug    ] Ignoring special file (link, chrdev, blkdev, fifo, socket, door). path=update.no_header.image_extract/usr/lib/libdaemon.so.0 pid=154284
2025-10-11 00:46.32 [debug    ] Ignoring special file (link, chrdev, blkdev, fifo, socket, door). path=update.no_header.image_extract/usr/lib/libevent_pthreads.so pid=154283
2025-10-11 00:46.32 [debug    ] Detected file-magic            magic=ELF 32-bit LSB shared object, ARM, EABI5 version 1\012-  (SYSV), dynamically linked, BuildID[sha1]=d4894824da0671dd114cfc6fd81085e650e9a570, stripped\012- data path=update.no_header.image_extract/usr/lib/libevent-2.1.so.6.0.2 pid=154282
2025-10-11 00:46.32 [debug    ] Found valid chunk              chunk=0x0-0x6608 handler=elf32 pid=154279
2025-10-11 00:46.32 [debug    ] Ended searching for chunks     all_chunks=[0x0-0x4644] pid=154289
2025-10-11 00:46.32 [debug    ] Removed inner chunks           outer_chunk_count=1 pid=154289 removed_inner_chunk_count=0
2025-10-11 00:46.32 [debug    ] Ignoring special file (link, chrdev, blkdev, fifo, socket, door). path=update.no_header.image_extract/usr/lib/libaio.so pid=154278
2025-10-11 00:46.32 [debug    ] Ended searching for chunks     all_chunks=[0x0-0x6608] pid=154279
2025-10-11 00:46.32 [debug    ] Processing file                path=update.no_header.image_extract/usr/lib/libz.so.1.2.11 pid=154275 size=0x13610
2025-10-11 00:46.32 [debug    ] Processing file                path=update.no_header.image_extract/usr/lib/libdaemon.so.0.5.0 pid=154281 size=0x55f4
2025-10-11 00:46.32 [debug    ] Ignoring special file (link, chrdev, blkdev, fifo, socket, door). path=update.no_header.image_extract/usr/lib/libexpat.so.1 pid=154283
2025-10-11 00:46.32 [debug    ] Removed inner chunks           outer_chunk_count=1 pid=154279 removed_inner_chunk_count=0
2025-10-11 00:46.32 [debug    ] Detected file-magic            magic=ELF 32-bit LSB shared object, ARM, EABI5 version 1\012-  (SYSV), dynamically linked, BuildID[sha1]=3a4aad36c2ee840a2cdcd62af72d3b612eb9814b, stripped\012- data path=update.no_header.image_extract/usr/lib/libexpat.so.1.6.10 pid=154276
2025-10-11 00:46.32 [debug    ] Ignoring special file (link, chrdev, blkdev, fifo, socket, door). path=update.no_header.image_extract/usr/lib/libevent_core-2.1.so.6 pid=154278
2025-10-11 00:46.32 [debug    ] Calculating chunk for pattern match handler=elf32 pid=154281 real_offset=0x0 start_offset=0x0
2025-10-11 00:46.32 [debug    ] Calculating chunk for pattern match handler=elf32 pid=154275 real_offset=0x0 start_offset=0x0
2025-10-11 00:46.32 [debug    ] Ignoring special file (link, chrdev, blkdev, fifo, socket, door). path=update.no_header.image_extract/usr/lib/libdaemon.so pid=154289
2025-10-11 00:46.32 [debug    ] Found valid chunk              chunk=0x0-0x55f4 handler=elf32 pid=154281
2025-10-11 00:46.32 [debug    ] Ended searching for chunks     all_chunks=[0x0-0x55f4] pid=154281
2025-10-11 00:46.32 [debug    ] Found valid chunk              chunk=0x0-0x13610 handler=elf32 pid=154275
2025-10-11 00:46.32 [debug    ] Processing file                path=update.no_header.image_extract/usr/lib/libevent-2.1.so.6.0.2 pid=154282 size=0x47cd8
2025-10-11 00:46.32 [debug    ] Removed inner chunks           outer_chunk_count=1 pid=154281 removed_inner_chunk_count=0
2025-10-11 00:46.32 [debug    ] Ended searching for chunks     all_chunks=[0x0-0x13610] pid=154275
2025-10-11 00:46.32 [debug    ] Ignoring special file (link, chrdev, blkdev, fifo, socket, door). path=update.no_header.image_extract/usr/lib/libexpat.so pid=154278
2025-10-11 00:46.32 [debug    ] Processing file                path=update.no_header.image_extract/usr/lib/libexpat.so.1.6.10 pid=154276 size=0x2b5d0
2025-10-11 00:46.32 [debug    ] Removed inner chunks           outer_chunk_count=1 pid=154275 removed_inner_chunk_count=0
2025-10-11 00:46.32 [debug    ] Detected file-magic            magic=ELF 32-bit LSB shared object, ARM, EABI5 version 1\012-  (SYSV), dynamically linked, BuildID[sha1]=76de8bbfee4f95f682bcf027660b071c74c7bf20, stripped\012- data path=update.no_header.image_extract/usr/lib/libevent_extra-2.1.so.6.0.2 pid=154284
2025-10-11 00:46.32 [debug    ] Ignoring special file (link, chrdev, blkdev, fifo, socket, door). path=update.no_header.image_extract/usr/lib/libcrypto.so pid=154278
2025-10-11 00:46.32 [debug    ] Calculating chunk for pattern match handler=elf32 pid=154282 real_offset=0x0 start_offset=0x0
2025-10-11 00:46.32 [debug    ] Calculating chunk for pattern match handler=elf32 pid=154276 real_offset=0x0 start_offset=0x0
2025-10-11 00:46.32 [debug    ] Ignoring special file (link, chrdev, blkdev, fifo, socket, door). path=update.no_header.image_extract/usr/lib/libevent_core.so pid=154278
2025-10-11 00:46.32 [debug    ] Ignoring special file (link, chrdev, blkdev, fifo, socket, door). path=update.no_header.image_extract/usr/lib/libevent_openssl.so pid=154281
2025-10-11 00:46.32 [debug    ] Ignoring special file (link, chrdev, blkdev, fifo, socket, door). path=update.no_header.image_extract/usr/lib/libevent_extra-2.1.so.6 pid=154275
2025-10-11 00:46.32 [debug    ] Processing file                path=update.no_header.image_extract/usr/lib/libevent_extra-2.1.so.6.0.2 pid=154284 size=0x1b8c8
2025-10-11 00:46.32 [debug    ] Found valid chunk              chunk=0x0-0x47cd8 handler=elf32 pid=154282
2025-10-11 00:46.32 [debug    ] Ended searching for chunks     all_chunks=[0x0-0x47cd8] pid=154282
2025-10-11 00:46.32 [debug    ] Found valid chunk              chunk=0x0-0x2b5d0 handler=elf32 pid=154276
2025-10-11 00:46.32 [debug    ] Ignoring special file (link, chrdev, blkdev, fifo, socket, door). path=update.no_header.image_extract/usr/lib/libz.so.1 pid=154275
2025-10-11 00:46.32 [debug    ] Removed inner chunks           outer_chunk_count=1 pid=154282 removed_inner_chunk_count=0
2025-10-11 00:46.32 [debug    ] Ended searching for chunks     all_chunks=[0x0-0x2b5d0] pid=154276
2025-10-11 00:46.32 [debug    ] Calculating chunk for pattern match handler=elf32 pid=154284 real_offset=0x0 start_offset=0x0
2025-10-11 00:46.32 [debug    ] Removed inner chunks           outer_chunk_count=1 pid=154276 removed_inner_chunk_count=0
2025-10-11 00:46.32 [debug    ] Detected file-magic            magic=ELF 32-bit LSB shared object, ARM, EABI5 version 1\012-  (SYSV), dynamically linked, BuildID[sha1]=c81083da3a08f5c61d5cec020278ebb159e82a32, stripped\012- data path=update.no_header.image_extract/usr/lib/libevent_core-2.1.so.6.0.2 pid=154289
2025-10-11 00:46.32 [debug    ] Ignoring special file (link, chrdev, blkdev, fifo, socket, door). path=update.no_header.image_extract/usr/lib/libevent_extra.so pid=154275
2025-10-11 00:46.32 [debug    ] Detected file-magic            magic=ELF 32-bit LSB shared object, ARM, EABI5 version 1\012-  (SYSV), dynamically linked, BuildID[sha1]=9102e25ccfbeba8c978d935d1dd6ba3300b9b1f3, stripped\012- data path=update.no_header.image_extract/usr/lib/libevent_pthreads-2.1.so.6.0.2 pid=154278
2025-10-11 00:46.32 [debug    ] Detected file-magic            magic=ELF 32-bit LSB shared object, ARM, EABI5 version 1\012-  (SYSV), dynamically linked, BuildID[sha1]=0128f53c08b101d7827289073b918a2270f62b4c, stripped\012- data path=update.no_header.image_extract/usr/lib/libaio.so.1.0.1 pid=154281
2025-10-11 00:46.32 [debug    ] Found valid chunk              chunk=0x0-0x1b8c8 handler=elf32 pid=154284
2025-10-11 00:46.32 [debug    ] Detected file-magic            magic=POSIX shell script text executable\012- a /bin/sh script, ASCII text executable path=update.no_header.image_extract/usr/sbin/updateporc.sh pid=154277
2025-10-11 00:46.32 [debug    ] Ignoring special file (link, chrdev, blkdev, fifo, socket, door). path=update.no_header.image_extract/usr/lib/libevent_openssl-2.1.so.6 pid=154275
2025-10-11 00:46.32 [debug    ] Ended searching for chunks     all_chunks=[0x0-0x1b8c8] pid=154284
2025-10-11 00:46.32 [debug    ] Removed inner chunks           outer_chunk_count=1 pid=154284 removed_inner_chunk_count=0
2025-10-11 00:46.32 [debug    ] Processing file                path=update.no_header.image_extract/usr/lib/libevent_pthreads-2.1.so.6.0.2 pid=154278 size=0x1508
2025-10-11 00:46.32 [debug    ] Processing file                path=update.no_header.image_extract/usr/lib/libaio.so.1.0.1 pid=154281 size=0x14dc
2025-10-11 00:46.32 [debug    ] Ignoring special file (link, chrdev, blkdev, fifo, socket, door). path=update.no_header.image_extract/usr/bin/basename pid=154275
2025-10-11 00:46.32 [debug    ] Calculating chunk for pattern match handler=elf32 pid=154278 real_offset=0x0 start_offset=0x0
2025-10-11 00:46.32 [debug    ] Detected file-magic            magic=ELF 32-bit LSB shared object, ARM, EABI5 version 1\012-  (SYSV), dynamically linked, BuildID[sha1]=dcc611a174e3de4d9d446a1a31e22dedb35120a8, stripped\012- data path=update.no_header.image_extract/usr/lib/libcrypto.so.1.1 pid=154279
2025-10-11 00:46.32 [debug    ] Processing file                path=update.no_header.image_extract/usr/sbin/updateporc.sh pid=154277 size=0x9dd
2025-10-11 00:46.32 [debug    ] Calculating chunk for pattern match handler=elf32 pid=154281 real_offset=0x0 start_offset=0x0
2025-10-11 00:46.32 [debug    ] Processing file                path=update.no_header.image_extract/usr/lib/libevent_core-2.1.so.6.0.2 pid=154289 size=0x2ea38
2025-10-11 00:46.32 [debug    ] Ignoring special file (link, chrdev, blkdev, fifo, socket, door). path=update.no_header.image_extract/usr/bin/od pid=154282
2025-10-11 00:46.32 [debug    ] Ended searching for chunks     all_chunks=[] pid=154277
2025-10-11 00:46.32 [debug    ] Found valid chunk              chunk=0x0-0x1508 handler=elf32 pid=154278
2025-10-11 00:46.32 [debug    ] Calculating chunk for pattern match handler=elf32 pid=154289 real_offset=0x0 start_offset=0x0
2025-10-11 00:46.32 [debug    ] Found valid chunk              chunk=0x0-0x14dc handler=elf32 pid=154281
2025-10-11 00:46.32 [debug    ] Ended searching for chunks     all_chunks=[0x0-0x1508] pid=154278
2025-10-11 00:46.32 [debug    ] Ended searching for chunks     all_chunks=[0x0-0x14dc] pid=154281
2025-10-11 00:46.32 [debug    ] Removed inner chunks           outer_chunk_count=1 pid=154278 removed_inner_chunk_count=0
2025-10-11 00:46.32 [debug    ] Ignoring special file (link, chrdev, blkdev, fifo, socket, door). path=update.no_header.image_extract/usr/bin/factor pid=154284
2025-10-11 00:46.32 [debug    ] Ignoring special file (link, chrdev, blkdev, fifo, socket, door). path=update.no_header.image_extract/usr/bin/time pid=154277
2025-10-11 00:46.32 [debug    ] Removed inner chunks           outer_chunk_count=1 pid=154281 removed_inner_chunk_count=0
2025-10-11 00:46.32 [debug    ] Ignoring special file (link, chrdev, blkdev, fifo, socket, door). path=update.no_header.image_extract/usr/bin/setfattr pid=154275
2025-10-11 00:46.32 [debug    ] Found valid chunk              chunk=0x0-0x2ea38 handler=elf32 pid=154289
2025-10-11 00:46.32 [debug    ] Ended searching for chunks     all_chunks=[0x0-0x2ea38] pid=154289
2025-10-11 00:46.32 [debug    ] Ignoring special file (link, chrdev, blkdev, fifo, socket, door). path=update.no_header.image_extract/usr/bin/md5sum pid=154284
2025-10-11 00:46.32 [debug    ] Ignoring special file (link, chrdev, blkdev, fifo, socket, door). path=update.no_header.image_extract/usr/bin/[ pid=154277
2025-10-11 00:46.32 [debug    ] Removed inner chunks           outer_chunk_count=1 pid=154289 removed_inner_chunk_count=0
2025-10-11 00:46.32 [debug    ] Detected file-magic            magic=ELF 32-bit LSB shared object, ARM, EABI5 version 1\012-  (SYSV), dynamically linked, BuildID[sha1]=012c87c463d8f856639abc5aad2c52457614701a, stripped\012- data path=update.no_header.image_extract/usr/lib/libssl.so.1.1 pid=154276
2025-10-11 00:46.32 [debug    ] Ignoring special file (link, chrdev, blkdev, fifo, socket, door). path=update.no_header.image_extract/usr/bin/patch pid=154278
2025-10-11 00:46.32 [debug    ] Found valid chunk              chunk=0x0-0x55d4 handler=elf32 pid=154287
2025-10-11 00:46.32 [debug    ] Ignoring special file (link, chrdev, blkdev, fifo, socket, door). path=update.no_header.image_extract/usr/bin/logname pid=154281
2025-10-11 00:46.32 [debug    ] Ignoring special file (link, chrdev, blkdev, fifo, socket, door). path=update.no_header.image_extract/usr/bin/paste pid=154284
2025-10-11 00:46.32 [debug    ] Ended searching for chunks     all_chunks=[0x0-0x55d4] pid=154287
2025-10-11 00:46.32 [debug    ] Removed inner chunks           outer_chunk_count=1 pid=154287 removed_inner_chunk_count=0
2025-10-11 00:46.32 [debug    ] Ignoring special file (link, chrdev, blkdev, fifo, socket, door). path=update.no_header.image_extract/usr/bin/nohup pid=154282
2025-10-11 00:46.32 [debug    ] Ignoring special file (link, chrdev, blkdev, fifo, socket, door). path=update.no_header.image_extract/usr/bin/env pid=154278
2025-10-11 00:46.32 [debug    ] Ignoring special file (link, chrdev, blkdev, fifo, socket, door). path=update.no_header.image_extract/usr/bin/tty pid=154281
2025-10-11 00:46.32 [debug    ] Ignoring special file (link, chrdev, blkdev, fifo, socket, door). path=update.no_header.image_extract/usr/bin/dirname pid=154284
2025-10-11 00:46.32 [debug    ] Ignoring special file (link, chrdev, blkdev, fifo, socket, door). path=update.no_header.image_extract/usr/bin/realpath pid=154277
2025-10-11 00:46.32 [debug    ] Ignoring special file (link, chrdev, blkdev, fifo, socket, door). path=update.no_header.image_extract/usr/bin/who pid=154290
2025-10-11 00:46.32 [debug    ] Ignoring special file (link, chrdev, blkdev, fifo, socket, door). path=update.no_header.image_extract/usr/bin/test pid=154278
2025-10-11 00:46.32 [debug    ] Detected file-magic            magic=ELF 32-bit LSB executable, ARM, EABI5 version 1\012-  (SYSV), dynamically linked, interpreter /lib/ld-linux-armhf.so.3, for GNU/Linux 3.2.0, BuildID[sha1]=b8d6f332568206e4a2d9318b1540aa5a249d163d, stripped\012- data path=update.no_header.image_extract/usr/bin/FileParser pid=154275
2025-10-11 00:46.32 [debug    ] Ignoring special file (link, chrdev, blkdev, fifo, socket, door). path=update.no_header.image_extract/usr/bin/cksum pid=154280
2025-10-11 00:46.32 [debug    ] Ignoring special file (link, chrdev, blkdev, fifo, socket, door). path=update.no_header.image_extract/usr/bin/cryptpw pid=154284
2025-10-11 00:46.32 [debug    ] Ignoring special file (link, chrdev, blkdev, fifo, socket, door). path=update.no_header.image_extract/usr/bin/unlink pid=154281
2025-10-11 00:46.32 [debug    ] Ignoring special file (link, chrdev, blkdev, fifo, socket, door). path=update.no_header.image_extract/usr/bin/bzip2 pid=154278
2025-10-11 00:46.32 [debug    ] Ignoring special file (link, chrdev, blkdev, fifo, socket, door). path=update.no_header.image_extract/usr/bin/awk pid=154282
2025-10-11 00:46.32 [debug    ] Ignoring special file (link, chrdev, blkdev, fifo, socket, door). path=update.no_header.image_extract/usr/bin/free pid=154290
2025-10-11 00:46.32 [debug    ] Processing file                path=update.no_header.image_extract/usr/bin/FileParser pid=154275 size=0x3d68
2025-10-11 00:46.32 [debug    ] Ignoring special file (link, chrdev, blkdev, fifo, socket, door). path=update.no_header.image_extract/usr/bin/passwd pid=154284
2025-10-11 00:46.32 [debug    ] Found valid chunk              chunk=0x0-0x35c0 handler=elf32 pid=154285
2025-10-11 00:46.32 [debug    ] Ignoring special file (link, chrdev, blkdev, fifo, socket, door). path=update.no_header.image_extract/usr/bin/xargs pid=154281
2025-10-11 00:46.32 [debug    ] Processing file                path=update.no_header.image_extract/usr/lib/libssl.so.1.1 pid=154276 size=0x698c0
2025-10-11 00:46.32 [debug    ] Ignoring special file (link, chrdev, blkdev, fifo, socket, door). path=update.no_header.image_extract/usr/bin/hostid pid=154280
2025-10-11 00:46.32 [debug    ] Ignoring special file (link, chrdev, blkdev, fifo, socket, door). path=update.no_header.image_extract/usr/bin/nc pid=154278
2025-10-11 00:46.32 [debug    ] Ended searching for chunks     all_chunks=[0x0-0x35c0] pid=154285
2025-10-11 00:46.32 [debug    ] Ignoring special file (link, chrdev, blkdev, fifo, socket, door). path=update.no_header.image_extract/usr/bin/head pid=154282
2025-10-11 00:46.32 [debug    ] Calculating chunk for pattern match handler=elf32 pid=154275 real_offset=0x0 start_offset=0x0
2025-10-11 00:46.32 [debug    ] Detected file-magic            magic=ASCII text path=update.no_header.image_extract/usr/lib/os-release pid=154283
2025-10-11 00:46.32 [debug    ] Ignoring special file (link, chrdev, blkdev, fifo, socket, door). path=update.no_header.image_extract/usr/bin/nproc pid=154290
2025-10-11 00:46.32 [debug    ] Ignoring special file (link, chrdev, blkdev, fifo, socket, door). path=update.no_header.image_extract/usr/bin/fold pid=154284
2025-10-11 00:46.32 [debug    ] Removed inner chunks           outer_chunk_count=1 pid=154285 removed_inner_chunk_count=0
2025-10-11 00:46.32 [debug    ] Ignoring special file (link, chrdev, blkdev, fifo, socket, door). path=update.no_header.image_extract/usr/bin/yes pid=154281
2025-10-11 00:46.32 [debug    ] Calculating chunk for pattern match handler=elf32 pid=154276 real_offset=0x0 start_offset=0x0
2025-10-11 00:46.32 [debug    ] Ignoring special file (link, chrdev, blkdev, fifo, socket, door). path=update.no_header.image_extract/usr/bin/expr pid=154280
2025-10-11 00:46.32 [debug    ] Ignoring special file (link, chrdev, blkdev, fifo, socket, door). path=update.no_header.image_extract/usr/bin/sort pid=154278
2025-10-11 00:46.32 [debug    ] Ignoring special file (link, chrdev, blkdev, fifo, socket, door). path=update.no_header.image_extract/usr/bin/find pid=154282
2025-10-11 00:46.32 [debug    ] Ignoring special file (link, chrdev, blkdev, fifo, socket, door). path=update.no_header.image_extract/usr/bin/tail pid=154284
2025-10-11 00:46.32 [debug    ] Ignoring special file (link, chrdev, blkdev, fifo, socket, door). path=update.no_header.image_extract/usr/bin/sha256sum pid=154277
2025-10-11 00:46.32 [debug    ] Ignoring special file (link, chrdev, blkdev, fifo, socket, door). path=update.no_header.image_extract/usr/bin/tee pid=154281
2025-10-11 00:46.32 [debug    ] Ignoring special file (link, chrdev, blkdev, fifo, socket, door). path=update.no_header.image_extract/usr/bin/mesg pid=154278
2025-10-11 00:46.32 [debug    ] Ignoring special file (link, chrdev, blkdev, fifo, socket, door). path=update.no_header.image_extract/usr/bin/svok pid=154280
2025-10-11 00:46.32 [debug    ] Processing file                path=update.no_header.image_extract/usr/lib/os-release pid=154283 size=0x6f
2025-10-11 00:46.32 [debug    ] Found valid chunk              chunk=0x0-0x3d68 handler=elf32 pid=154275
2025-10-11 00:46.32 [debug    ] Ignoring special file (link, chrdev, blkdev, fifo, socket, door). path=update.no_header.image_extract/usr/bin/less pid=154282
2025-10-11 00:46.32 [debug    ] Found valid chunk              chunk=0x0-0x698c0 handler=elf32 pid=154276
2025-10-11 00:46.32 [debug    ] Detected file-magic            magic=ELF 32-bit LSB executable, ARM, EABI5 version 1\012-  (SYSV), dynamically linked, interpreter /lib/ld-linux-armhf.so.3, for GNU/Linux 3.2.0, BuildID[sha1]=42c4b111e9b86dc135e4698a2d0114e8ac94fc6c, stripped\012- data path=update.no_header.image_extract/usr/bin/netcat pid=154287
2025-10-11 00:46.32 [debug    ] Ended searching for chunks     all_chunks=[0x0-0x3d68] pid=154275
2025-10-11 00:46.32 [debug    ] Ignoring special file (link, chrdev, blkdev, fifo, socket, door). path=update.no_header.image_extract/usr/bin/truncate pid=154277
2025-10-11 00:46.32 [debug    ] Ignoring special file (link, chrdev, blkdev, fifo, socket, door). path=update.no_header.image_extract/usr/bin/readlink pid=154284
2025-10-11 00:46.32 [debug    ] Ignoring special file (link, chrdev, blkdev, fifo, socket, door). path=update.no_header.image_extract/usr/bin/fallocate pid=154281
2025-10-11 00:46.32 [debug    ] Ignoring special file (link, chrdev, blkdev, fifo, socket, door). path=update.no_header.image_extract/usr/bin/diff pid=154278
2025-10-11 00:46.32 [debug    ] Ended searching for chunks     all_chunks=[0x0-0x698c0] pid=154276
2025-10-11 00:46.32 [debug    ] Ended searching for chunks     all_chunks=[] pid=154283
2025-10-11 00:46.32 [debug    ] Removed inner chunks           outer_chunk_count=1 pid=154275 removed_inner_chunk_count=0
2025-10-11 00:46.32 [debug    ] Ignoring special file (link, chrdev, blkdev, fifo, socket, door). path=update.no_header.image_extract/usr/bin/cut pid=154280
2025-10-11 00:46.32 [debug    ] Detected file-magic            magic=ELF 32-bit LSB executable, ARM, EABI5 version 1\012-  (SYSV), dynamically linked, interpreter /lib/ld-linux-armhf.so.3, for GNU/Linux 3.2.0, BuildID[sha1]=3347855355d554efc5332e10b60ad48540a6a356, stripped\012- data path=update.no_header.image_extract/usr/bin/openssl pid=154289
2025-10-11 00:46.32 [debug    ] Removed inner chunks           outer_chunk_count=1 pid=154276 removed_inner_chunk_count=0
2025-10-11 00:46.32 [debug    ] Ignoring special file (link, chrdev, blkdev, fifo, socket, door). path=update.no_header.image_extract/usr/bin/printf pid=154282
2025-10-11 00:46.32 [debug    ] Ignoring special file (link, chrdev, blkdev, fifo, socket, door). path=update.no_header.image_extract/usr/bin/tr pid=154285
2025-10-11 00:46.32 [debug    ] Ignoring special file (link, chrdev, blkdev, fifo, socket, door). path=update.no_header.image_extract/usr/bin/hexdump pid=154281
2025-10-11 00:46.32 [debug    ] Ignoring special file (link, chrdev, blkdev, fifo, socket, door). path=update.no_header.image_extract/usr/bin/svc pid=154277
2025-10-11 00:46.32 [debug    ] Ignoring special file (link, chrdev, blkdev, fifo, socket, door). path=update.no_header.image_extract/usr/bin/du pid=154290
2025-10-11 00:46.32 [debug    ] Ignoring special file (link, chrdev, blkdev, fifo, socket, door). path=update.no_header.image_extract/usr/bin/id pid=154278
2025-10-11 00:46.32 [debug    ] Ignoring special file (link, chrdev, blkdev, fifo, socket, door). path=update.no_header.image_extract/usr/bin/[[ pid=154280
2025-10-11 00:46.32 [debug    ] Ignoring special file (link, chrdev, blkdev, fifo, socket, door). path=update.no_header.image_extract/usr/bin/seq pid=154283
2025-10-11 00:46.32 [debug    ] Ignoring special file (link, chrdev, blkdev, fifo, socket, door). path=update.no_header.image_extract/usr/bin/which pid=154285
2025-10-11 00:46.32 [debug    ] Processing file                path=update.no_header.image_extract/usr/bin/netcat pid=154287 size=0x7654
2025-10-11 00:46.32 [debug    ] Ignoring special file (link, chrdev, blkdev, fifo, socket, door). path=update.no_header.image_extract/usr/bin/mkfifo pid=154281
2025-10-11 00:46.32 [debug    ] Ignoring special file (link, chrdev, blkdev, fifo, socket, door). path=update.no_header.image_extract/usr/bin/wc pid=154277
2025-10-11 00:46.32 [debug    ] Ignoring special file (link, chrdev, blkdev, fifo, socket, door). path=update.no_header.image_extract/usr/bin/top pid=154284
2025-10-11 00:46.32 [debug    ] Ignoring special file (link, chrdev, blkdev, fifo, socket, door). path=update.no_header.image_extract/usr/bin/killall pid=154275
2025-10-11 00:46.32 [debug    ] Processing directory           path=update.no_header.image_extract/etc/ssl/private pid=154280
2025-10-11 00:46.32 [debug    ] Calculating chunk for pattern match handler=elf32 pid=154287 real_offset=0x0 start_offset=0x0
2025-10-11 00:46.32 [debug    ] Processing directory           path=update.no_header.image_extract/etc/ssl/misc pid=154285
2025-10-11 00:46.32 [debug    ] Processing directory           path=update.no_header.image_extract/etc/ssl/certs pid=154290
2025-10-11 00:46.32 [debug    ] Detected file-magic            magic=ELF 32-bit LSB executable, ARM, EABI5 version 1\012-  (SYSV), dynamically linked, interpreter /lib/ld-linux-armhf.so.3, for GNU/Linux 3.2.0, BuildID[sha1]=b2c3b3f97fc337e52e260a6c423ea365c2883c88, stripped\012- data path=update.no_header.image_extract/usr/bin/xmlwf pid=154282
2025-10-11 00:46.32 [debug    ] Found valid chunk              chunk=0x0-0x7654 handler=elf32 pid=154287
2025-10-11 00:46.32 [debug    ] Ended searching for chunks     all_chunks=[0x0-0x7654] pid=154287
2025-10-11 00:46.32 [debug    ] Removed inner chunks           outer_chunk_count=1 pid=154287 removed_inner_chunk_count=0
2025-10-11 00:46.32 [debug    ] Processing file                path=update.no_header.image_extract/usr/lib/libcrypto.so.1.1 pid=154279 size=0x1ec914
2025-10-11 00:46.32 [debug    ] Processing file                path=update.no_header.image_extract/usr/bin/openssl pid=154289 size=0x80e4c
2025-10-11 00:46.32 [debug    ] Calculating chunk for pattern match handler=elf32 pid=154289 real_offset=0x0 start_offset=0x0
2025-10-11 00:46.32 [debug    ] Calculating chunk for pattern match handler=elf32 pid=154279 real_offset=0x0 start_offset=0x0
2025-10-11 00:46.32 [debug    ] Detected file-magic            magic=POSIX shell script text executable\012- a /bin/sh script, ASCII text executable path=update.no_header.image_extract/etc/init.d/rcK pid=154290
2025-10-11 00:46.32 [debug    ] Found valid chunk              chunk=0x0-0x80e4c handler=elf32 pid=154289
2025-10-11 00:46.32 [debug    ] Found valid chunk              chunk=0x0-0x1ec914 handler=elf32 pid=154279
2025-10-11 00:46.32 [debug    ] Ended searching for chunks     all_chunks=[0x0-0x80e4c] pid=154289
2025-10-11 00:46.32 [debug    ] Ended searching for chunks     all_chunks=[0x0-0x1ec914] pid=154279
2025-10-11 00:46.32 [debug    ] Removed inner chunks           outer_chunk_count=1 pid=154289 removed_inner_chunk_count=0
2025-10-11 00:46.32 [debug    ] Removed inner chunks           outer_chunk_count=1 pid=154279 removed_inner_chunk_count=0
2025-10-11 00:46.32 [debug    ] Processing file                path=update.no_header.image_extract/etc/init.d/rcK pid=154290 size=0x1a7
2025-10-11 00:46.32 [debug    ] Ended searching for chunks     all_chunks=[] pid=154290
2025-10-11 00:46.32 [debug    ] Processing directory           path=update.no_header.image_extract/etc/udhcpc/default.script.d pid=154290
2025-10-11 00:46.32 [debug    ] Detected file-magic            magic=POSIX shell script text executable\012- a /bin/sh script, ASCII text executable path=update.no_header.image_extract/etc/udhcpc/default.script pid=154287
2025-10-11 00:46.32 [debug    ] Detected file-magic            magic=POSIX shell script text executable\012- a /bin/sh script, ASCII text executable path=update.no_header.image_extract/etc/init.d/rcS pid=154280
2025-10-11 00:46.32 [debug    ] Detected file-magic            magic=POSIX shell script text executable\012- a /bin/sh script, ASCII text executable path=update.no_header.image_extract/etc/init.d/S20urandom pid=154285
2025-10-11 00:46.32 [debug    ] Processing file                path=update.no_header.image_extract/etc/udhcpc/default.script pid=154287 size=0x783
2025-10-11 00:46.32 [debug    ] Processing file                path=update.no_header.image_extract/etc/init.d/rcS pid=154280 size=0x197
2025-10-11 00:46.32 [debug    ] Processing file                path=update.no_header.image_extract/usr/bin/xmlwf pid=154282 size=0x5650
2025-10-11 00:46.32 [debug    ] Ended searching for chunks     all_chunks=[] pid=154287
2025-10-11 00:46.32 [debug    ] Ended searching for chunks     all_chunks=[] pid=154280
2025-10-11 00:46.32 [debug    ] Processing file                path=update.no_header.image_extract/etc/init.d/S20urandom pid=154285 size=0x4f8
2025-10-11 00:46.32 [debug    ] Detected file-magic            magic=ASCII text path=update.no_header.image_extract/etc/profile.d/umask.sh pid=154290
2025-10-11 00:46.32 [debug    ] Ended searching for chunks     all_chunks=[] pid=154285
2025-10-11 00:46.32 [debug    ] Detected file-magic            magic=POSIX shell script text executable\012- a /bin/sh -e script, ASCII text executable path=update.no_header.image_extract/etc/init.d/Update.sh pid=154275
2025-10-11 00:46.32 [debug    ] Detected file-magic            magic=POSIX shell script text executable\012- a /bin/sh script, ASCII text executable path=update.no_header.image_extract/etc/init.d/S01syslogd pid=154276
2025-10-11 00:46.32 [debug    ] Calculating chunk for pattern match handler=elf32 pid=154282 real_offset=0x0 start_offset=0x0
2025-10-11 00:46.32 [debug    ] Detected file-magic            magic=POSIX shell script text executable\012- a /bin/sh script, ASCII text executable path=update.no_header.image_extract/etc/init.d/S37bitmainer_setup pid=154277
2025-10-11 00:46.32 [debug    ] Processing file                path=update.no_header.image_extract/etc/profile.d/umask.sh pid=154290 size=0xa
2025-10-11 00:46.32 [debug    ] Detected file-magic            magic=ASCII text path=update.no_header.image_extract/etc/ssl/ct_log_list.cnf pid=154281
2025-10-11 00:46.32 [debug    ] Processing file                path=update.no_header.image_extract/etc/init.d/S01syslogd pid=154276 size=0x3f4
2025-10-11 00:46.32 [debug    ] Processing file                path=update.no_header.image_extract/etc/init.d/Update.sh pid=154275 size=0x16a6
2025-10-11 00:46.32 [debug    ] Detected file-magic            magic=ASCII text path=update.no_header.image_extract/etc/ssl/ct_log_list.cnf.dist pid=154284
2025-10-11 00:46.32 [debug    ] Ended searching for chunks     all_chunks=[] pid=154290
2025-10-11 00:46.32 [debug    ] Found valid chunk              chunk=0x0-0x5650 handler=elf32 pid=154282
2025-10-11 00:46.32 [debug    ] Processing file                path=update.no_header.image_extract/etc/init.d/S37bitmainer_setup pid=154277 size=0xd92
2025-10-11 00:46.32 [debug    ] Ended searching for chunks     all_chunks=[] pid=154276
2025-10-11 00:46.32 [debug    ] Ended searching for chunks     all_chunks=[0x0-0x5650] pid=154282
2025-10-11 00:46.32 [debug    ] Ended searching for chunks     all_chunks=[] pid=154275
2025-10-11 00:46.32 [debug    ] Removed inner chunks           outer_chunk_count=1 pid=154282 removed_inner_chunk_count=0
2025-10-11 00:46.32 [debug    ] Ended searching for chunks     all_chunks=[] pid=154277
2025-10-11 00:46.32 [debug    ] Processing file                path=update.no_header.image_extract/etc/ssl/ct_log_list.cnf.dist pid=154284 size=0x19c
2025-10-11 00:46.32 [debug    ] Processing file                path=update.no_header.image_extract/etc/ssl/ct_log_list.cnf pid=154281 size=0x19c
2025-10-11 00:46.32 [debug    ] Ended searching for chunks     all_chunks=[] pid=154284
2025-10-11 00:46.32 [debug    ] Ended searching for chunks     all_chunks=[] pid=154281
2025-10-11 00:46.32 [debug    ] Detected file-magic            magic=ASCII text path=update.no_header.image_extract/etc/ssl/openssl.cnf.dist pid=154283
2025-10-11 00:46.32 [debug    ] Processing file                path=update.no_header.image_extract/etc/ssl/openssl.cnf.dist pid=154283 size=0x2a9d
2025-10-11 00:46.32 [debug    ] Ended searching for chunks     all_chunks=[] pid=154283
2025-10-11 00:46.32 [debug    ] Detected file-magic            magic=Perl script text executable\012- a /usr/bin/perl script, ASCII text executable path=update.no_header.image_extract/etc/ssl/misc/tsget.pl pid=154289
2025-10-11 00:46.32 [debug    ] Processing file                path=update.no_header.image_extract/etc/ssl/misc/tsget.pl pid=154289 size=0x19af
2025-10-11 00:46.32 [debug    ] Ended searching for chunks     all_chunks=[] pid=154289
2025-10-11 00:46.32 [debug    ] Detected file-magic            magic=ASCII text path=update.no_header.image_extract/etc/ssl/openssl.cnf pid=154278
2025-10-11 00:46.32 [debug    ] Processing file                path=update.no_header.image_extract/etc/ssl/openssl.cnf pid=154278 size=0x2a9d
2025-10-11 00:46.32 [debug    ] Ended searching for chunks     all_chunks=[] pid=154278
2025-10-11 00:46.32 [debug    ] Calculating chunk for pattern match handler=elf32 pid=154288 real_offset=0x0 start_offset=0x0
2025-10-11 00:46.32 [debug    ] Calculating chunk for pattern match handler=elf32 pid=154286 real_offset=0x0 start_offset=0x0
2025-10-11 00:46.32 [debug    ] Found valid chunk              chunk=0x0-0x46a8 handler=elf32 pid=154288
2025-10-11 00:46.32 [debug    ] Ended searching for chunks     all_chunks=[0x0-0x46a8] pid=154288
2025-10-11 00:46.32 [debug    ] Removed inner chunks           outer_chunk_count=1 pid=154288 removed_inner_chunk_count=0
2025-10-11 00:46.32 [debug    ] Found valid chunk              chunk=0x0-0x1df80 handler=elf32 pid=154286
2025-10-11 00:46.32 [debug    ] Ended searching for chunks     all_chunks=[0x0-0x1df80] pid=154286
2025-10-11 00:46.32 [debug    ] Removed inner chunks           outer_chunk_count=1 pid=154286 removed_inner_chunk_count=0
