2025-10-11 00:46.24 [debug    ] Logging configured             extract_root=. pid=153863 vebosity_level=0
2025-10-11 00:46.24 [info     ] Start processing file          file=update.no_header.image pid=153863
2025-10-11 00:46.24 [debug    ] Setting up signal handlers     original_signal_handlers={<Signals.SIGINT: 2>: <built-in function default_int_handler>, <Signals.SIGTERM: 15>: <Handlers.SIG_DFL: 0>} pid=153863
2025-10-11 00:46.24 [debug    ] Detected file-magic            magic=Linux rev 0.0 ext2 filesystem data, UUID=00000000-0000-0000-0000-000000000000, volume name "linux"\012- data path=update.no_header.image pid=153886
2025-10-11 00:46.24 [debug    ] Processing file                path=update.no_header.image pid=153886 size=0x2000000
2025-10-11 00:46.24 [debug    ] Calculating chunk for pattern match handler=extfs pid=153886 real_offset=0x0 start_offset=0x438
2025-10-11 00:46.24 [debug    ] Found valid chunk              chunk=0x0-0x2000000 handler=extfs pid=153886
2025-10-11 00:46.24 [debug    ] Ended searching for chunks     all_chunks=[0x0-0x2000000] pid=153886
2025-10-11 00:46.24 [debug    ] Removed inner chunks           outer_chunk_count=1 pid=153886 removed_inner_chunk_count=0
2025-10-11 00:46.24 [debug    ] Running extract command        command=debugfs -R 'rdump / "/home/danielsokil/Lab/HashSource/hashsource_antminer_Lx/bitmain_firmware/Antminer-L7-release-202301300939/update.no_header.image_extract"' /home/danielsokil/Lab/HashSource/hashsource_antminer_Lx/bitmain_firmware/Antminer-L7-release-202301300939/update.no_header.image pid=153886
2025-10-11 00:46.24 [debug    ] Processing directory           path=update.no_header.image_extract pid=153887
2025-10-11 00:46.24 [debug    ] Processing directory           path=update.no_header.image_extract/sbin pid=153888
2025-10-11 00:46.24 [debug    ] Processing directory           path=update.no_header.image_extract/proc pid=153889
2025-10-11 00:46.24 [debug    ] Processing directory           path=update.no_header.image_extract/run pid=153892
2025-10-11 00:46.24 [debug    ] Processing directory           path=update.no_header.image_extract/lost+found pid=153890
2025-10-11 00:46.24 [debug    ] Processing directory           path=update.no_header.image_extract/lib pid=153891
2025-10-11 00:46.24 [debug    ] Processing directory           path=update.no_header.image_extract/mnt pid=153893
2025-10-11 00:46.24 [debug    ] Processing directory           path=update.no_header.image_extract/bin pid=153894
2025-10-11 00:46.24 [debug    ] Processing directory           path=update.no_header.image_extract/opt pid=153886
2025-10-11 00:46.24 [debug    ] Processing directory           path=update.no_header.image_extract/dev pid=153895
2025-10-11 00:46.24 [debug    ] Processing directory           path=update.no_header.image_extract/sys pid=153887
2025-10-11 00:46.24 [debug    ] Ignoring special file (link, chrdev, blkdev, fifo, socket, door). path=update.no_header.image_extract/lib32 pid=153897
2025-10-11 00:46.24 [debug    ] Processing directory           path=update.no_header.image_extract/media pid=153896
2025-10-11 00:46.24 [debug    ] Processing directory           path=update.no_header.image_extract/tmp pid=153898
2025-10-11 00:46.24 [debug    ] Processing directory           path=update.no_header.image_extract/usr pid=153899
2025-10-11 00:46.24 [debug    ] Processing directory           path=update.no_header.image_extract/root pid=153901
2025-10-11 00:46.24 [debug    ] Processing directory           path=update.no_header.image_extract/etc pid=153900
2025-10-11 00:46.24 [debug    ] Ignoring special file (link, chrdev, blkdev, fifo, socket, door). path=update.no_header.image_extract/linuxrc pid=153887
2025-10-11 00:46.24 [debug    ] Processing directory           path=update.no_header.image_extract/var pid=153886
2025-10-11 00:46.24 [debug    ] Processing directory           path=update.no_header.image_extract/config pid=153892
2025-10-11 00:46.24 [debug    ] Ignoring special file (link, chrdev, blkdev, fifo, socket, door). path=update.no_header.image_extract/lib/libnss_files.so.2 pid=153887
2025-10-11 00:46.24 [debug    ] Ignoring special file (link, chrdev, blkdev, fifo, socket, door). path=update.no_header.image_extract/lib/libutil.so.1 pid=153897
2025-10-11 00:46.24 [debug    ] Ignoring special file (link, chrdev, blkdev, fifo, socket, door). path=update.no_header.image_extract/lib/libanl.so.1 pid=153891
2025-10-11 00:46.24 [debug    ] Ignoring special file (link, chrdev, blkdev, fifo, socket, door). path=update.no_header.image_extract/lib/libstdc++.so.6 pid=153896
2025-10-11 00:46.24 [debug    ] Ignoring special file (link, chrdev, blkdev, fifo, socket, door). path=update.no_header.image_extract/lib/libatomic.so.1 pid=153886
2025-10-11 00:46.24 [debug    ] Ignoring special file (link, chrdev, blkdev, fifo, socket, door). path=update.no_header.image_extract/lib/libnss_dns.so.2 pid=153898
2025-10-11 00:46.24 [debug    ] Ignoring special file (link, chrdev, blkdev, fifo, socket, door). path=update.no_header.image_extract/lib/librt.so.1 pid=153894
2025-10-11 00:46.24 [debug    ] Ignoring special file (link, chrdev, blkdev, fifo, socket, door). path=update.no_header.image_extract/lib/libc.so.6 pid=153897
2025-10-11 00:46.24 [debug    ] Ignoring special file (link, chrdev, blkdev, fifo, socket, door). path=update.no_header.image_extract/lib/libresolv.so.2 pid=153891
2025-10-11 00:46.24 [debug    ] Ignoring special file (link, chrdev, blkdev, fifo, socket, door). path=update.no_header.image_extract/lib/libm.so.6 pid=153886
2025-10-11 00:46.24 [debug    ] Ignoring special file (link, chrdev, blkdev, fifo, socket, door). path=update.no_header.image_extract/lib/ld-linux-armhf.so.3 pid=153898
2025-10-11 00:46.24 [debug    ] Ignoring special file (link, chrdev, blkdev, fifo, socket, door). path=update.no_header.image_extract/lib/libnsl.so.1 pid=153897
2025-10-11 00:46.24 [debug    ] Ignoring special file (link, chrdev, blkdev, fifo, socket, door). path=update.no_header.image_extract/lib/libcrypt.so.1 pid=153886
2025-10-11 00:46.24 [debug    ] Ignoring special file (link, chrdev, blkdev, fifo, socket, door). path=update.no_header.image_extract/lib/libpthread.so.0 pid=153898
2025-10-11 00:46.24 [debug    ] Detected file-magic            magic=ELF 32-bit LSB shared object, ARM, EABI5 version 1\012-  (SYSV), dynamically linked, BuildID[sha1]=7a2c0aea94aa32b3f7815d24f89f0e68dfde4d09, for GNU/Linux 3.2.0, stripped\012- data path=update.no_header.image_extract/lib/libnss_dns-2.25.so pid=153893
2025-10-11 00:46.24 [debug    ] Processing directory           path=update.no_header.image_extract/lib/debug pid=153886
2025-10-11 00:46.24 [debug    ] Ignoring special file (link, chrdev, blkdev, fifo, socket, door). path=update.no_header.image_extract/lib/libdl.so.2 pid=153898
2025-10-11 00:46.24 [debug    ] Detected file-magic            magic=ELF 32-bit LSB shared object, ARM, EABI5 version 1\012-  (GNU/Linux), dynamically linked, BuildID[sha1]=45b99f5ff08af2473f5b5d64ad61365ac37f8f5b, for GNU/Linux 3.2.0, stripped\012- data path=update.no_header.image_extract/lib/librt-2.25.so pid=153892
2025-10-11 00:46.24 [debug    ] Detected file-magic            magic=ELF 32-bit LSB shared object, ARM, EABI5 version 1\012-  (SYSV), dynamically linked, BuildID[sha1]=c82543922edc7a73cc00db9bae2074c8a4f86059, for GNU/Linux 3.2.0, stripped\012- data path=update.no_header.image_extract/lib/libutil-2.25.so pid=153901
2025-10-11 00:46.24 [debug    ] Detected file-magic            magic=ELF 32-bit LSB shared object, ARM, EABI5 version 1\012-  (SYSV), dynamically linked, BuildID[sha1]=ab600f2137f87a1b132b5b371f99e9fa7defeff6, for GNU/Linux 3.2.0, stripped\012- data path=update.no_header.image_extract/lib/libanl-2.25.so pid=153887
2025-10-11 00:46.24 [debug    ] Detected file-magic            magic=ELF 32-bit LSB shared object, ARM, EABI5 version 1\012-  (SYSV), dynamically linked, BuildID[sha1]=2e6612f7272a8d1431e996e37544cb4d49f684f6, for GNU/Linux 3.2.0, stripped\012- data path=update.no_header.image_extract/lib/libnsl-2.25.so pid=153888
2025-10-11 00:46.24 [debug    ] Processing file                path=update.no_header.image_extract/lib/libnss_dns-2.25.so pid=153893 size=0x35c0
2025-10-11 00:46.24 [debug    ] Processing file                path=update.no_header.image_extract/lib/libutil-2.25.so pid=153901 size=0x25d4
2025-10-11 00:46.24 [debug    ] Processing file                path=update.no_header.image_extract/lib/librt-2.25.so pid=153892 size=0x5774
2025-10-11 00:46.24 [debug    ] Detected file-magic            magic=ELF 32-bit LSB shared object, ARM, EABI5 version 1\012-  (SYSV), dynamically linked, BuildID[sha1]=2c613beb37c72d412bf082e15de0930dad23930a, for GNU/Linux 3.2.0, stripped\012- data path=update.no_header.image_extract/lib/libnss_files-2.25.so pid=153894
2025-10-11 00:46.24 [debug    ] Detected file-magic            magic=ELF 32-bit LSB shared object, ARM, EABI5 version 1\012-  (GNU/Linux), dynamically linked, BuildID[sha1]=de9110e975308a3c0280b1dc458f30497305aa2b, stripped\012- data path=update.no_header.image_extract/lib/libatomic.so.1.2.0 pid=153891
2025-10-11 00:46.24 [debug    ] Processing file                path=update.no_header.image_extract/lib/libanl-2.25.so pid=153887 size=0x36e8
2025-10-11 00:46.24 [debug    ] Detected file-magic            magic=POSIX shell script text executable\012- a /bin/sh script, ASCII text executable path=update.no_header.image_extract/init pid=153889
2025-10-11 00:46.24 [debug    ] Detected file-magic            magic=ELF 32-bit LSB shared object, ARM, EABI5 version 1\012-  (SYSV), dynamically linked, BuildID[sha1]=d52cf78393313bab76d284927bc6b7ace926e47a, for GNU/Linux 3.2.0, stripped\012- data path=update.no_header.image_extract/lib/libm-2.25.so pid=153895
2025-10-11 00:46.24 [debug    ] Processing file                path=update.no_header.image_extract/lib/libnsl-2.25.so pid=153888 size=0xd720
2025-10-11 00:46.24 [debug    ] Detected file-magic            magic=ELF 32-bit LSB shared object, ARM, EABI5 version 1\012-  (SYSV), dynamically linked, BuildID[sha1]=273428885d923e7888e7bbdca379aa2bfbf43804, for GNU/Linux 3.2.0, stripped\012- data path=update.no_header.image_extract/lib/libresolv-2.25.so pid=153886
2025-10-11 00:46.24 [debug    ] Processing file                path=update.no_header.image_extract/lib/libnss_files-2.25.so pid=153894 size=0x7608
2025-10-11 00:46.24 [debug    ] Processing file                path=update.no_header.image_extract/lib/libatomic.so.1.2.0 pid=153891 size=0x5510
2025-10-11 00:46.24 [debug    ] Detected file-magic            magic=ELF 32-bit LSB shared object, ARM, EABI5 version 1\012-  (SYSV), dynamically linked, BuildID[sha1]=d0e0673169922a8565cfba288e8e72268b0adcab, not stripped\012- data path=update.no_header.image_extract/lib/ld-2.25.so pid=153899
2025-10-11 00:46.24 [debug    ] Processing file                path=update.no_header.image_extract/init pid=153889 size=0xb2
2025-10-11 00:46.24 [debug    ] Detected file-magic            magic=ELF 32-bit LSB shared object, ARM, EABI5 version 1\012-  (GNU/Linux), dynamically linked, interpreter /lib/ld-linux-armhf.so.3, BuildID[sha1]=29d2084824752ff6e284376bc074962e3b843c6c, for GNU/Linux 3.2.0, not stripped\012- data path=update.no_header.image_extract/lib/libpthread-2.25.so pid=153897
2025-10-11 00:46.24 [debug    ] Processing file                path=update.no_header.image_extract/lib/libresolv-2.25.so pid=153886 size=0xc6b4
2025-10-11 00:46.24 [debug    ] Calculating chunk for pattern match handler=elf32 pid=153886 real_offset=0x0 start_offset=0x0
2025-10-11 00:46.24 [debug    ] Detected file-magic            magic=ELF 32-bit LSB shared object, ARM, EABI5 version 1\012-  (GNU/Linux), dynamically linked, BuildID[sha1]=d4b691a2611056a5bd45e136f939445084060af4, stripped\012- data path=update.no_header.image_extract/lib/libstdc++.so.6.0.24 pid=153900
2025-10-11 00:46.24 [debug    ] Processing file                path=update.no_header.image_extract/lib/libpthread-2.25.so pid=153897 size=0x1a0e8
2025-10-11 00:46.24 [debug    ] Processing file                path=update.no_header.image_extract/lib/libm-2.25.so pid=153895 size=0x6b5a0
2025-10-11 00:46.24 [debug    ] Detected file-magic            magic=ELF 32-bit LSB shared object, ARM, EABI5 version 1\012-  (SYSV), dynamically linked, BuildID[sha1]=837f483b7ad06cbe437718b165d6c5e3ace61541, for GNU/Linux 3.2.0, stripped\012- data path=update.no_header.image_extract/lib/libdl-2.25.so pid=153896
2025-10-11 00:46.24 [debug    ] Detected file-magic            magic=ELF 32-bit LSB shared object, ARM, EABI5 version 1\012-  (GNU/Linux), dynamically linked, interpreter /lib/ld-linux-armhf.so.3, BuildID[sha1]=aa86e880abaf96e2ce86bb676eb24ed234025e31, for GNU/Linux 3.2.0, stripped\012- data path=update.no_header.image_extract/lib/libc-2.25.so pid=153898
2025-10-11 00:46.24 [debug    ] Processing file                path=update.no_header.image_extract/lib/libdl-2.25.so pid=153896 size=0x25b8
2025-10-11 00:46.24 [debug    ] Processing file                path=update.no_header.image_extract/lib/libstdc++.so.6.0.24 pid=153900 size=0xf8dd0
2025-10-11 00:46.24 [debug    ] Detected file-magic            magic=Python script, ASCII text executable path=update.no_header.image_extract/lib/libstdc++.so.6.0.24-gdb.py pid=153890
2025-10-11 00:46.24 [debug    ] Processing file                path=update.no_header.image_extract/lib/libstdc++.so.6.0.24-gdb.py pid=153890 size=0xaa0
2025-10-11 00:46.24 [debug    ] Processing file                path=update.no_header.image_extract/lib/libc-2.25.so pid=153898 size=0xdb6e8
2025-10-11 00:46.24 [debug    ] Processing file                path=update.no_header.image_extract/lib/ld-2.25.so pid=153899 size=0x1df80
2025-10-11 00:46.24 [debug    ] Found valid chunk              chunk=0x0-0xc6b4 handler=elf32 pid=153886
2025-10-11 00:46.24 [debug    ] Ended searching for chunks     all_chunks=[0x0-0xc6b4] pid=153886
2025-10-11 00:46.24 [debug    ] Removed inner chunks           outer_chunk_count=1 pid=153886 removed_inner_chunk_count=0
2025-10-11 00:46.24 [debug    ] Detected file-magic            magic=ELF 32-bit LSB shared object, ARM, EABI5 version 1\012-  (SYSV), dynamically linked, BuildID[sha1]=4b01afc7b929482446303e51dd8600249d9161ac, for GNU/Linux 3.2.0, stripped\012- data path=update.no_header.image_extract/lib/libcrypt-2.25.so pid=153886
2025-10-11 00:46.24 [debug    ] Processing file                path=update.no_header.image_extract/lib/libcrypt-2.25.so pid=153886 size=0x7640
2025-10-11 00:46.24 [debug    ] Calculating chunk for pattern match handler=elf32 pid=153886 real_offset=0x0 start_offset=0x0
2025-10-11 00:46.24 [debug    ] Found valid chunk              chunk=0x0-0x7640 handler=elf32 pid=153886
2025-10-11 00:46.24 [debug    ] Ended searching for chunks     all_chunks=[0x0-0x7640] pid=153886
2025-10-11 00:46.24 [debug    ] Removed inner chunks           outer_chunk_count=1 pid=153886 removed_inner_chunk_count=0
2025-10-11 00:46.24 [debug    ] Detected file-magic            magic=ELF 32-bit LSB shared object, ARM, EABI5 version 1\012-  (SYSV), dynamically linked, BuildID[sha1]=be9c85ccca295c47cc30be32e4a41191fcf568db, stripped\012- data path=update.no_header.image_extract/lib/libgcc_s.so.1 pid=153886
2025-10-11 00:46.24 [debug    ] Processing file                path=update.no_header.image_extract/lib/libgcc_s.so.1 pid=153886 size=0x1862c
2025-10-11 00:46.24 [debug    ] Calculating chunk for pattern match handler=elf32 pid=153886 real_offset=0x0 start_offset=0x0
2025-10-11 00:46.24 [debug    ] Found valid chunk              chunk=0x0-0x1862c handler=elf32 pid=153886
2025-10-11 00:46.24 [debug    ] Ended searching for chunks     all_chunks=[0x0-0x1862c] pid=153886
2025-10-11 00:46.24 [debug    ] Removed inner chunks           outer_chunk_count=1 pid=153886 removed_inner_chunk_count=0
2025-10-11 00:46.24 [debug    ] Ignoring special file (link, chrdev, blkdev, fifo, socket, door). path=update.no_header.image_extract/dev/stderr pid=153886
2025-10-11 00:46.24 [debug    ] Processing directory           path=update.no_header.image_extract/dev/shm pid=153886
2025-10-11 00:46.24 [debug    ] Processing directory           path=update.no_header.image_extract/dev/pts pid=153886
2025-10-11 00:46.24 [debug    ] Ignoring special file (link, chrdev, blkdev, fifo, socket, door). path=update.no_header.image_extract/dev/log pid=153886
2025-10-11 00:46.24 [debug    ] Ignoring special file (link, chrdev, blkdev, fifo, socket, door). path=update.no_header.image_extract/dev/stdin pid=153886
2025-10-11 00:46.24 [debug    ] Ignoring special file (link, chrdev, blkdev, fifo, socket, door). path=update.no_header.image_extract/dev/stdout pid=153886
2025-10-11 00:46.24 [debug    ] Ignoring special file (link, chrdev, blkdev, fifo, socket, door). path=update.no_header.image_extract/dev/fd pid=153886
2025-10-11 00:46.24 [debug    ] Ignoring special file (link, chrdev, blkdev, fifo, socket, door). path=update.no_header.image_extract/sbin/iproute pid=153886
2025-10-11 00:46.24 [debug    ] Detected file-magic            magic=ELF 32-bit LSB executable, ARM, EABI5 version 1\012-  (SYSV), dynamically linked, interpreter /lib/ld-linux-armhf.so.3, for GNU/Linux 3.2.0, BuildID[sha1]=cbc963797796d174cde4b1ac3786e3af25231d23, stripped\012- data path=update.no_header.image_extract/sbin/halt pid=153886
2025-10-11 00:46.24 [debug    ] Processing file                path=update.no_header.image_extract/sbin/halt pid=153886 size=0x3614
2025-10-11 00:46.24 [debug    ] Calculating chunk for pattern match handler=elf32 pid=153886 real_offset=0x0 start_offset=0x0
2025-10-11 00:46.24 [debug    ] Found valid chunk              chunk=0x0-0x3614 handler=elf32 pid=153886
2025-10-11 00:46.24 [debug    ] Ended searching for chunks     all_chunks=[0x0-0x3614] pid=153886
2025-10-11 00:46.24 [debug    ] Removed inner chunks           outer_chunk_count=1 pid=153886 removed_inner_chunk_count=0
2025-10-11 00:46.24 [debug    ] Ignoring special file (link, chrdev, blkdev, fifo, socket, door). path=update.no_header.image_extract/sbin/freeramdisk pid=153886
2025-10-11 00:46.24 [debug    ] Ignoring special file (link, chrdev, blkdev, fifo, socket, door). path=update.no_header.image_extract/sbin/iplink pid=153886
2025-10-11 00:46.24 [debug    ] Ignoring special file (link, chrdev, blkdev, fifo, socket, door). path=update.no_header.image_extract/sbin/ipaddr pid=153886
2025-10-11 00:46.24 [debug    ] Ignoring special file (link, chrdev, blkdev, fifo, socket, door). path=update.no_header.image_extract/sbin/getty pid=153886
2025-10-11 00:46.24 [debug    ] Ignoring special file (link, chrdev, blkdev, fifo, socket, door). path=update.no_header.image_extract/sbin/route pid=153886
2025-10-11 00:46.24 [debug    ] Ignoring special file (link, chrdev, blkdev, fifo, socket, door). path=update.no_header.image_extract/sbin/ifconfig pid=153886
2025-10-11 00:46.24 [debug    ] Ignoring special file (link, chrdev, blkdev, fifo, socket, door). path=update.no_header.image_extract/sbin/poweroff pid=153886
2025-10-11 00:46.25 [debug    ] Ignoring special file (link, chrdev, blkdev, fifo, socket, door). path=update.no_header.image_extract/sbin/pidof pid=153886
2025-10-11 00:46.25 [debug    ] Ignoring special file (link, chrdev, blkdev, fifo, socket, door). path=update.no_header.image_extract/sbin/swapoff pid=153886
2025-10-11 00:46.25 [debug    ] Ignoring special file (link, chrdev, blkdev, fifo, socket, door). path=update.no_header.image_extract/sbin/swapon pid=153886
2025-10-11 00:46.25 [debug    ] Ignoring special file (link, chrdev, blkdev, fifo, socket, door). path=update.no_header.image_extract/sbin/start-stop-daemon pid=153886
2025-10-11 00:46.25 [debug    ] Ignoring special file (link, chrdev, blkdev, fifo, socket, door). path=update.no_header.image_extract/sbin/syslogd pid=153886
2025-10-11 00:46.25 [debug    ] Ignoring special file (link, chrdev, blkdev, fifo, socket, door). path=update.no_header.image_extract/sbin/udhcpc pid=153886
2025-10-11 00:46.25 [debug    ] Detected file-magic            magic=ELF 32-bit LSB executable, ARM, EABI5 version 1\012-  (SYSV), dynamically linked, interpreter /lib/ld-linux-armhf.so.3, for GNU/Linux 3.2.0, BuildID[sha1]=e3855c2c0bfab9df6df8aa528bc5b00ce8e9b0ea, stripped\012- data path=update.no_header.image_extract/sbin/shutdown pid=153886
2025-10-11 00:46.25 [debug    ] Processing file                path=update.no_header.image_extract/sbin/shutdown pid=153886 size=0x46a8
2025-10-11 00:46.25 [debug    ] Calculating chunk for pattern match handler=elf32 pid=153886 real_offset=0x0 start_offset=0x0
2025-10-11 00:46.25 [debug    ] Found valid chunk              chunk=0x0-0x46a8 handler=elf32 pid=153886
2025-10-11 00:46.25 [debug    ] Ended searching for chunks     all_chunks=[0x0-0x46a8] pid=153886
2025-10-11 00:46.25 [debug    ] Removed inner chunks           outer_chunk_count=1 pid=153886 removed_inner_chunk_count=0
2025-10-11 00:46.25 [debug    ] Ignoring special file (link, chrdev, blkdev, fifo, socket, door). path=update.no_header.image_extract/sbin/ip pid=153886
2025-10-11 00:46.25 [debug    ] Detected file-magic            magic=ELF 32-bit LSB executable, ARM, EABI5 version 1\012-  (SYSV), dynamically linked, interpreter /lib/ld-linux-armhf.so.3, for GNU/Linux 3.2.0, BuildID[sha1]=702446e2d41fda4850a192a573d60b2e80970311, stripped\012- data path=update.no_header.image_extract/sbin/init pid=153886
2025-10-11 00:46.25 [debug    ] Processing file                path=update.no_header.image_extract/sbin/init pid=153886 size=0x8910
2025-10-11 00:46.25 [debug    ] Calculating chunk for pattern match handler=elf32 pid=153886 real_offset=0x0 start_offset=0x0
2025-10-11 00:46.25 [debug    ] Found valid chunk              chunk=0x0-0x8910 handler=elf32 pid=153886
2025-10-11 00:46.25 [debug    ] Ended searching for chunks     all_chunks=[0x0-0x8910] pid=153886
2025-10-11 00:46.25 [debug    ] Removed inner chunks           outer_chunk_count=1 pid=153886 removed_inner_chunk_count=0
2025-10-11 00:46.25 [debug    ] Ignoring special file (link, chrdev, blkdev, fifo, socket, door). path=update.no_header.image_extract/sbin/reboot pid=153886
2025-10-11 00:46.25 [debug    ] Detected file-magic            magic=ELF 32-bit LSB executable, ARM, EABI5 version 1\012-  (SYSV), dynamically linked, interpreter /lib/ld-linux-armhf.so.3, for GNU/Linux 3.2.0, BuildID[sha1]=98d0587ad14a290dbc749358ca93bf8c6b47aa87, stripped\012- data path=update.no_header.image_extract/sbin/killall5 pid=153886
2025-10-11 00:46.25 [debug    ] Processing file                path=update.no_header.image_extract/sbin/killall5 pid=153886 size=0x4640
2025-10-11 00:46.25 [debug    ] Calculating chunk for pattern match handler=elf32 pid=153886 real_offset=0x0 start_offset=0x0
2025-10-11 00:46.25 [debug    ] Found valid chunk              chunk=0x0-0x4640 handler=elf32 pid=153886
2025-10-11 00:46.25 [debug    ] Ended searching for chunks     all_chunks=[0x0-0x4640] pid=153886
2025-10-11 00:46.25 [debug    ] Removed inner chunks           outer_chunk_count=1 pid=153886 removed_inner_chunk_count=0
2025-10-11 00:46.25 [debug    ] Processing directory           path=update.no_header.image_extract/var/lib pid=153886
2025-10-11 00:46.25 [debug    ] Ignoring special file (link, chrdev, blkdev, fifo, socket, door). path=update.no_header.image_extract/var/run pid=153886
2025-10-11 00:46.25 [debug    ] Ignoring special file (link, chrdev, blkdev, fifo, socket, door). path=update.no_header.image_extract/var/lock pid=153886
2025-10-11 00:46.25 [debug    ] Ignoring special file (link, chrdev, blkdev, fifo, socket, door). path=update.no_header.image_extract/var/cache pid=153886
2025-10-11 00:46.25 [debug    ] Ignoring special file (link, chrdev, blkdev, fifo, socket, door). path=update.no_header.image_extract/var/spool pid=153886
2025-10-11 00:46.25 [debug    ] Ignoring special file (link, chrdev, blkdev, fifo, socket, door). path=update.no_header.image_extract/var/tmp pid=153886
2025-10-11 00:46.25 [debug    ] Ignoring special file (link, chrdev, blkdev, fifo, socket, door). path=update.no_header.image_extract/var/log pid=153886
2025-10-11 00:46.25 [debug    ] Ignoring special file (link, chrdev, blkdev, fifo, socket, door). path=update.no_header.image_extract/bin/stty pid=153886
2025-10-11 00:46.25 [debug    ] Ignoring special file (link, chrdev, blkdev, fifo, socket, door). path=update.no_header.image_extract/bin/more pid=153886
2025-10-11 00:46.25 [debug    ] Ignoring special file (link, chrdev, blkdev, fifo, socket, door). path=update.no_header.image_extract/bin/chmod pid=153886
2025-10-11 00:46.25 [debug    ] Ignoring special file (link, chrdev, blkdev, fifo, socket, door). path=update.no_header.image_extract/bin/pwd pid=153886
2025-10-11 00:46.25 [debug    ] Ignoring special file (link, chrdev, blkdev, fifo, socket, door). path=update.no_header.image_extract/bin/grep pid=153886
2025-10-11 00:46.25 [debug    ] Ignoring special file (link, chrdev, blkdev, fifo, socket, door). path=update.no_header.image_extract/bin/ls pid=153886
2025-10-11 00:46.25 [debug    ] Detected file-magic            magic=ELF 32-bit LSB executable, ARM, EABI5 version 1\012-  (SYSV), dynamically linked, interpreter /lib/ld-linux-armhf.so.3, for GNU/Linux 3.2.0, BuildID[sha1]=f64c99590f72dcc811fbd39823ba4fa5e1595f62, stripped\012- data path=update.no_header.image_extract/bin/busybox pid=153886
2025-10-11 00:46.25 [debug    ] Processing file                path=update.no_header.image_extract/bin/busybox pid=153886 size=0x64b48
2025-10-11 00:46.25 [debug    ] Calculating chunk for pattern match handler=elf32 pid=153886 real_offset=0x0 start_offset=0x0
2025-10-11 00:46.25 [debug    ] Found valid chunk              chunk=0x0-0x64b48 handler=elf32 pid=153886
2025-10-11 00:46.25 [debug    ] Ended searching for chunks     all_chunks=[0x0-0x64b48] pid=153886
2025-10-11 00:46.25 [debug    ] Removed inner chunks           outer_chunk_count=1 pid=153886 removed_inner_chunk_count=0
2025-10-11 00:46.25 [debug    ] Ignoring special file (link, chrdev, blkdev, fifo, socket, door). path=update.no_header.image_extract/bin/arch pid=153886
2025-10-11 00:46.25 [debug    ] Ignoring special file (link, chrdev, blkdev, fifo, socket, door). path=update.no_header.image_extract/bin/printenv pid=153886
2025-10-11 00:46.25 [debug    ] Ignoring special file (link, chrdev, blkdev, fifo, socket, door). path=update.no_header.image_extract/bin/chown pid=153886
2025-10-11 00:46.25 [debug    ] Ignoring special file (link, chrdev, blkdev, fifo, socket, door). path=update.no_header.image_extract/bin/hostname pid=153886
2025-10-11 00:46.25 [debug    ] Ignoring special file (link, chrdev, blkdev, fifo, socket, door). path=update.no_header.image_extract/bin/rmdir pid=153886
2025-10-11 00:46.25 [debug    ] Ignoring special file (link, chrdev, blkdev, fifo, socket, door). path=update.no_header.image_extract/bin/ln pid=153886
2025-10-11 00:46.25 [debug    ] Ignoring special file (link, chrdev, blkdev, fifo, socket, door). path=update.no_header.image_extract/bin/netstat pid=153886
2025-10-11 00:46.25 [debug    ] Ignoring special file (link, chrdev, blkdev, fifo, socket, door). path=update.no_header.image_extract/bin/egrep pid=153886
2025-10-11 00:46.25 [debug    ] Ignoring special file (link, chrdev, blkdev, fifo, socket, door). path=update.no_header.image_extract/bin/su pid=153886
2025-10-11 00:46.25 [debug    ] Ignoring special file (link, chrdev, blkdev, fifo, socket, door). path=update.no_header.image_extract/bin/vi pid=153886
2025-10-11 00:46.25 [debug    ] Ignoring special file (link, chrdev, blkdev, fifo, socket, door). path=update.no_header.image_extract/bin/mktemp pid=153886
2025-10-11 00:46.25 [debug    ] Ignoring special file (link, chrdev, blkdev, fifo, socket, door). path=update.no_header.image_extract/bin/false pid=153886
2025-10-11 00:46.25 [debug    ] Ignoring special file (link, chrdev, blkdev, fifo, socket, door). path=update.no_header.image_extract/bin/dmesg pid=153886
2025-10-11 00:46.25 [debug    ] Ignoring special file (link, chrdev, blkdev, fifo, socket, door). path=update.no_header.image_extract/bin/link pid=153886
2025-10-11 00:46.25 [debug    ] Ignoring special file (link, chrdev, blkdev, fifo, socket, door). path=update.no_header.image_extract/bin/mknod pid=153886
2025-10-11 00:46.25 [debug    ] Ignoring special file (link, chrdev, blkdev, fifo, socket, door). path=update.no_header.image_extract/bin/true pid=153886
2025-10-11 00:46.25 [debug    ] Ignoring special file (link, chrdev, blkdev, fifo, socket, door). path=update.no_header.image_extract/bin/umount pid=153886
2025-10-11 00:46.25 [debug    ] Ignoring special file (link, chrdev, blkdev, fifo, socket, door). path=update.no_header.image_extract/bin/df pid=153886
2025-10-11 00:46.25 [debug    ] Ignoring special file (link, chrdev, blkdev, fifo, socket, door). path=update.no_header.image_extract/bin/echo pid=153886
2025-10-11 00:46.25 [debug    ] Ignoring special file (link, chrdev, blkdev, fifo, socket, door). path=update.no_header.image_extract/bin/dd pid=153886
2025-10-11 00:46.25 [debug    ] Ignoring special file (link, chrdev, blkdev, fifo, socket, door). path=update.no_header.image_extract/bin/rm pid=153886
2025-10-11 00:46.25 [debug    ] Ignoring special file (link, chrdev, blkdev, fifo, socket, door). path=update.no_header.image_extract/bin/fgrep pid=153886
2025-10-11 00:46.25 [debug    ] Ignoring special file (link, chrdev, blkdev, fifo, socket, door). path=update.no_header.image_extract/bin/sleep pid=153886
2025-10-11 00:46.25 [debug    ] Ignoring special file (link, chrdev, blkdev, fifo, socket, door). path=update.no_header.image_extract/bin/touch pid=153886
2025-10-11 00:46.25 [debug    ] Ignoring special file (link, chrdev, blkdev, fifo, socket, door). path=update.no_header.image_extract/bin/base64 pid=153886
2025-10-11 00:46.25 [debug    ] Ignoring special file (link, chrdev, blkdev, fifo, socket, door). path=update.no_header.image_extract/bin/ping pid=153886
2025-10-11 00:46.25 [debug    ] Ignoring special file (link, chrdev, blkdev, fifo, socket, door). path=update.no_header.image_extract/bin/gunzip pid=153886
2025-10-11 00:46.25 [debug    ] Ignoring special file (link, chrdev, blkdev, fifo, socket, door). path=update.no_header.image_extract/bin/kill pid=153886
2025-10-11 00:46.25 [debug    ] Ignoring special file (link, chrdev, blkdev, fifo, socket, door). path=update.no_header.image_extract/bin/nice pid=153886
2025-10-11 00:46.25 [debug    ] Ignoring special file (link, chrdev, blkdev, fifo, socket, door). path=update.no_header.image_extract/bin/date pid=153886
2025-10-11 00:46.25 [debug    ] Ignoring special file (link, chrdev, blkdev, fifo, socket, door). path=update.no_header.image_extract/bin/login pid=153886
2025-10-11 00:46.25 [debug    ] Ignoring special file (link, chrdev, blkdev, fifo, socket, door). path=update.no_header.image_extract/bin/mount pid=153886
2025-10-11 00:46.25 [debug    ] Ignoring special file (link, chrdev, blkdev, fifo, socket, door). path=update.no_header.image_extract/bin/sed pid=153886
2025-10-11 00:46.25 [debug    ] Ignoring special file (link, chrdev, blkdev, fifo, socket, door). path=update.no_header.image_extract/bin/setpriv pid=153886
2025-10-11 00:46.25 [debug    ] Ignoring special file (link, chrdev, blkdev, fifo, socket, door). path=update.no_header.image_extract/bin/mv pid=153886
2025-10-11 00:46.25 [debug    ] Ignoring special file (link, chrdev, blkdev, fifo, socket, door). path=update.no_header.image_extract/bin/sync pid=153886
2025-10-11 00:46.25 [debug    ] Ignoring special file (link, chrdev, blkdev, fifo, socket, door). path=update.no_header.image_extract/bin/tar pid=153886
2025-10-11 00:46.25 [debug    ] Ignoring special file (link, chrdev, blkdev, fifo, socket, door). path=update.no_header.image_extract/bin/ash pid=153886
2025-10-11 00:46.25 [debug    ] Ignoring special file (link, chrdev, blkdev, fifo, socket, door). path=update.no_header.image_extract/bin/setserial pid=153886
2025-10-11 00:46.25 [debug    ] Ignoring special file (link, chrdev, blkdev, fifo, socket, door). path=update.no_header.image_extract/bin/ps pid=153886
2025-10-11 00:46.25 [debug    ] Ignoring special file (link, chrdev, blkdev, fifo, socket, door). path=update.no_header.image_extract/bin/cat pid=153886
2025-10-11 00:46.25 [debug    ] Ignoring special file (link, chrdev, blkdev, fifo, socket, door). path=update.no_header.image_extract/bin/dnsdomainname pid=153886
2025-10-11 00:46.25 [debug    ] Ignoring special file (link, chrdev, blkdev, fifo, socket, door). path=update.no_header.image_extract/bin/cp pid=153886
2025-10-11 00:46.25 [debug    ] Ignoring special file (link, chrdev, blkdev, fifo, socket, door). path=update.no_header.image_extract/bin/mkdir pid=153886
2025-10-11 00:46.25 [debug    ] Ignoring special file (link, chrdev, blkdev, fifo, socket, door). path=update.no_header.image_extract/bin/uname pid=153886
2025-10-11 00:46.25 [debug    ] Ignoring special file (link, chrdev, blkdev, fifo, socket, door). path=update.no_header.image_extract/bin/usleep pid=153886
2025-10-11 00:46.25 [debug    ] Ignoring special file (link, chrdev, blkdev, fifo, socket, door). path=update.no_header.image_extract/bin/sh pid=153886
2025-10-11 00:46.25 [debug    ] Processing directory           path=update.no_header.image_extract/usr/sbin pid=153886
2025-10-11 00:46.25 [debug    ] Processing directory           path=update.no_header.image_extract/usr/lib pid=153886
2025-10-11 00:46.25 [debug    ] Processing directory           path=update.no_header.image_extract/usr/bin pid=153886
2025-10-11 00:46.25 [debug    ] Calculating chunk for pattern match handler=elf32 pid=153897 real_offset=0x0 start_offset=0x0
2025-10-11 00:46.25 [debug    ] Ignoring special file (link, chrdev, blkdev, fifo, socket, door). path=update.no_header.image_extract/usr/lib32 pid=153886
2025-10-11 00:46.25 [debug    ] Detected file-magic            magic=ASCII text path=update.no_header.image_extract/etc/hosts pid=153886
2025-10-11 00:46.25 [debug    ] Processing file                path=update.no_header.image_extract/etc/hosts pid=153886 size=0x27
2025-10-11 00:46.25 [debug    ] Ended searching for chunks     all_chunks=[] pid=153886
2025-10-11 00:46.25 [debug    ] Found valid chunk              chunk=0x0-0x1a0e8 handler=elf32 pid=153897
2025-10-11 00:46.25 [debug    ] Ended searching for chunks     all_chunks=[0x0-0x1a0e8] pid=153897
2025-10-11 00:46.25 [debug    ] Removed inner chunks           outer_chunk_count=1 pid=153897 removed_inner_chunk_count=0
2025-10-11 00:46.25 [debug    ] Detected file-magic            magic=ASCII text path=update.no_header.image_extract/etc/bitmain.pub pid=153886
2025-10-11 00:46.25 [debug    ] Processing file                path=update.no_header.image_extract/etc/bitmain.pub pid=153886 size=0x1c3
2025-10-11 00:46.25 [debug    ] Ended searching for chunks     all_chunks=[] pid=153886
2025-10-11 00:46.25 [debug    ] Detected file-magic            magic=ASCII text path=update.no_header.image_extract/etc/group pid=153886
2025-10-11 00:46.25 [debug    ] Processing file                path=update.no_header.image_extract/etc/group pid=153886 size=0x133
2025-10-11 00:46.25 [debug    ] Ended searching for chunks     all_chunks=[] pid=153886
2025-10-11 00:46.25 [debug    ] Detected file-magic            magic=ASCII text path=update.no_header.image_extract/etc/nsswitch.conf pid=153886
2025-10-11 00:46.25 [debug    ] Processing file                path=update.no_header.image_extract/etc/nsswitch.conf pid=153886 size=0xe6
2025-10-11 00:46.25 [debug    ] Ended searching for chunks     all_chunks=[] pid=153886
2025-10-11 00:46.25 [debug    ] Calculating chunk for pattern match handler=elf32 pid=153891 real_offset=0x0 start_offset=0x0
2025-10-11 00:46.25 [debug    ] Calculating chunk for pattern match handler=elf32 pid=153892 real_offset=0x0 start_offset=0x0
2025-10-11 00:46.25 [debug    ] Detected file-magic            magic=ASCII text path=update.no_header.image_extract/etc/hostname pid=153886
2025-10-11 00:46.25 [debug    ] Processing file                path=update.no_header.image_extract/etc/hostname pid=153886 size=0x9
2025-10-11 00:46.25 [debug    ] Calculating chunk for pattern match handler=elf32 pid=153887 real_offset=0x0 start_offset=0x0
2025-10-11 00:46.25 [debug    ] Calculating chunk for pattern match handler=elf32 pid=153894 real_offset=0x0 start_offset=0x0
2025-10-11 00:46.25 [debug    ] Ended searching for chunks     all_chunks=[] pid=153886
2025-10-11 00:46.25 [debug    ] Calculating chunk for pattern match handler=elf32 pid=153901 real_offset=0x0 start_offset=0x0
2025-10-11 00:46.25 [debug    ] Detected file-magic            magic=ASCII text path=update.no_header.image_extract/etc/services pid=153897
2025-10-11 00:46.25 [debug    ] Processing file                path=update.no_header.image_extract/etc/services pid=153897 size=0x2a79
2025-10-11 00:46.25 [debug    ] Calculating chunk for pattern match handler=elf32 pid=153888 real_offset=0x0 start_offset=0x0
2025-10-11 00:46.25 [debug    ] Ended searching for chunks     all_chunks=[] pid=153897
2025-10-11 00:46.25 [debug    ] Calculating chunk for pattern match handler=elf32 pid=153900 real_offset=0x0 start_offset=0x0
2025-10-11 00:46.25 [debug    ] Processing directory           path=update.no_header.image_extract/etc/ssl pid=153897
2025-10-11 00:46.25 [debug    ] Detected file-magic            magic=ASCII text path=update.no_header.image_extract/etc/shadow.factory pid=153886
2025-10-11 00:46.25 [debug    ] Calculating chunk for pattern match handler=elf32 pid=153895 real_offset=0x0 start_offset=0x0
2025-10-11 00:46.25 [debug    ] Processing file                path=update.no_header.image_extract/etc/shadow.factory pid=153886 size=0x2fe
2025-10-11 00:46.25 [debug    ] Ended searching for chunks     all_chunks=[] pid=153886
2025-10-11 00:46.25 [debug    ] Detected file-magic            magic=ASCII text path=update.no_header.image_extract/etc/passwd pid=153897
2025-10-11 00:46.25 [debug    ] Processing file                path=update.no_header.image_extract/etc/passwd pid=153897 size=0x154
2025-10-11 00:46.25 [debug    ] Ended searching for chunks     all_chunks=[] pid=153897
2025-10-11 00:46.25 [debug    ] Processing directory           path=update.no_header.image_extract/etc/init.d pid=153897
2025-10-11 00:46.25 [debug    ] Ignoring special file (link, chrdev, blkdev, fifo, socket, door). path=update.no_header.image_extract/etc/mtab pid=153897
2025-10-11 00:46.25 [debug    ] Detected file-magic            magic=ASCII text path=update.no_header.image_extract/etc/shells pid=153886
2025-10-11 00:46.25 [debug    ] Found valid chunk              chunk=0x0-0x5510 handler=elf32 pid=153891
2025-10-11 00:46.25 [debug    ] Ended searching for chunks     all_chunks=[0x0-0x5510] pid=153891
2025-10-11 00:46.25 [debug    ] Processing file                path=update.no_header.image_extract/etc/shells pid=153886 size=0x8
2025-10-11 00:46.25 [debug    ] Removed inner chunks           outer_chunk_count=1 pid=153891 removed_inner_chunk_count=0
2025-10-11 00:46.25 [debug    ] Found valid chunk              chunk=0x0-0x5774 handler=elf32 pid=153892
2025-10-11 00:46.25 [debug    ] Ended searching for chunks     all_chunks=[] pid=153886
2025-10-11 00:46.25 [debug    ] Ended searching for chunks     all_chunks=[0x0-0x5774] pid=153892
2025-10-11 00:46.25 [debug    ] Removed inner chunks           outer_chunk_count=1 pid=153892 removed_inner_chunk_count=0
2025-10-11 00:46.25 [debug    ] Calculating chunk for pattern match handler=elf32 pid=153898 real_offset=0x0 start_offset=0x0
2025-10-11 00:46.25 [debug    ] Ignoring special file (link, chrdev, blkdev, fifo, socket, door). path=update.no_header.image_extract/etc/os-release pid=153886
2025-10-11 00:46.25 [debug    ] Processing directory           path=update.no_header.image_extract/etc/udhcpc pid=153891
2025-10-11 00:46.25 [debug    ] Processing directory           path=update.no_header.image_extract/etc/profile.d pid=153886
2025-10-11 00:46.25 [debug    ] Ended searching for chunks     all_chunks=[] pid=153889
2025-10-11 00:46.25 [debug    ] Detected file-magic            magic=ASCII text path=update.no_header.image_extract/etc/profile pid=153897
2025-10-11 00:46.25 [debug    ] Found valid chunk              chunk=0x0-0x36e8 handler=elf32 pid=153887
2025-10-11 00:46.25 [debug    ] Ended searching for chunks     all_chunks=[0x0-0x36e8] pid=153887
2025-10-11 00:46.25 [debug    ] Ignoring special file (link, chrdev, blkdev, fifo, socket, door). path=update.no_header.image_extract/etc/resolv.conf pid=153891
2025-10-11 00:46.25 [debug    ] Processing file                path=update.no_header.image_extract/etc/profile pid=153897 size=0x19e
2025-10-11 00:46.25 [debug    ] Removed inner chunks           outer_chunk_count=1 pid=153887 removed_inner_chunk_count=0
2025-10-11 00:46.25 [debug    ] Ended searching for chunks     all_chunks=[] pid=153897
2025-10-11 00:46.25 [debug    ] Found valid chunk              chunk=0x0-0x25d4 handler=elf32 pid=153901
2025-10-11 00:46.25 [debug    ] Calculating chunk for pattern match handler=elf32 pid=153893 real_offset=0x0 start_offset=0x0
2025-10-11 00:46.25 [debug    ] Ended searching for chunks     all_chunks=[0x0-0x25d4] pid=153901
2025-10-11 00:46.25 [debug    ] Detected file-magic            magic=ASCII text path=update.no_header.image_extract/etc/issue pid=153886
2025-10-11 00:46.25 [debug    ] Ended searching for chunks     all_chunks=[] pid=153890
2025-10-11 00:46.25 [debug    ] Ignoring special file (link, chrdev, blkdev, fifo, socket, door). path=update.no_header.image_extract/lib/debug/libstdc++.so.6 pid=153887
2025-10-11 00:46.25 [debug    ] Removed inner chunks           outer_chunk_count=1 pid=153901 removed_inner_chunk_count=0
2025-10-11 00:46.25 [debug    ] Processing file                path=update.no_header.image_extract/etc/issue pid=153886 size=0x14
2025-10-11 00:46.25 [debug    ] Ended searching for chunks     all_chunks=[] pid=153886
2025-10-11 00:46.25 [debug    ] Ignoring special file (link, chrdev, blkdev, fifo, socket, door). path=update.no_header.image_extract/var/lib/misc pid=153890
2025-10-11 00:46.25 [debug    ] Found valid chunk              chunk=0x0-0xf8dd0 handler=elf32 pid=153900
2025-10-11 00:46.25 [debug    ] Found valid chunk              chunk=0x0-0xd720 handler=elf32 pid=153888
2025-10-11 00:46.25 [debug    ] Detected file-magic            magic=ASCII text path=update.no_header.image_extract/etc/fstab pid=153897
2025-10-11 00:46.25 [debug    ] Found valid chunk              chunk=0x0-0x7608 handler=elf32 pid=153894
2025-10-11 00:46.25 [debug    ] Ended searching for chunks     all_chunks=[0x0-0xf8dd0] pid=153900
2025-10-11 00:46.25 [debug    ] Ignoring special file (link, chrdev, blkdev, fifo, socket, door). path=update.no_header.image_extract/usr/sbin/flash_eraseall pid=153901
2025-10-11 00:46.25 [debug    ] Ended searching for chunks     all_chunks=[0x0-0xd720] pid=153888
2025-10-11 00:46.25 [debug    ] Removed inner chunks           outer_chunk_count=1 pid=153900 removed_inner_chunk_count=0
2025-10-11 00:46.25 [debug    ] Ended searching for chunks     all_chunks=[0x0-0x7608] pid=153894
2025-10-11 00:46.25 [debug    ] Removed inner chunks           outer_chunk_count=1 pid=153888 removed_inner_chunk_count=0
2025-10-11 00:46.25 [debug    ] Removed inner chunks           outer_chunk_count=1 pid=153894 removed_inner_chunk_count=0
2025-10-11 00:46.25 [debug    ] Processing file                path=update.no_header.image_extract/etc/fstab pid=153897 size=0x14e
2025-10-11 00:46.25 [debug    ] Ended searching for chunks     all_chunks=[] pid=153897
2025-10-11 00:46.25 [debug    ] Ignoring special file (link, chrdev, blkdev, fifo, socket, door). path=update.no_header.image_extract/usr/sbin/ether-wake pid=153901
2025-10-11 00:46.25 [debug    ] Detected file-magic            magic=ELF 32-bit LSB executable, ARM, EABI5 version 1\012-  (SYSV), dynamically linked, interpreter /lib/ld-linux-armhf.so.3, for GNU/Linux 3.2.0, BuildID[sha1]=94a738bbf30b3cff1ca4951a422b786df2a14371, stripped\012- data path=update.no_header.image_extract/usr/sbin/ubimkvol pid=153886
2025-10-11 00:46.25 [debug    ] Ignoring special file (link, chrdev, blkdev, fifo, socket, door). path=update.no_header.image_extract/usr/sbin/chroot pid=153897
2025-10-11 00:46.25 [debug    ] Detected file-magic            magic=ELF 32-bit LSB shared object, ARM, EABI5 version 1\012-  (GNU/Linux), dynamically linked, BuildID[sha1]=581dc6fe25c36ae838caeeab8e4e18791e65a03d, stripped\012- data path=update.no_header.image_extract/lib/debug/libstdc++.so.6.0.24 pid=153887
2025-10-11 00:46.25 [debug    ] Detected file-magic            magic=ASCII text path=update.no_header.image_extract/etc/shadow pid=153889
2025-10-11 00:46.25 [debug    ] Detected file-magic            magic=ELF 32-bit LSB executable, ARM, EABI5 version 1\012-  (SYSV), dynamically linked, interpreter /lib/ld-linux-armhf.so.3, for GNU/Linux 3.2.0, BuildID[sha1]=831cd632196b682099a152bd9128ad30af3bd020, stripped\012- data path=update.no_header.image_extract/usr/sbin/ubiformat pid=153890
2025-10-11 00:46.25 [debug    ] Processing file                path=update.no_header.image_extract/etc/shadow pid=153889 size=0xf4
2025-10-11 00:46.25 [debug    ] Detected file-magic            magic=ELF 32-bit LSB executable, ARM, EABI5 version 1\012-  (SYSV), dynamically linked, interpreter /lib/ld-linux-armhf.so.3, for GNU/Linux 3.2.0, BuildID[sha1]=ebe01aadd1656ffc064b9baa282934bd0e0f0515, stripped\012- data path=update.no_header.image_extract/usr/sbin/ubidetach pid=153894
2025-10-11 00:46.25 [debug    ] Ended searching for chunks     all_chunks=[] pid=153889
2025-10-11 00:46.25 [debug    ] Processing file                path=update.no_header.image_extract/usr/sbin/ubiformat pid=153890 size=0xf648
2025-10-11 00:46.25 [debug    ] Detected file-magic            magic=ELF 32-bit LSB executable, ARM, EABI5 version 1\012-  (SYSV), dynamically linked, interpreter /lib/ld-linux-armhf.so.3, for GNU/Linux 3.2.0, BuildID[sha1]=06221f6165c8975b3d540e8d9e70889071b1d75e, stripped\012- data path=update.no_header.image_extract/usr/sbin/flash_erase pid=153888
2025-10-11 00:46.25 [debug    ] Detected file-magic            magic=ELF 32-bit LSB executable, ARM, EABI5 version 1\012-  (SYSV), dynamically linked, interpreter /lib/ld-linux-armhf.so.3, for GNU/Linux 3.2.0, BuildID[sha1]=3d70f4ce02aed9508cd2f80a2ef83771585c78f4, stripped\012- data path=update.no_header.image_extract/usr/sbin/mtdinfo pid=153901
2025-10-11 00:46.25 [debug    ] Found valid chunk              chunk=0x0-0x6b5a0 handler=elf32 pid=153895
2025-10-11 00:46.25 [debug    ] Ended searching for chunks     all_chunks=[0x0-0x6b5a0] pid=153895
2025-10-11 00:46.25 [debug    ] Calculating chunk for pattern match handler=elf32 pid=153890 real_offset=0x0 start_offset=0x0
2025-10-11 00:46.25 [debug    ] Processing file                path=update.no_header.image_extract/usr/sbin/ubidetach pid=153894 size=0x55d4
2025-10-11 00:46.25 [debug    ] Removed inner chunks           outer_chunk_count=1 pid=153895 removed_inner_chunk_count=0
2025-10-11 00:46.25 [debug    ] Processing file                path=update.no_header.image_extract/usr/sbin/flash_erase pid=153888 size=0x75e4
2025-10-11 00:46.25 [debug    ] Detected file-magic            magic=ASCII text path=update.no_header.image_extract/etc/inittab pid=153892
2025-10-11 00:46.25 [debug    ] Calculating chunk for pattern match handler=elf32 pid=153894 real_offset=0x0 start_offset=0x0
2025-10-11 00:46.25 [debug    ] Processing file                path=update.no_header.image_extract/usr/sbin/mtdinfo pid=153901 size=0x95e8
2025-10-11 00:46.25 [debug    ] Calculating chunk for pattern match handler=elf32 pid=153888 real_offset=0x0 start_offset=0x0
2025-10-11 00:46.25 [debug    ] Calculating chunk for pattern match handler=elf32 pid=153901 real_offset=0x0 start_offset=0x0
2025-10-11 00:46.25 [debug    ] Processing file                path=update.no_header.image_extract/etc/inittab pid=153892 size=0x3ad
2025-10-11 00:46.25 [debug    ] Detected file-magic            magic=ELF 32-bit LSB executable, ARM, EABI5 version 1\012-  (SYSV), dynamically linked, interpreter /lib/ld-linux-armhf.so.3, for GNU/Linux 3.2.0, BuildID[sha1]=fb179a3f323145ccceb7461908a119f2f3852480, stripped\012- data path=update.no_header.image_extract/usr/sbin/nanddump pid=153889
2025-10-11 00:46.25 [debug    ] Found valid chunk              chunk=0x0-0x55d4 handler=elf32 pid=153894
2025-10-11 00:46.25 [debug    ] Ended searching for chunks     all_chunks=[] pid=153892
2025-10-11 00:46.25 [debug    ] Ended searching for chunks     all_chunks=[0x0-0x55d4] pid=153894
2025-10-11 00:46.25 [debug    ] Found valid chunk              chunk=0x0-0x75e4 handler=elf32 pid=153888
2025-10-11 00:46.25 [debug    ] Removed inner chunks           outer_chunk_count=1 pid=153894 removed_inner_chunk_count=0
2025-10-11 00:46.25 [debug    ] Found valid chunk              chunk=0x0-0x95e8 handler=elf32 pid=153901
2025-10-11 00:46.25 [debug    ] Processing file                path=update.no_header.image_extract/usr/sbin/nanddump pid=153889 size=0x85e8
2025-10-11 00:46.25 [debug    ] Ignoring special file (link, chrdev, blkdev, fifo, socket, door). path=update.no_header.image_extract/usr/sbin/deluser pid=153892
2025-10-11 00:46.25 [debug    ] Ended searching for chunks     all_chunks=[0x0-0x95e8] pid=153901
2025-10-11 00:46.25 [debug    ] Ended searching for chunks     all_chunks=[0x0-0x75e4] pid=153888
2025-10-11 00:46.25 [debug    ] Removed inner chunks           outer_chunk_count=1 pid=153901 removed_inner_chunk_count=0
2025-10-11 00:46.25 [debug    ] Removed inner chunks           outer_chunk_count=1 pid=153888 removed_inner_chunk_count=0
2025-10-11 00:46.25 [debug    ] Calculating chunk for pattern match handler=elf32 pid=153889 real_offset=0x0 start_offset=0x0
2025-10-11 00:46.25 [debug    ] Processing file                path=update.no_header.image_extract/usr/sbin/ubimkvol pid=153886 size=0x6608
2025-10-11 00:46.25 [debug    ] Processing file                path=update.no_header.image_extract/lib/debug/libstdc++.so.6.0.24 pid=153887 size=0x11ed3c
2025-10-11 00:46.25 [debug    ] Calculating chunk for pattern match handler=elf32 pid=153886 real_offset=0x0 start_offset=0x0
2025-10-11 00:46.25 [debug    ] Detected file-magic            magic=ASCII text path=update.no_header.image_extract/etc/protocols pid=153891
2025-10-11 00:46.25 [debug    ] Ignoring special file (link, chrdev, blkdev, fifo, socket, door). path=update.no_header.image_extract/usr/sbin/adduser pid=153901
2025-10-11 00:46.25 [debug    ] Calculating chunk for pattern match handler=elf32 pid=153887 real_offset=0x0 start_offset=0x0
2025-10-11 00:46.25 [debug    ] Detected file-magic            magic=ELF 32-bit LSB executable, ARM, EABI5 version 1\012-  (SYSV), dynamically linked, interpreter /lib/ld-linux-armhf.so.3, for GNU/Linux 3.2.0, BuildID[sha1]=b378f298c25bda8ef217d7b427d8a40bab0e3553, stripped\012- data path=update.no_header.image_extract/usr/sbin/ubirmvol pid=153897
2025-10-11 00:46.25 [debug    ] Detected file-magic            magic=ELF 32-bit LSB executable, ARM, EABI5 version 1\012-  (SYSV), dynamically linked, interpreter /lib/ld-linux-armhf.so.3, for GNU/Linux 3.2.0, BuildID[sha1]=1a0b36e5645b8ce77260a46ae59e20df8d919287, stripped\012- data path=update.no_header.image_extract/usr/sbin/nandwrite pid=153895
2025-10-11 00:46.25 [debug    ] Processing file                path=update.no_header.image_extract/etc/protocols pid=153891 size=0xab8
2025-10-11 00:46.25 [debug    ] Found valid chunk              chunk=0x0-0x6608 handler=elf32 pid=153886
2025-10-11 00:46.25 [debug    ] Detected file-magic            magic=ELF 32-bit LSB executable, ARM, EABI5 version 1\012-  (SYSV), dynamically linked, interpreter /lib/ld-linux-armhf.so.3, for GNU/Linux 3.2.0, BuildID[sha1]=296ce8fcaad9d734a857e7dad153892254abe7aa, stripped\012- data path=update.no_header.image_extract/usr/sbin/ubinfo pid=153894
2025-10-11 00:46.25 [debug    ] Ended searching for chunks     all_chunks=[0x0-0x6608] pid=153886
2025-10-11 00:46.25 [debug    ] Ignoring special file (link, chrdev, blkdev, fifo, socket, door). path=update.no_header.image_extract/usr/sbin/fsfreeze pid=153892
2025-10-11 00:46.25 [debug    ] Removed inner chunks           outer_chunk_count=1 pid=153886 removed_inner_chunk_count=0
2025-10-11 00:46.25 [debug    ] Ended searching for chunks     all_chunks=[] pid=153891
2025-10-11 00:46.25 [debug    ] Processing file                path=update.no_header.image_extract/usr/sbin/ubirmvol pid=153897 size=0x55d0
2025-10-11 00:46.25 [debug    ] Processing file                path=update.no_header.image_extract/usr/sbin/nandwrite pid=153895 size=0x85e4
2025-10-11 00:46.25 [debug    ] Detected file-magic            magic=ELF 32-bit LSB executable, ARM, EABI5 version 1\012-  (SYSV), dynamically linked, interpreter /lib/ld-linux-armhf.so.3, for GNU/Linux 3.2.0, BuildID[sha1]=a861c63e3620d78a018d18f95ae5f27bde725677, stripped\012- data path=update.no_header.image_extract/usr/sbin/ubiattach pid=153888
2025-10-11 00:46.25 [debug    ] Ignoring special file (link, chrdev, blkdev, fifo, socket, door). path=update.no_header.image_extract/usr/lib/libz.so pid=153892
2025-10-11 00:46.25 [debug    ] Calculating chunk for pattern match handler=elf32 pid=153897 real_offset=0x0 start_offset=0x0
2025-10-11 00:46.25 [debug    ] Processing file                path=update.no_header.image_extract/usr/sbin/ubinfo pid=153894 size=0x65f0
2025-10-11 00:46.25 [debug    ] Calculating chunk for pattern match handler=elf32 pid=153895 real_offset=0x0 start_offset=0x0
2025-10-11 00:46.25 [debug    ] Ignoring special file (link, chrdev, blkdev, fifo, socket, door). path=update.no_header.image_extract/usr/lib/libssl.so pid=153886
2025-10-11 00:46.25 [debug    ] Calculating chunk for pattern match handler=elf32 pid=153896 real_offset=0x0 start_offset=0x0
2025-10-11 00:46.25 [debug    ] Calculating chunk for pattern match handler=elf32 pid=153894 real_offset=0x0 start_offset=0x0
2025-10-11 00:46.25 [debug    ] Processing file                path=update.no_header.image_extract/usr/sbin/ubiattach pid=153888 size=0x65f4
2025-10-11 00:46.25 [debug    ] Found valid chunk              chunk=0x0-0x55d0 handler=elf32 pid=153897
2025-10-11 00:46.25 [debug    ] Ended searching for chunks     all_chunks=[0x0-0x55d0] pid=153897
2025-10-11 00:46.25 [debug    ] Found valid chunk              chunk=0x0-0x85e4 handler=elf32 pid=153895
2025-10-11 00:46.25 [debug    ] Calculating chunk for pattern match handler=elf32 pid=153888 real_offset=0x0 start_offset=0x0
2025-10-11 00:46.25 [debug    ] Removed inner chunks           outer_chunk_count=1 pid=153897 removed_inner_chunk_count=0
2025-10-11 00:46.25 [debug    ] Ended searching for chunks     all_chunks=[0x0-0x85e4] pid=153895
2025-10-11 00:46.25 [debug    ] Found valid chunk              chunk=0x0-0x65f0 handler=elf32 pid=153894
2025-10-11 00:46.25 [debug    ] Removed inner chunks           outer_chunk_count=1 pid=153895 removed_inner_chunk_count=0
2025-10-11 00:46.25 [debug    ] Detected file-magic            magic=ELF 32-bit LSB shared object, ARM, EABI5 version 1\012-  (SYSV), dynamically linked, BuildID[sha1]=275260f84771c230a77e7cf6bad1fc00a427a3e6, stripped\012- data path=update.no_header.image_extract/usr/lib/libevent_openssl-2.1.so.6.0.2 pid=153891
2025-10-11 00:46.25 [debug    ] Ended searching for chunks     all_chunks=[0x0-0x65f0] pid=153894
2025-10-11 00:46.25 [debug    ] Removed inner chunks           outer_chunk_count=1 pid=153894 removed_inner_chunk_count=0
2025-10-11 00:46.25 [debug    ] Ignoring special file (link, chrdev, blkdev, fifo, socket, door). path=update.no_header.image_extract/usr/lib/libevent-2.1.so.6 pid=153900
2025-10-11 00:46.25 [debug    ] Found valid chunk              chunk=0x0-0x65f4 handler=elf32 pid=153888
2025-10-11 00:46.25 [debug    ] Ended searching for chunks     all_chunks=[0x0-0x65f4] pid=153888
2025-10-11 00:46.25 [debug    ] Processing file                path=update.no_header.image_extract/usr/lib/libevent_openssl-2.1.so.6.0.2 pid=153891 size=0x4644
2025-10-11 00:46.25 [debug    ] Removed inner chunks           outer_chunk_count=1 pid=153888 removed_inner_chunk_count=0
2025-10-11 00:46.25 [debug    ] Found valid chunk              chunk=0x0-0x11ed3c handler=elf32 pid=153887
2025-10-11 00:46.25 [debug    ] Calculating chunk for pattern match handler=elf32 pid=153891 real_offset=0x0 start_offset=0x0
2025-10-11 00:46.25 [debug    ] Ended searching for chunks     all_chunks=[0x0-0x11ed3c] pid=153887
2025-10-11 00:46.25 [debug    ] Calculating chunk for pattern match handler=elf32 pid=153899 real_offset=0x0 start_offset=0x0
2025-10-11 00:46.25 [debug    ] Removed inner chunks           outer_chunk_count=1 pid=153887 removed_inner_chunk_count=0
2025-10-11 00:46.25 [debug    ] Detected file-magic            magic=ELF 32-bit LSB shared object, ARM, EABI5 version 1\012-  (SYSV), dynamically linked, BuildID[sha1]=4e333644a105f93bf59faae4c9820162e2854060, stripped\012- data path=update.no_header.image_extract/usr/lib/libz.so.1.2.11 pid=153892
2025-10-11 00:46.25 [debug    ] Ignoring special file (link, chrdev, blkdev, fifo, socket, door). path=update.no_header.image_extract/usr/lib/libevent.so pid=153894
2025-10-11 00:46.25 [debug    ] Detected file-magic            magic=ELF 32-bit LSB shared object, ARM, EABI5 version 1\012-  (SYSV), dynamically linked, BuildID[sha1]=7f7642c49bb4f201d7494ec00dc401fdc03baa9d, stripped\012- data path=update.no_header.image_extract/usr/lib/libevent-2.1.so.6.0.2 pid=153886
2025-10-11 00:46.25 [debug    ] Ignoring special file (link, chrdev, blkdev, fifo, socket, door). path=update.no_header.image_extract/usr/lib/libevent_pthreads-2.1.so.6 pid=153888
2025-10-11 00:46.25 [debug    ] Found valid chunk              chunk=0x0-0x4644 handler=elf32 pid=153891
2025-10-11 00:46.25 [debug    ] Ignoring special file (link, chrdev, blkdev, fifo, socket, door). path=update.no_header.image_extract/usr/lib/libaio.so.1 pid=153894
2025-10-11 00:46.25 [debug    ] Detected file-magic            magic=ELF 32-bit LSB shared object, ARM, EABI5 version 1\012-  (SYSV), dynamically linked, BuildID[sha1]=d52a6f89d24eb4809ab366b71b64d83874a49801, stripped\012- data path=update.no_header.image_extract/usr/lib/libdaemon.so.0.5.0 pid=153897
2025-10-11 00:46.25 [debug    ] Ended searching for chunks     all_chunks=[0x0-0x4644] pid=153891
2025-10-11 00:46.25 [debug    ] Removed inner chunks           outer_chunk_count=1 pid=153891 removed_inner_chunk_count=0
2025-10-11 00:46.25 [debug    ] Ignoring special file (link, chrdev, blkdev, fifo, socket, door). path=update.no_header.image_extract/usr/lib/libevent_pthreads.so pid=153888
2025-10-11 00:46.25 [debug    ] Processing file                path=update.no_header.image_extract/usr/lib/libz.so.1.2.11 pid=153892 size=0x13610
2025-10-11 00:46.25 [debug    ] Ignoring special file (link, chrdev, blkdev, fifo, socket, door). path=update.no_header.image_extract/usr/lib/libdaemon.so.0 pid=153894
2025-10-11 00:46.25 [debug    ] Processing file                path=update.no_header.image_extract/usr/lib/libdaemon.so.0.5.0 pid=153897 size=0x55f4
2025-10-11 00:46.25 [debug    ] Ignoring special file (link, chrdev, blkdev, fifo, socket, door). path=update.no_header.image_extract/usr/lib/libaio.so pid=153888
2025-10-11 00:46.25 [debug    ] Calculating chunk for pattern match handler=elf32 pid=153892 real_offset=0x0 start_offset=0x0
2025-10-11 00:46.25 [debug    ] Detected file-magic            magic=ELF 32-bit LSB shared object, ARM, EABI5 version 1\012-  (SYSV), dynamically linked, BuildID[sha1]=8ba4f8bd01e56d7b374b36d3d77c5ef25f2171ae, stripped\012- data path=update.no_header.image_extract/usr/lib/libexpat.so.1.6.10 pid=153900
2025-10-11 00:46.25 [debug    ] Calculating chunk for pattern match handler=elf32 pid=153897 real_offset=0x0 start_offset=0x0
2025-10-11 00:46.25 [debug    ] Found valid chunk              chunk=0x0-0xdb6e8 handler=elf32 pid=153898
2025-10-11 00:46.25 [debug    ] Ignoring special file (link, chrdev, blkdev, fifo, socket, door). path=update.no_header.image_extract/usr/lib/libexpat.so.1 pid=153891
2025-10-11 00:46.25 [debug    ] Ignoring special file (link, chrdev, blkdev, fifo, socket, door). path=update.no_header.image_extract/usr/lib/libevent_core-2.1.so.6 pid=153888
2025-10-11 00:46.25 [debug    ] Processing file                path=update.no_header.image_extract/usr/lib/libevent-2.1.so.6.0.2 pid=153886 size=0x47cd8
2025-10-11 00:46.25 [debug    ] Found valid chunk              chunk=0x0-0x35c0 handler=elf32 pid=153893
2025-10-11 00:46.25 [debug    ] Ended searching for chunks     all_chunks=[0x0-0xdb6e8] pid=153898
2025-10-11 00:46.25 [debug    ] Ended searching for chunks     all_chunks=[0x0-0x35c0] pid=153893
2025-10-11 00:46.25 [debug    ] Removed inner chunks           outer_chunk_count=1 pid=153898 removed_inner_chunk_count=0
2025-10-11 00:46.25 [debug    ] Found valid chunk              chunk=0x0-0x55f4 handler=elf32 pid=153897
2025-10-11 00:46.25 [debug    ] Found valid chunk              chunk=0x0-0x13610 handler=elf32 pid=153892
2025-10-11 00:46.25 [debug    ] Removed inner chunks           outer_chunk_count=1 pid=153893 removed_inner_chunk_count=0
2025-10-11 00:46.25 [debug    ] Ended searching for chunks     all_chunks=[0x0-0x55f4] pid=153897
2025-10-11 00:46.25 [debug    ] Calculating chunk for pattern match handler=elf32 pid=153886 real_offset=0x0 start_offset=0x0
2025-10-11 00:46.25 [debug    ] Ignoring special file (link, chrdev, blkdev, fifo, socket, door). path=update.no_header.image_extract/usr/lib/libdaemon.so pid=153888
2025-10-11 00:46.25 [debug    ] Ended searching for chunks     all_chunks=[0x0-0x13610] pid=153892
2025-10-11 00:46.25 [debug    ] Removed inner chunks           outer_chunk_count=1 pid=153897 removed_inner_chunk_count=0
2025-10-11 00:46.25 [debug    ] Removed inner chunks           outer_chunk_count=1 pid=153892 removed_inner_chunk_count=0
2025-10-11 00:46.25 [debug    ] Processing file                path=update.no_header.image_extract/usr/lib/libexpat.so.1.6.10 pid=153900 size=0x2b5d0
2025-10-11 00:46.25 [debug    ] Found valid chunk              chunk=0x0-0x47cd8 handler=elf32 pid=153886
2025-10-11 00:46.25 [debug    ] Detected file-magic            magic=ELF 32-bit LSB shared object, ARM, EABI5 version 1\012-  (SYSV), dynamically linked, BuildID[sha1]=8375f8b5605b6b710706dd0ca448137dd7533bb9, stripped\012- data path=update.no_header.image_extract/usr/lib/libevent_extra-2.1.so.6.0.2 pid=153894
2025-10-11 00:46.25 [debug    ] Ended searching for chunks     all_chunks=[0x0-0x47cd8] pid=153886
2025-10-11 00:46.25 [debug    ] Calculating chunk for pattern match handler=elf32 pid=153900 real_offset=0x0 start_offset=0x0
2025-10-11 00:46.25 [debug    ] Removed inner chunks           outer_chunk_count=1 pid=153886 removed_inner_chunk_count=0
2025-10-11 00:46.25 [debug    ] Ignoring special file (link, chrdev, blkdev, fifo, socket, door). path=update.no_header.image_extract/usr/lib/libexpat.so pid=153897
2025-10-11 00:46.25 [debug    ] Detected file-magic            magic=POSIX shell script text executable\012- a /bin/sh script, ASCII text executable path=update.no_header.image_extract/usr/sbin/updateporc.sh pid=153901
2025-10-11 00:46.25 [debug    ] Ignoring special file (link, chrdev, blkdev, fifo, socket, door). path=update.no_header.image_extract/usr/lib/libcrypto.so pid=153892
2025-10-11 00:46.25 [debug    ] Ignoring special file (link, chrdev, blkdev, fifo, socket, door). path=update.no_header.image_extract/usr/lib/libevent_openssl.so pid=153893
2025-10-11 00:46.25 [debug    ] Ignoring special file (link, chrdev, blkdev, fifo, socket, door). path=update.no_header.image_extract/usr/lib/libevent_core.so pid=153897
2025-10-11 00:46.25 [debug    ] Detected file-magic            magic=ASCII text path=update.no_header.image_extract/usr/lib/os-release pid=153891
2025-10-11 00:46.25 [debug    ] Ignoring special file (link, chrdev, blkdev, fifo, socket, door). path=update.no_header.image_extract/usr/lib/libevent_extra-2.1.so.6 pid=153892
2025-10-11 00:46.25 [debug    ] Processing file                path=update.no_header.image_extract/usr/sbin/updateporc.sh pid=153901 size=0x9dd
2025-10-11 00:46.25 [debug    ] Processing file                path=update.no_header.image_extract/usr/lib/os-release pid=153891 size=0x6f
2025-10-11 00:46.25 [debug    ] Ended searching for chunks     all_chunks=[] pid=153901
2025-10-11 00:46.25 [debug    ] Ignoring special file (link, chrdev, blkdev, fifo, socket, door). path=update.no_header.image_extract/usr/lib/libz.so.1 pid=153898
2025-10-11 00:46.25 [debug    ] Ignoring special file (link, chrdev, blkdev, fifo, socket, door). path=update.no_header.image_extract/usr/lib/libevent_extra.so pid=153886
2025-10-11 00:46.25 [debug    ] Ended searching for chunks     all_chunks=[] pid=153891
2025-10-11 00:46.25 [debug    ] Processing file                path=update.no_header.image_extract/usr/lib/libevent_extra-2.1.so.6.0.2 pid=153894 size=0x1b8c8
2025-10-11 00:46.25 [debug    ] Detected file-magic            magic=ELF 32-bit LSB shared object, ARM, EABI5 version 1\012-  (SYSV), dynamically linked, BuildID[sha1]=851de923180b00152a9dfdad42f1f99c8166f230, stripped\012- data path=update.no_header.image_extract/usr/lib/libevent_core-2.1.so.6.0.2 pid=153895
2025-10-11 00:46.25 [debug    ] Ignoring special file (link, chrdev, blkdev, fifo, socket, door). path=update.no_header.image_extract/usr/lib/libevent_openssl-2.1.so.6 pid=153901
2025-10-11 00:46.25 [debug    ] Detected file-magic            magic=ELF 32-bit LSB shared object, ARM, EABI5 version 1\012-  (SYSV), dynamically linked, BuildID[sha1]=f354fc5cea7753c17c76063a4a8ecb1a4a1f0dc0, stripped\012- data path=update.no_header.image_extract/usr/lib/libevent_pthreads-2.1.so.6.0.2 pid=153893
2025-10-11 00:46.25 [debug    ] Ignoring special file (link, chrdev, blkdev, fifo, socket, door). path=update.no_header.image_extract/usr/bin/basename pid=153886
2025-10-11 00:46.25 [debug    ] Ignoring special file (link, chrdev, blkdev, fifo, socket, door). path=update.no_header.image_extract/usr/bin/od pid=153891
2025-10-11 00:46.25 [debug    ] Calculating chunk for pattern match handler=elf32 pid=153894 real_offset=0x0 start_offset=0x0
2025-10-11 00:46.25 [debug    ] Ignoring special file (link, chrdev, blkdev, fifo, socket, door). path=update.no_header.image_extract/usr/bin/setfattr pid=153897
2025-10-11 00:46.25 [debug    ] Detected file-magic            magic=ELF 32-bit LSB shared object, ARM, EABI5 version 1\012-  (SYSV), dynamically linked, BuildID[sha1]=1bb5bdadb1236d51c26f0fdaa490d0e3c3563df6, stripped\012- data path=update.no_header.image_extract/usr/lib/libaio.so.1.0.1 pid=153892
2025-10-11 00:46.25 [debug    ] Ignoring special file (link, chrdev, blkdev, fifo, socket, door). path=update.no_header.image_extract/usr/bin/factor pid=153901
2025-10-11 00:46.25 [debug    ] Ignoring special file (link, chrdev, blkdev, fifo, socket, door). path=update.no_header.image_extract/usr/bin/time pid=153886
2025-10-11 00:46.25 [debug    ] Ignoring special file (link, chrdev, blkdev, fifo, socket, door). path=update.no_header.image_extract/usr/bin/md5sum pid=153897
2025-10-11 00:46.25 [debug    ] Detected file-magic            magic=ELF 32-bit LSB shared object, ARM, EABI5 version 1\012-  (SYSV), dynamically linked, BuildID[sha1]=1200f47004e15924b8ee88304919c409afb60f1b, stripped\012- data path=update.no_header.image_extract/usr/lib/libcrypto.so.1.1 pid=153888
2025-10-11 00:46.25 [debug    ] Processing file                path=update.no_header.image_extract/usr/lib/libevent_pthreads-2.1.so.6.0.2 pid=153893 size=0x1508
2025-10-11 00:46.25 [debug    ] Ignoring special file (link, chrdev, blkdev, fifo, socket, door). path=update.no_header.image_extract/usr/bin/[ pid=153901
2025-10-11 00:46.25 [debug    ] Found valid chunk              chunk=0x0-0x1b8c8 handler=elf32 pid=153894
2025-10-11 00:46.25 [debug    ] Processing file                path=update.no_header.image_extract/usr/lib/libaio.so.1.0.1 pid=153892 size=0x14dc
2025-10-11 00:46.25 [debug    ] Ignoring special file (link, chrdev, blkdev, fifo, socket, door). path=update.no_header.image_extract/usr/bin/patch pid=153891
2025-10-11 00:46.25 [debug    ] Ended searching for chunks     all_chunks=[0x0-0x1b8c8] pid=153894
2025-10-11 00:46.25 [debug    ] Processing file                path=update.no_header.image_extract/usr/lib/libevent_core-2.1.so.6.0.2 pid=153895 size=0x2ea38
2025-10-11 00:46.25 [debug    ] Calculating chunk for pattern match handler=elf32 pid=153893 real_offset=0x0 start_offset=0x0
2025-10-11 00:46.25 [debug    ] Found valid chunk              chunk=0x0-0x2b5d0 handler=elf32 pid=153900
2025-10-11 00:46.25 [debug    ] Removed inner chunks           outer_chunk_count=1 pid=153894 removed_inner_chunk_count=0
2025-10-11 00:46.25 [debug    ] Calculating chunk for pattern match handler=elf32 pid=153892 real_offset=0x0 start_offset=0x0
2025-10-11 00:46.25 [debug    ] Ignoring special file (link, chrdev, blkdev, fifo, socket, door). path=update.no_header.image_extract/usr/bin/logname pid=153901
2025-10-11 00:46.25 [debug    ] Ended searching for chunks     all_chunks=[0x0-0x2b5d0] pid=153900
2025-10-11 00:46.25 [debug    ] Calculating chunk for pattern match handler=elf32 pid=153895 real_offset=0x0 start_offset=0x0
2025-10-11 00:46.25 [debug    ] Removed inner chunks           outer_chunk_count=1 pid=153900 removed_inner_chunk_count=0
2025-10-11 00:46.25 [debug    ] Ignoring special file (link, chrdev, blkdev, fifo, socket, door). path=update.no_header.image_extract/usr/bin/paste pid=153891
2025-10-11 00:46.25 [debug    ] Found valid chunk              chunk=0x0-0x1508 handler=elf32 pid=153893
2025-10-11 00:46.25 [debug    ] Ignoring special file (link, chrdev, blkdev, fifo, socket, door). path=update.no_header.image_extract/usr/bin/nohup pid=153901
2025-10-11 00:46.25 [debug    ] Found valid chunk              chunk=0x0-0x14dc handler=elf32 pid=153892
2025-10-11 00:46.25 [debug    ] Ended searching for chunks     all_chunks=[0x0-0x1508] pid=153893
2025-10-11 00:46.25 [debug    ] Ignoring special file (link, chrdev, blkdev, fifo, socket, door). path=update.no_header.image_extract/usr/bin/env pid=153891
2025-10-11 00:46.25 [debug    ] Detected file-magic            magic=ELF 32-bit LSB shared object, ARM, EABI5 version 1\012-  (SYSV), dynamically linked, BuildID[sha1]=95cd752b60d8fdda44155271096eef32715dd98f, stripped\012- data path=update.no_header.image_extract/usr/lib/libssl.so.1.1 pid=153898
2025-10-11 00:46.25 [debug    ] Ended searching for chunks     all_chunks=[0x0-0x14dc] pid=153892
2025-10-11 00:46.25 [debug    ] Removed inner chunks           outer_chunk_count=1 pid=153893 removed_inner_chunk_count=0
2025-10-11 00:46.25 [debug    ] Detected file-magic            magic=ELF 32-bit LSB executable, ARM, EABI5 version 1\012-  (SYSV), dynamically linked, interpreter /lib/ld-linux-armhf.so.3, for GNU/Linux 3.2.0, BuildID[sha1]=5c0c836fd858832c2c0ef18c6af2b4c24e3a5132, stripped\012- data path=update.no_header.image_extract/usr/bin/FileParser pid=153886
2025-10-11 00:46.25 [debug    ] Found valid chunk              chunk=0x0-0x2ea38 handler=elf32 pid=153895
2025-10-11 00:46.25 [debug    ] Removed inner chunks           outer_chunk_count=1 pid=153892 removed_inner_chunk_count=0
2025-10-11 00:46.25 [debug    ] Ended searching for chunks     all_chunks=[0x0-0x2ea38] pid=153895
2025-10-11 00:46.25 [debug    ] Ignoring special file (link, chrdev, blkdev, fifo, socket, door). path=update.no_header.image_extract/usr/bin/tty pid=153894
2025-10-11 00:46.25 [debug    ] Ignoring special file (link, chrdev, blkdev, fifo, socket, door). path=update.no_header.image_extract/usr/bin/realpath pid=153891
2025-10-11 00:46.25 [debug    ] Ignoring special file (link, chrdev, blkdev, fifo, socket, door). path=update.no_header.image_extract/usr/bin/dirname pid=153901
2025-10-11 00:46.25 [debug    ] Removed inner chunks           outer_chunk_count=1 pid=153895 removed_inner_chunk_count=0
2025-10-11 00:46.25 [debug    ] Ignoring special file (link, chrdev, blkdev, fifo, socket, door). path=update.no_header.image_extract/usr/bin/test pid=153897
2025-10-11 00:46.25 [debug    ] Processing file                path=update.no_header.image_extract/usr/bin/FileParser pid=153886 size=0x3d68
2025-10-11 00:46.25 [debug    ] Ignoring special file (link, chrdev, blkdev, fifo, socket, door). path=update.no_header.image_extract/usr/bin/cksum pid=153891
2025-10-11 00:46.25 [debug    ] Ignoring special file (link, chrdev, blkdev, fifo, socket, door). path=update.no_header.image_extract/usr/bin/unlink pid=153901
2025-10-11 00:46.25 [debug    ] Ignoring special file (link, chrdev, blkdev, fifo, socket, door). path=update.no_header.image_extract/usr/bin/awk pid=153897
2025-10-11 00:46.25 [debug    ] Ignoring special file (link, chrdev, blkdev, fifo, socket, door). path=update.no_header.image_extract/usr/bin/cryptpw pid=153892
2025-10-11 00:46.25 [debug    ] Found valid chunk              chunk=0x0-0xf648 handler=elf32 pid=153890
2025-10-11 00:46.25 [debug    ] Calculating chunk for pattern match handler=elf32 pid=153886 real_offset=0x0 start_offset=0x0
2025-10-11 00:46.25 [debug    ] Ended searching for chunks     all_chunks=[0x0-0xf648] pid=153890
2025-10-11 00:46.25 [debug    ] Ignoring special file (link, chrdev, blkdev, fifo, socket, door). path=update.no_header.image_extract/usr/bin/free pid=153901
2025-10-11 00:46.25 [debug    ] Ignoring special file (link, chrdev, blkdev, fifo, socket, door). path=update.no_header.image_extract/usr/bin/bzip2 pid=153897
2025-10-11 00:46.25 [debug    ] Ignoring special file (link, chrdev, blkdev, fifo, socket, door). path=update.no_header.image_extract/usr/bin/passwd pid=153892
2025-10-11 00:46.25 [debug    ] Removed inner chunks           outer_chunk_count=1 pid=153890 removed_inner_chunk_count=0
2025-10-11 00:46.25 [debug    ] Ignoring special file (link, chrdev, blkdev, fifo, socket, door). path=update.no_header.image_extract/usr/bin/hostid pid=153894
2025-10-11 00:46.25 [debug    ] Ignoring special file (link, chrdev, blkdev, fifo, socket, door). path=update.no_header.image_extract/usr/bin/who pid=153900
2025-10-11 00:46.25 [debug    ] Ignoring special file (link, chrdev, blkdev, fifo, socket, door). path=update.no_header.image_extract/usr/bin/nc pid=153901
2025-10-11 00:46.25 [debug    ] Ignoring special file (link, chrdev, blkdev, fifo, socket, door). path=update.no_header.image_extract/usr/bin/xargs pid=153897
2025-10-11 00:46.25 [debug    ] Found valid chunk              chunk=0x0-0x3d68 handler=elf32 pid=153886
2025-10-11 00:46.25 [debug    ] Ignoring special file (link, chrdev, blkdev, fifo, socket, door). path=update.no_header.image_extract/usr/bin/head pid=153892
2025-10-11 00:46.25 [debug    ] Ended searching for chunks     all_chunks=[0x0-0x3d68] pid=153886
2025-10-11 00:46.25 [debug    ] Ignoring special file (link, chrdev, blkdev, fifo, socket, door). path=update.no_header.image_extract/usr/bin/nproc pid=153894
2025-10-11 00:46.25 [debug    ] Removed inner chunks           outer_chunk_count=1 pid=153886 removed_inner_chunk_count=0
2025-10-11 00:46.25 [debug    ] Processing file                path=update.no_header.image_extract/usr/lib/libssl.so.1.1 pid=153898 size=0x698c0
2025-10-11 00:46.25 [debug    ] Ignoring special file (link, chrdev, blkdev, fifo, socket, door). path=update.no_header.image_extract/usr/bin/expr pid=153901
2025-10-11 00:46.25 [debug    ] Ignoring special file (link, chrdev, blkdev, fifo, socket, door). path=update.no_header.image_extract/usr/bin/yes pid=153900
2025-10-11 00:46.25 [debug    ] Ignoring special file (link, chrdev, blkdev, fifo, socket, door). path=update.no_header.image_extract/usr/bin/sort pid=153897
2025-10-11 00:46.25 [debug    ] Ignoring special file (link, chrdev, blkdev, fifo, socket, door). path=update.no_header.image_extract/usr/bin/find pid=153892
2025-10-11 00:46.25 [debug    ] Ignoring special file (link, chrdev, blkdev, fifo, socket, door). path=update.no_header.image_extract/usr/bin/fold pid=153887
2025-10-11 00:46.25 [debug    ] Ignoring special file (link, chrdev, blkdev, fifo, socket, door). path=update.no_header.image_extract/usr/bin/tail pid=153894
2025-10-11 00:46.25 [debug    ] Detected file-magic            magic=ELF 32-bit LSB executable, ARM, EABI5 version 1\012-  (SYSV), dynamically linked, interpreter /lib/ld-linux-armhf.so.3, for GNU/Linux 3.2.0, BuildID[sha1]=65cce1203104ec28544f52d5d625269b6ebe97ab, stripped\012- data path=update.no_header.image_extract/usr/bin/netcat pid=153891
2025-10-11 00:46.25 [debug    ] Calculating chunk for pattern match handler=elf32 pid=153898 real_offset=0x0 start_offset=0x0
2025-10-11 00:46.25 [debug    ] Ignoring special file (link, chrdev, blkdev, fifo, socket, door). path=update.no_header.image_extract/usr/bin/svok pid=153897
2025-10-11 00:46.25 [debug    ] Ignoring special file (link, chrdev, blkdev, fifo, socket, door). path=update.no_header.image_extract/usr/bin/tee pid=153901
2025-10-11 00:46.25 [debug    ] Ignoring special file (link, chrdev, blkdev, fifo, socket, door). path=update.no_header.image_extract/usr/bin/mesg pid=153900
2025-10-11 00:46.25 [debug    ] Ignoring special file (link, chrdev, blkdev, fifo, socket, door). path=update.no_header.image_extract/usr/bin/sha256sum pid=153890
2025-10-11 00:46.25 [debug    ] Ignoring special file (link, chrdev, blkdev, fifo, socket, door). path=update.no_header.image_extract/usr/bin/less pid=153892
2025-10-11 00:46.25 [debug    ] Ignoring special file (link, chrdev, blkdev, fifo, socket, door). path=update.no_header.image_extract/usr/bin/readlink pid=153887
2025-10-11 00:46.25 [debug    ] Ignoring special file (link, chrdev, blkdev, fifo, socket, door). path=update.no_header.image_extract/usr/bin/truncate pid=153886
2025-10-11 00:46.25 [debug    ] Detected file-magic            magic=ELF 32-bit LSB executable, ARM, EABI5 version 1\012-  (SYSV), dynamically linked, interpreter /lib/ld-linux-armhf.so.3, for GNU/Linux 3.2.0, BuildID[sha1]=92667de68b250078eec1b30da052bc444c7f010e, stripped\012- data path=update.no_header.image_extract/usr/bin/openssl pid=153893
2025-10-11 00:46.25 [debug    ] Ignoring special file (link, chrdev, blkdev, fifo, socket, door). path=update.no_header.image_extract/usr/bin/diff pid=153897
2025-10-11 00:46.25 [debug    ] Ignoring special file (link, chrdev, blkdev, fifo, socket, door). path=update.no_header.image_extract/usr/bin/cut pid=153900
2025-10-11 00:46.25 [debug    ] Found valid chunk              chunk=0x0-0x85e8 handler=elf32 pid=153889
2025-10-11 00:46.25 [debug    ] Ignoring special file (link, chrdev, blkdev, fifo, socket, door). path=update.no_header.image_extract/usr/bin/tr pid=153895
2025-10-11 00:46.25 [debug    ] Ignoring special file (link, chrdev, blkdev, fifo, socket, door). path=update.no_header.image_extract/usr/bin/hexdump pid=153886
2025-10-11 00:46.25 [debug    ] Ignoring special file (link, chrdev, blkdev, fifo, socket, door). path=update.no_header.image_extract/usr/bin/du pid=153887
2025-10-11 00:46.25 [debug    ] Ignoring special file (link, chrdev, blkdev, fifo, socket, door). path=update.no_header.image_extract/usr/bin/svc pid=153892
2025-10-11 00:46.25 [debug    ] Ignoring special file (link, chrdev, blkdev, fifo, socket, door). path=update.no_header.image_extract/usr/bin/printf pid=153890
2025-10-11 00:46.25 [debug    ] Ended searching for chunks     all_chunks=[0x0-0x85e8] pid=153889
2025-10-11 00:46.25 [debug    ] Processing file                path=update.no_header.image_extract/usr/bin/netcat pid=153891 size=0x7654
2025-10-11 00:46.25 [debug    ] Found valid chunk              chunk=0x0-0x698c0 handler=elf32 pid=153898
2025-10-11 00:46.25 [debug    ] Ignoring special file (link, chrdev, blkdev, fifo, socket, door). path=update.no_header.image_extract/usr/bin/id pid=153897
2025-10-11 00:46.25 [debug    ] Removed inner chunks           outer_chunk_count=1 pid=153889 removed_inner_chunk_count=0
2025-10-11 00:46.25 [debug    ] Ignoring special file (link, chrdev, blkdev, fifo, socket, door). path=update.no_header.image_extract/usr/bin/[[ pid=153900
2025-10-11 00:46.25 [debug    ] Ended searching for chunks     all_chunks=[0x0-0x698c0] pid=153898
2025-10-11 00:46.25 [debug    ] Ignoring special file (link, chrdev, blkdev, fifo, socket, door). path=update.no_header.image_extract/usr/bin/seq pid=153895
2025-10-11 00:46.25 [debug    ] Ignoring special file (link, chrdev, blkdev, fifo, socket, door). path=update.no_header.image_extract/usr/bin/killall pid=153887
2025-10-11 00:46.25 [debug    ] Ignoring special file (link, chrdev, blkdev, fifo, socket, door). path=update.no_header.image_extract/usr/bin/which pid=153892
2025-10-11 00:46.25 [debug    ] Removed inner chunks           outer_chunk_count=1 pid=153898 removed_inner_chunk_count=0
2025-10-11 00:46.25 [debug    ] Calculating chunk for pattern match handler=elf32 pid=153891 real_offset=0x0 start_offset=0x0
2025-10-11 00:46.25 [debug    ] Ignoring special file (link, chrdev, blkdev, fifo, socket, door). path=update.no_header.image_extract/usr/bin/mkfifo pid=153890
2025-10-11 00:46.25 [debug    ] Ignoring special file (link, chrdev, blkdev, fifo, socket, door). path=update.no_header.image_extract/usr/bin/top pid=153897
2025-10-11 00:46.25 [debug    ] Ignoring special file (link, chrdev, blkdev, fifo, socket, door). path=update.no_header.image_extract/usr/bin/wc pid=153900
2025-10-11 00:46.25 [debug    ] Processing directory           path=update.no_header.image_extract/etc/ssl/private pid=153887
2025-10-11 00:46.25 [debug    ] Processing directory           path=update.no_header.image_extract/etc/ssl/misc pid=153890
2025-10-11 00:46.25 [debug    ] Processing directory           path=update.no_header.image_extract/etc/ssl/certs pid=153901
2025-10-11 00:46.25 [debug    ] Found valid chunk              chunk=0x0-0x7654 handler=elf32 pid=153891
2025-10-11 00:46.25 [debug    ] Ended searching for chunks     all_chunks=[0x0-0x7654] pid=153891
2025-10-11 00:46.25 [debug    ] Detected file-magic            magic=ELF 32-bit LSB executable, ARM, EABI5 version 1\012-  (SYSV), dynamically linked, interpreter /lib/ld-linux-armhf.so.3, for GNU/Linux 3.2.0, BuildID[sha1]=c03576d47665bdfce9120a99f2639145c16d3321, stripped\012- data path=update.no_header.image_extract/usr/bin/xmlwf pid=153886
2025-10-11 00:46.25 [debug    ] Removed inner chunks           outer_chunk_count=1 pid=153891 removed_inner_chunk_count=0
2025-10-11 00:46.25 [debug    ] Processing file                path=update.no_header.image_extract/usr/bin/openssl pid=153893 size=0x80e4c
2025-10-11 00:46.25 [debug    ] Processing file                path=update.no_header.image_extract/usr/bin/xmlwf pid=153886 size=0x5650
2025-10-11 00:46.25 [debug    ] Calculating chunk for pattern match handler=elf32 pid=153886 real_offset=0x0 start_offset=0x0
2025-10-11 00:46.25 [debug    ] Calculating chunk for pattern match handler=elf32 pid=153893 real_offset=0x0 start_offset=0x0
2025-10-11 00:46.25 [debug    ] Processing file                path=update.no_header.image_extract/usr/lib/libcrypto.so.1.1 pid=153888 size=0x1ec914
2025-10-11 00:46.25 [debug    ] Detected file-magic            magic=ASCII text path=update.no_header.image_extract/etc/ssl/ct_log_list.cnf pid=153897
2025-10-11 00:46.25 [debug    ] Found valid chunk              chunk=0x0-0x5650 handler=elf32 pid=153886
2025-10-11 00:46.25 [debug    ] Calculating chunk for pattern match handler=elf32 pid=153888 real_offset=0x0 start_offset=0x0
2025-10-11 00:46.25 [debug    ] Found valid chunk              chunk=0x0-0x80e4c handler=elf32 pid=153893
2025-10-11 00:46.25 [debug    ] Ended searching for chunks     all_chunks=[0x0-0x5650] pid=153886
2025-10-11 00:46.25 [debug    ] Found valid chunk              chunk=0x0-0x25b8 handler=elf32 pid=153896
2025-10-11 00:46.25 [debug    ] Ended searching for chunks     all_chunks=[0x0-0x80e4c] pid=153893
2025-10-11 00:46.25 [debug    ] Detected file-magic            magic=POSIX shell script text executable\012- a /bin/sh script, ASCII text executable path=update.no_header.image_extract/etc/init.d/rcK pid=153890
2025-10-11 00:46.25 [debug    ] Removed inner chunks           outer_chunk_count=1 pid=153886 removed_inner_chunk_count=0
2025-10-11 00:46.25 [debug    ] Ignoring special file (link, chrdev, blkdev, fifo, socket, door). path=update.no_header.image_extract/usr/bin/fallocate pid=153894
2025-10-11 00:46.25 [debug    ] Ended searching for chunks     all_chunks=[0x0-0x25b8] pid=153896
2025-10-11 00:46.25 [debug    ] Removed inner chunks           outer_chunk_count=1 pid=153893 removed_inner_chunk_count=0
2025-10-11 00:46.25 [debug    ] Processing file                path=update.no_header.image_extract/etc/ssl/ct_log_list.cnf pid=153897 size=0x19c
2025-10-11 00:46.25 [debug    ] Removed inner chunks           outer_chunk_count=1 pid=153896 removed_inner_chunk_count=0
2025-10-11 00:46.25 [debug    ] Detected file-magic            magic=POSIX shell script text executable\012- a /bin/sh script, ASCII text executable path=update.no_header.image_extract/etc/init.d/S20urandom pid=153901
2025-10-11 00:46.25 [debug    ] Ended searching for chunks     all_chunks=[] pid=153897
2025-10-11 00:46.25 [debug    ] Found valid chunk              chunk=0x0-0x1ec914 handler=elf32 pid=153888
2025-10-11 00:46.25 [debug    ] Processing file                path=update.no_header.image_extract/etc/init.d/rcK pid=153890 size=0x1a7
2025-10-11 00:46.25 [debug    ] Ended searching for chunks     all_chunks=[0x0-0x1ec914] pid=153888
2025-10-11 00:46.25 [debug    ] Processing directory           path=update.no_header.image_extract/etc/udhcpc/default.script.d pid=153886
2025-10-11 00:46.25 [debug    ] Removed inner chunks           outer_chunk_count=1 pid=153888 removed_inner_chunk_count=0
2025-10-11 00:46.25 [debug    ] Processing file                path=update.no_header.image_extract/etc/init.d/S20urandom pid=153901 size=0x4f8
2025-10-11 00:46.25 [debug    ] Ended searching for chunks     all_chunks=[] pid=153890
2025-10-11 00:46.25 [debug    ] Ended searching for chunks     all_chunks=[] pid=153901
2025-10-11 00:46.25 [debug    ] Found valid chunk              chunk=0x0-0x1df80 handler=elf32 pid=153899
2025-10-11 00:46.25 [debug    ] Ended searching for chunks     all_chunks=[0x0-0x1df80] pid=153899
2025-10-11 00:46.25 [debug    ] Removed inner chunks           outer_chunk_count=1 pid=153899 removed_inner_chunk_count=0
2025-10-11 00:46.25 [debug    ] Detected file-magic            magic=ASCII text path=update.no_header.image_extract/etc/profile.d/umask.sh pid=153897
2025-10-11 00:46.25 [debug    ] Detected file-magic            magic=POSIX shell script text executable\012- a /bin/sh script, ASCII text executable path=update.no_header.image_extract/etc/init.d/rcS pid=153887
2025-10-11 00:46.25 [debug    ] Processing file                path=update.no_header.image_extract/etc/profile.d/umask.sh pid=153897 size=0xa
2025-10-11 00:46.25 [debug    ] Processing file                path=update.no_header.image_extract/etc/init.d/rcS pid=153887 size=0x197
2025-10-11 00:46.25 [debug    ] Detected file-magic            magic=POSIX shell script text executable\012- a /bin/sh script, ASCII text executable path=update.no_header.image_extract/etc/init.d/S37bitmainer_setup pid=153891
2025-10-11 00:46.25 [debug    ] Ended searching for chunks     all_chunks=[] pid=153897
2025-10-11 00:46.25 [debug    ] Ended searching for chunks     all_chunks=[] pid=153887
2025-10-11 00:46.25 [debug    ] Detected file-magic            magic=POSIX shell script text executable\012- a /bin/sh -e script, ASCII text executable path=update.no_header.image_extract/etc/init.d/Update.sh pid=153889
2025-10-11 00:46.25 [debug    ] Processing file                path=update.no_header.image_extract/etc/init.d/S37bitmainer_setup pid=153891 size=0xd92
2025-10-11 00:46.25 [debug    ] Detected file-magic            magic=POSIX shell script text executable\012- a /bin/sh script, ASCII text executable path=update.no_header.image_extract/etc/init.d/S01syslogd pid=153898
2025-10-11 00:46.25 [debug    ] Processing file                path=update.no_header.image_extract/etc/init.d/Update.sh pid=153889 size=0x16a6
2025-10-11 00:46.25 [debug    ] Detected file-magic            magic=ASCII text path=update.no_header.image_extract/etc/ssl/ct_log_list.cnf.dist pid=153900
2025-10-11 00:46.25 [debug    ] Ended searching for chunks     all_chunks=[] pid=153891
2025-10-11 00:46.25 [debug    ] Ended searching for chunks     all_chunks=[] pid=153889
2025-10-11 00:46.25 [debug    ] Processing file                path=update.no_header.image_extract/etc/init.d/S01syslogd pid=153898 size=0x3f4
2025-10-11 00:46.25 [debug    ] Processing file                path=update.no_header.image_extract/etc/ssl/ct_log_list.cnf.dist pid=153900 size=0x19c
2025-10-11 00:46.25 [debug    ] Ended searching for chunks     all_chunks=[] pid=153898
2025-10-11 00:46.25 [debug    ] Ended searching for chunks     all_chunks=[] pid=153900
2025-10-11 00:46.25 [debug    ] Detected file-magic            magic=POSIX shell script text executable\012- a /bin/sh script, ASCII text executable path=update.no_header.image_extract/etc/udhcpc/default.script pid=153894
2025-10-11 00:46.25 [debug    ] Processing file                path=update.no_header.image_extract/etc/udhcpc/default.script pid=153894 size=0x783
2025-10-11 00:46.25 [debug    ] Ended searching for chunks     all_chunks=[] pid=153894
2025-10-11 00:46.25 [debug    ] Detected file-magic            magic=ASCII text path=update.no_header.image_extract/etc/ssl/openssl.cnf.dist pid=153892
2025-10-11 00:46.25 [debug    ] Processing file                path=update.no_header.image_extract/etc/ssl/openssl.cnf.dist pid=153892 size=0x2a9d
2025-10-11 00:46.25 [debug    ] Ended searching for chunks     all_chunks=[] pid=153892
2025-10-11 00:46.25 [debug    ] Detected file-magic            magic=Perl script text executable\012- a /usr/bin/perl script, ASCII text executable path=update.no_header.image_extract/etc/ssl/misc/tsget.pl pid=153896
2025-10-11 00:46.25 [debug    ] Detected file-magic            magic=ASCII text path=update.no_header.image_extract/etc/ssl/openssl.cnf pid=153895
2025-10-11 00:46.25 [debug    ] Processing file                path=update.no_header.image_extract/etc/ssl/misc/tsget.pl pid=153896 size=0x19af
2025-10-11 00:46.25 [debug    ] Ended searching for chunks     all_chunks=[] pid=153896
2025-10-11 00:46.25 [debug    ] Processing file                path=update.no_header.image_extract/etc/ssl/openssl.cnf pid=153895 size=0x2a9d
2025-10-11 00:46.25 [debug    ] Ended searching for chunks     all_chunks=[] pid=153895
