ANTMINER-L7-release-202201241601/minerfs.no_header.image_extract/bin/busybox
ANTMINER-L7-release-202201241601/minerfs.no_header.image_extract/lib/modules/bitmain_axi.ko
ANTMINER-L7-release-202201241601/minerfs.no_header.image_extract/lib/modules/fpga_mem_driver.ko
ANTMINER-L7-release-202201241601/minerfs.no_header.image_extract/sbin/halt
ANTMINER-L7-release-202201241601/minerfs.no_header.image_extract/sbin/id2mac
ANTMINER-L7-release-202201241601/minerfs.no_header.image_extract/sbin/init
ANTMINER-L7-release-202201241601/minerfs.no_header.image_extract/sbin/killall5
ANTMINER-L7-release-202201241601/minerfs.no_header.image_extract/sbin/shutdown
ANTMINER-L7-release-202201241601/minerfs.no_header.image_extract/usr/bin/FileParser
ANTMINER-L7-release-202201241601/minerfs.no_header.image_extract/usr/bin/cgminer-api
ANTMINER-L7-release-202201241601/minerfs.no_header.image_extract/usr/bin/cvtsudoers
ANTMINER-L7-release-202201241601/minerfs.no_header.image_extract/usr/bin/godminer
ANTMINER-L7-release-202201241601/minerfs.no_header.image_extract/usr/bin/jq
ANTMINER-L7-release-202201241601/minerfs.no_header.image_extract/usr/bin/kmod
ANTMINER-L7-release-202201241601/minerfs.no_header.image_extract/usr/bin/monitor-ipsig
ANTMINER-L7-release-202201241601/minerfs.no_header.image_extract/usr/bin/monitor-recobtn
ANTMINER-L7-release-202201241601/minerfs.no_header.image_extract/usr/bin/ntpdate
ANTMINER-L7-release-202201241601/minerfs.no_header.image_extract/usr/bin/openssl
ANTMINER-L7-release-202201241601/minerfs.no_header.image_extract/usr/bin/sudo
ANTMINER-L7-release-202201241601/minerfs.no_header.image_extract/usr/bin/sudoreplay
ANTMINER-L7-release-202201241601/minerfs.no_header.image_extract/usr/bin/xmlwf
ANTMINER-L7-release-202201241601/minerfs.no_header.image_extract/usr/lib/libavahi-common.so.3.5.3
ANTMINER-L7-release-202201241601/minerfs.no_header.image_extract/usr/lib/libavahi-core.so.7.0.2
ANTMINER-L7-release-202201241601/minerfs.no_header.image_extract/usr/lib/libcrypto.so.1.1
ANTMINER-L7-release-202201241601/minerfs.no_header.image_extract/usr/lib/libdaemon.so.0.5.0
ANTMINER-L7-release-202201241601/minerfs.no_header.image_extract/usr/lib/libevent-2.1.so.6.0.2
ANTMINER-L7-release-202201241601/minerfs.no_header.image_extract/usr/lib/libevent_core-2.1.so.6.0.2
ANTMINER-L7-release-202201241601/minerfs.no_header.image_extract/usr/lib/libevent_extra-2.1.so.6.0.2
ANTMINER-L7-release-202201241601/minerfs.no_header.image_extract/usr/lib/libevent_openssl-2.1.so.6.0.2
ANTMINER-L7-release-202201241601/minerfs.no_header.image_extract/usr/lib/libevent_pthreads-2.1.so.6.0.2
ANTMINER-L7-release-202201241601/minerfs.no_header.image_extract/usr/lib/libexpat.so.1.6.10
ANTMINER-L7-release-202201241601/minerfs.no_header.image_extract/usr/lib/libip4tc.so.2.0.0
ANTMINER-L7-release-202201241601/minerfs.no_header.image_extract/usr/lib/libip6tc.so.2.0.0
ANTMINER-L7-release-202201241601/minerfs.no_header.image_extract/usr/lib/libiptc.so.0.0.0
ANTMINER-L7-release-202201241601/minerfs.no_header.image_extract/usr/lib/libkmod.so.2.3.3
ANTMINER-L7-release-202201241601/minerfs.no_header.image_extract/usr/lib/libssl.so.1.1
ANTMINER-L7-release-202201241601/minerfs.no_header.image_extract/usr/lib/libxtables.so.12.2.0
ANTMINER-L7-release-202201241601/minerfs.no_header.image_extract/usr/lib/libz.so.1.2.11
ANTMINER-L7-release-202201241601/minerfs.no_header.image_extract/usr/lib/libzlog.so.1.2
ANTMINER-L7-release-202201241601/minerfs.no_header.image_extract/usr/lib/lighttpd/mod_access.so
ANTMINER-L7-release-202201241601/minerfs.no_header.image_extract/usr/lib/lighttpd/mod_accesslog.so
ANTMINER-L7-release-202201241601/minerfs.no_header.image_extract/usr/lib/lighttpd/mod_alias.so
ANTMINER-L7-release-202201241601/minerfs.no_header.image_extract/usr/lib/lighttpd/mod_auth.so
ANTMINER-L7-release-202201241601/minerfs.no_header.image_extract/usr/lib/lighttpd/mod_cgi.so
ANTMINER-L7-release-202201241601/minerfs.no_header.image_extract/usr/lib/lighttpd/mod_cml.so
ANTMINER-L7-release-202201241601/minerfs.no_header.image_extract/usr/lib/lighttpd/mod_compress.so
ANTMINER-L7-release-202201241601/minerfs.no_header.image_extract/usr/lib/lighttpd/mod_dirlisting.so
ANTMINER-L7-release-202201241601/minerfs.no_header.image_extract/usr/lib/lighttpd/mod_evasive.so
ANTMINER-L7-release-202201241601/minerfs.no_header.image_extract/usr/lib/lighttpd/mod_evhost.so
ANTMINER-L7-release-202201241601/minerfs.no_header.image_extract/usr/lib/lighttpd/mod_expire.so
ANTMINER-L7-release-202201241601/minerfs.no_header.image_extract/usr/lib/lighttpd/mod_extforward.so
ANTMINER-L7-release-202201241601/minerfs.no_header.image_extract/usr/lib/lighttpd/mod_fastcgi.so
ANTMINER-L7-release-202201241601/minerfs.no_header.image_extract/usr/lib/lighttpd/mod_flv_streaming.so
ANTMINER-L7-release-202201241601/minerfs.no_header.image_extract/usr/lib/lighttpd/mod_indexfile.so
ANTMINER-L7-release-202201241601/minerfs.no_header.image_extract/usr/lib/lighttpd/mod_magnet.so
ANTMINER-L7-release-202201241601/minerfs.no_header.image_extract/usr/lib/lighttpd/mod_mysql_vhost.so
ANTMINER-L7-release-202201241601/minerfs.no_header.image_extract/usr/lib/lighttpd/mod_proxy.so
ANTMINER-L7-release-202201241601/minerfs.no_header.image_extract/usr/lib/lighttpd/mod_redirect.so
ANTMINER-L7-release-202201241601/minerfs.no_header.image_extract/usr/lib/lighttpd/mod_rewrite.so
ANTMINER-L7-release-202201241601/minerfs.no_header.image_extract/usr/lib/lighttpd/mod_rrdtool.so
ANTMINER-L7-release-202201241601/minerfs.no_header.image_extract/usr/lib/lighttpd/mod_scgi.so
ANTMINER-L7-release-202201241601/minerfs.no_header.image_extract/usr/lib/lighttpd/mod_secdownload.so
ANTMINER-L7-release-202201241601/minerfs.no_header.image_extract/usr/lib/lighttpd/mod_setenv.so
ANTMINER-L7-release-202201241601/minerfs.no_header.image_extract/usr/lib/lighttpd/mod_simple_vhost.so
ANTMINER-L7-release-202201241601/minerfs.no_header.image_extract/usr/lib/lighttpd/mod_ssi.so
ANTMINER-L7-release-202201241601/minerfs.no_header.image_extract/usr/lib/lighttpd/mod_staticfile.so
ANTMINER-L7-release-202201241601/minerfs.no_header.image_extract/usr/lib/lighttpd/mod_status.so
ANTMINER-L7-release-202201241601/minerfs.no_header.image_extract/usr/lib/lighttpd/mod_trigger_b4_dl.so
ANTMINER-L7-release-202201241601/minerfs.no_header.image_extract/usr/lib/lighttpd/mod_userdir.so
ANTMINER-L7-release-202201241601/minerfs.no_header.image_extract/usr/lib/lighttpd/mod_usertrack.so
ANTMINER-L7-release-202201241601/minerfs.no_header.image_extract/usr/lib/lighttpd/mod_webdav.so
ANTMINER-L7-release-202201241601/minerfs.no_header.image_extract/usr/lib/xtables/libip6t_DNAT.so
ANTMINER-L7-release-202201241601/minerfs.no_header.image_extract/usr/lib/xtables/libip6t_DNPT.so
ANTMINER-L7-release-202201241601/minerfs.no_header.image_extract/usr/lib/xtables/libip6t_HL.so
ANTMINER-L7-release-202201241601/minerfs.no_header.image_extract/usr/lib/xtables/libip6t_LOG.so
ANTMINER-L7-release-202201241601/minerfs.no_header.image_extract/usr/lib/xtables/libip6t_MASQUERADE.so
ANTMINER-L7-release-202201241601/minerfs.no_header.image_extract/usr/lib/xtables/libip6t_NETMAP.so
ANTMINER-L7-release-202201241601/minerfs.no_header.image_extract/usr/lib/xtables/libip6t_REDIRECT.so
ANTMINER-L7-release-202201241601/minerfs.no_header.image_extract/usr/lib/xtables/libip6t_REJECT.so
ANTMINER-L7-release-202201241601/minerfs.no_header.image_extract/usr/lib/xtables/libip6t_SNAT.so
ANTMINER-L7-release-202201241601/minerfs.no_header.image_extract/usr/lib/xtables/libip6t_SNPT.so
ANTMINER-L7-release-202201241601/minerfs.no_header.image_extract/usr/lib/xtables/libip6t_ah.so
ANTMINER-L7-release-202201241601/minerfs.no_header.image_extract/usr/lib/xtables/libip6t_dst.so
ANTMINER-L7-release-202201241601/minerfs.no_header.image_extract/usr/lib/xtables/libip6t_eui64.so
ANTMINER-L7-release-202201241601/minerfs.no_header.image_extract/usr/lib/xtables/libip6t_frag.so
ANTMINER-L7-release-202201241601/minerfs.no_header.image_extract/usr/lib/xtables/libip6t_hbh.so
ANTMINER-L7-release-202201241601/minerfs.no_header.image_extract/usr/lib/xtables/libip6t_hl.so
ANTMINER-L7-release-202201241601/minerfs.no_header.image_extract/usr/lib/xtables/libip6t_icmp6.so
ANTMINER-L7-release-202201241601/minerfs.no_header.image_extract/usr/lib/xtables/libip6t_ipv6header.so
ANTMINER-L7-release-202201241601/minerfs.no_header.image_extract/usr/lib/xtables/libip6t_mh.so
ANTMINER-L7-release-202201241601/minerfs.no_header.image_extract/usr/lib/xtables/libip6t_rt.so
ANTMINER-L7-release-202201241601/minerfs.no_header.image_extract/usr/lib/xtables/libip6t_srh.so
ANTMINER-L7-release-202201241601/minerfs.no_header.image_extract/usr/lib/xtables/libipt_CLUSTERIP.so
ANTMINER-L7-release-202201241601/minerfs.no_header.image_extract/usr/lib/xtables/libipt_DNAT.so
ANTMINER-L7-release-202201241601/minerfs.no_header.image_extract/usr/lib/xtables/libipt_ECN.so
ANTMINER-L7-release-202201241601/minerfs.no_header.image_extract/usr/lib/xtables/libipt_LOG.so
ANTMINER-L7-release-202201241601/minerfs.no_header.image_extract/usr/lib/xtables/libipt_MASQUERADE.so
ANTMINER-L7-release-202201241601/minerfs.no_header.image_extract/usr/lib/xtables/libipt_NETMAP.so
ANTMINER-L7-release-202201241601/minerfs.no_header.image_extract/usr/lib/xtables/libipt_REDIRECT.so
ANTMINER-L7-release-202201241601/minerfs.no_header.image_extract/usr/lib/xtables/libipt_REJECT.so
ANTMINER-L7-release-202201241601/minerfs.no_header.image_extract/usr/lib/xtables/libipt_SNAT.so
ANTMINER-L7-release-202201241601/minerfs.no_header.image_extract/usr/lib/xtables/libipt_TTL.so
ANTMINER-L7-release-202201241601/minerfs.no_header.image_extract/usr/lib/xtables/libipt_ULOG.so
ANTMINER-L7-release-202201241601/minerfs.no_header.image_extract/usr/lib/xtables/libipt_ah.so
ANTMINER-L7-release-202201241601/minerfs.no_header.image_extract/usr/lib/xtables/libipt_icmp.so
ANTMINER-L7-release-202201241601/minerfs.no_header.image_extract/usr/lib/xtables/libipt_realm.so
ANTMINER-L7-release-202201241601/minerfs.no_header.image_extract/usr/lib/xtables/libipt_ttl.so
ANTMINER-L7-release-202201241601/minerfs.no_header.image_extract/usr/lib/xtables/libxt_AUDIT.so
ANTMINER-L7-release-202201241601/minerfs.no_header.image_extract/usr/lib/xtables/libxt_CHECKSUM.so
ANTMINER-L7-release-202201241601/minerfs.no_header.image_extract/usr/lib/xtables/libxt_CLASSIFY.so
ANTMINER-L7-release-202201241601/minerfs.no_header.image_extract/usr/lib/xtables/libxt_CONNMARK.so
ANTMINER-L7-release-202201241601/minerfs.no_header.image_extract/usr/lib/xtables/libxt_CONNSECMARK.so
ANTMINER-L7-release-202201241601/minerfs.no_header.image_extract/usr/lib/xtables/libxt_CT.so
ANTMINER-L7-release-202201241601/minerfs.no_header.image_extract/usr/lib/xtables/libxt_DSCP.so
ANTMINER-L7-release-202201241601/minerfs.no_header.image_extract/usr/lib/xtables/libxt_HMARK.so
ANTMINER-L7-release-202201241601/minerfs.no_header.image_extract/usr/lib/xtables/libxt_IDLETIMER.so
ANTMINER-L7-release-202201241601/minerfs.no_header.image_extract/usr/lib/xtables/libxt_LED.so
ANTMINER-L7-release-202201241601/minerfs.no_header.image_extract/usr/lib/xtables/libxt_MARK.so
ANTMINER-L7-release-202201241601/minerfs.no_header.image_extract/usr/lib/xtables/libxt_NFLOG.so
ANTMINER-L7-release-202201241601/minerfs.no_header.image_extract/usr/lib/xtables/libxt_NFQUEUE.so
ANTMINER-L7-release-202201241601/minerfs.no_header.image_extract/usr/lib/xtables/libxt_RATEEST.so
ANTMINER-L7-release-202201241601/minerfs.no_header.image_extract/usr/lib/xtables/libxt_SECMARK.so
ANTMINER-L7-release-202201241601/minerfs.no_header.image_extract/usr/lib/xtables/libxt_SET.so
ANTMINER-L7-release-202201241601/minerfs.no_header.image_extract/usr/lib/xtables/libxt_SYNPROXY.so
ANTMINER-L7-release-202201241601/minerfs.no_header.image_extract/usr/lib/xtables/libxt_TCPMSS.so
ANTMINER-L7-release-202201241601/minerfs.no_header.image_extract/usr/lib/xtables/libxt_TCPOPTSTRIP.so
ANTMINER-L7-release-202201241601/minerfs.no_header.image_extract/usr/lib/xtables/libxt_TEE.so
ANTMINER-L7-release-202201241601/minerfs.no_header.image_extract/usr/lib/xtables/libxt_TOS.so
ANTMINER-L7-release-202201241601/minerfs.no_header.image_extract/usr/lib/xtables/libxt_TPROXY.so
ANTMINER-L7-release-202201241601/minerfs.no_header.image_extract/usr/lib/xtables/libxt_TRACE.so
ANTMINER-L7-release-202201241601/minerfs.no_header.image_extract/usr/lib/xtables/libxt_addrtype.so
ANTMINER-L7-release-202201241601/minerfs.no_header.image_extract/usr/lib/xtables/libxt_bpf.so
ANTMINER-L7-release-202201241601/minerfs.no_header.image_extract/usr/lib/xtables/libxt_cgroup.so
ANTMINER-L7-release-202201241601/minerfs.no_header.image_extract/usr/lib/xtables/libxt_cluster.so
ANTMINER-L7-release-202201241601/minerfs.no_header.image_extract/usr/lib/xtables/libxt_comment.so
ANTMINER-L7-release-202201241601/minerfs.no_header.image_extract/usr/lib/xtables/libxt_connbytes.so
ANTMINER-L7-release-202201241601/minerfs.no_header.image_extract/usr/lib/xtables/libxt_connlimit.so
ANTMINER-L7-release-202201241601/minerfs.no_header.image_extract/usr/lib/xtables/libxt_connmark.so
ANTMINER-L7-release-202201241601/minerfs.no_header.image_extract/usr/lib/xtables/libxt_conntrack.so
ANTMINER-L7-release-202201241601/minerfs.no_header.image_extract/usr/lib/xtables/libxt_cpu.so
ANTMINER-L7-release-202201241601/minerfs.no_header.image_extract/usr/lib/xtables/libxt_dccp.so
ANTMINER-L7-release-202201241601/minerfs.no_header.image_extract/usr/lib/xtables/libxt_devgroup.so
ANTMINER-L7-release-202201241601/minerfs.no_header.image_extract/usr/lib/xtables/libxt_dscp.so
ANTMINER-L7-release-202201241601/minerfs.no_header.image_extract/usr/lib/xtables/libxt_ecn.so
ANTMINER-L7-release-202201241601/minerfs.no_header.image_extract/usr/lib/xtables/libxt_esp.so
ANTMINER-L7-release-202201241601/minerfs.no_header.image_extract/usr/lib/xtables/libxt_hashlimit.so
ANTMINER-L7-release-202201241601/minerfs.no_header.image_extract/usr/lib/xtables/libxt_helper.so
ANTMINER-L7-release-202201241601/minerfs.no_header.image_extract/usr/lib/xtables/libxt_ipcomp.so
ANTMINER-L7-release-202201241601/minerfs.no_header.image_extract/usr/lib/xtables/libxt_iprange.so
ANTMINER-L7-release-202201241601/minerfs.no_header.image_extract/usr/lib/xtables/libxt_ipvs.so
ANTMINER-L7-release-202201241601/minerfs.no_header.image_extract/usr/lib/xtables/libxt_length.so
ANTMINER-L7-release-202201241601/minerfs.no_header.image_extract/usr/lib/xtables/libxt_limit.so
ANTMINER-L7-release-202201241601/minerfs.no_header.image_extract/usr/lib/xtables/libxt_mac.so
ANTMINER-L7-release-202201241601/minerfs.no_header.image_extract/usr/lib/xtables/libxt_mark.so
ANTMINER-L7-release-202201241601/minerfs.no_header.image_extract/usr/lib/xtables/libxt_multiport.so
ANTMINER-L7-release-202201241601/minerfs.no_header.image_extract/usr/lib/xtables/libxt_nfacct.so
ANTMINER-L7-release-202201241601/minerfs.no_header.image_extract/usr/lib/xtables/libxt_osf.so
ANTMINER-L7-release-202201241601/minerfs.no_header.image_extract/usr/lib/xtables/libxt_owner.so
ANTMINER-L7-release-202201241601/minerfs.no_header.image_extract/usr/lib/xtables/libxt_physdev.so
ANTMINER-L7-release-202201241601/minerfs.no_header.image_extract/usr/lib/xtables/libxt_pkttype.so
ANTMINER-L7-release-202201241601/minerfs.no_header.image_extract/usr/lib/xtables/libxt_policy.so
ANTMINER-L7-release-202201241601/minerfs.no_header.image_extract/usr/lib/xtables/libxt_quota.so
ANTMINER-L7-release-202201241601/minerfs.no_header.image_extract/usr/lib/xtables/libxt_rateest.so
ANTMINER-L7-release-202201241601/minerfs.no_header.image_extract/usr/lib/xtables/libxt_recent.so
ANTMINER-L7-release-202201241601/minerfs.no_header.image_extract/usr/lib/xtables/libxt_rpfilter.so
ANTMINER-L7-release-202201241601/minerfs.no_header.image_extract/usr/lib/xtables/libxt_sctp.so
ANTMINER-L7-release-202201241601/minerfs.no_header.image_extract/usr/lib/xtables/libxt_set.so
ANTMINER-L7-release-202201241601/minerfs.no_header.image_extract/usr/lib/xtables/libxt_socket.so
ANTMINER-L7-release-202201241601/minerfs.no_header.image_extract/usr/lib/xtables/libxt_standard.so
ANTMINER-L7-release-202201241601/minerfs.no_header.image_extract/usr/lib/xtables/libxt_statistic.so
ANTMINER-L7-release-202201241601/minerfs.no_header.image_extract/usr/lib/xtables/libxt_string.so
ANTMINER-L7-release-202201241601/minerfs.no_header.image_extract/usr/lib/xtables/libxt_tcp.so
ANTMINER-L7-release-202201241601/minerfs.no_header.image_extract/usr/lib/xtables/libxt_tcpmss.so
ANTMINER-L7-release-202201241601/minerfs.no_header.image_extract/usr/lib/xtables/libxt_time.so
ANTMINER-L7-release-202201241601/minerfs.no_header.image_extract/usr/lib/xtables/libxt_tos.so
ANTMINER-L7-release-202201241601/minerfs.no_header.image_extract/usr/lib/xtables/libxt_u32.so
ANTMINER-L7-release-202201241601/minerfs.no_header.image_extract/usr/lib/xtables/libxt_udp.so
ANTMINER-L7-release-202201241601/minerfs.no_header.image_extract/usr/libexec/sudo/group_file.so
ANTMINER-L7-release-202201241601/minerfs.no_header.image_extract/usr/libexec/sudo/libsudo_util.so.0.0.0
ANTMINER-L7-release-202201241601/minerfs.no_header.image_extract/usr/libexec/sudo/sudo_noexec.so
ANTMINER-L7-release-202201241601/minerfs.no_header.image_extract/usr/libexec/sudo/sudoers.so
ANTMINER-L7-release-202201241601/minerfs.no_header.image_extract/usr/libexec/sudo/system_group.so
ANTMINER-L7-release-202201241601/minerfs.no_header.image_extract/usr/sbin/antlogin
ANTMINER-L7-release-202201241601/minerfs.no_header.image_extract/usr/sbin/avahi-autoipd
ANTMINER-L7-release-202201241601/minerfs.no_header.image_extract/usr/sbin/avahi-daemon
ANTMINER-L7-release-202201241601/minerfs.no_header.image_extract/usr/sbin/avahi-dnsconfd
ANTMINER-L7-release-202201241601/minerfs.no_header.image_extract/usr/sbin/dropbear
ANTMINER-L7-release-202201241601/minerfs.no_header.image_extract/usr/sbin/flash_erase
ANTMINER-L7-release-202201241601/minerfs.no_header.image_extract/usr/sbin/lighttpd
ANTMINER-L7-release-202201241601/minerfs.no_header.image_extract/usr/sbin/lighttpd-angel
ANTMINER-L7-release-202201241601/minerfs.no_header.image_extract/usr/sbin/ntpd
ANTMINER-L7-release-202201241601/minerfs.no_header.image_extract/usr/sbin/ubiattach
ANTMINER-L7-release-202201241601/minerfs.no_header.image_extract/usr/sbin/ubiformat
ANTMINER-L7-release-202201241601/minerfs.no_header.image_extract/usr/sbin/ubimkvol
ANTMINER-L7-release-202201241601/minerfs.no_header.image_extract/usr/sbin/update-daemon
ANTMINER-L7-release-202201241601/minerfs.no_header.image_extract/usr/sbin/visudo
ANTMINER-L7-release-202201241601/minerfs.no_header.image_extract/usr/sbin/xtables-legacy-multi
ANTMINER-L7-release-202201241601/update.no_header.image_extract/bin/busybox
ANTMINER-L7-release-202201241601/update.no_header.image_extract/lib/debug/libstdc++.so.6.0.24
ANTMINER-L7-release-202201241601/update.no_header.image_extract/lib/ld-2.25.so
ANTMINER-L7-release-202201241601/update.no_header.image_extract/lib/libanl-2.25.so
ANTMINER-L7-release-202201241601/update.no_header.image_extract/lib/libatomic.so.1.2.0
ANTMINER-L7-release-202201241601/update.no_header.image_extract/lib/libc-2.25.so
ANTMINER-L7-release-202201241601/update.no_header.image_extract/lib/libcrypt-2.25.so
ANTMINER-L7-release-202201241601/update.no_header.image_extract/lib/libdl-2.25.so
ANTMINER-L7-release-202201241601/update.no_header.image_extract/lib/libgcc_s.so.1
ANTMINER-L7-release-202201241601/update.no_header.image_extract/lib/libm-2.25.so
ANTMINER-L7-release-202201241601/update.no_header.image_extract/lib/libnsl-2.25.so
ANTMINER-L7-release-202201241601/update.no_header.image_extract/lib/libnss_dns-2.25.so
ANTMINER-L7-release-202201241601/update.no_header.image_extract/lib/libnss_files-2.25.so
ANTMINER-L7-release-202201241601/update.no_header.image_extract/lib/libpthread-2.25.so
ANTMINER-L7-release-202201241601/update.no_header.image_extract/lib/libresolv-2.25.so
ANTMINER-L7-release-202201241601/update.no_header.image_extract/lib/librt-2.25.so
ANTMINER-L7-release-202201241601/update.no_header.image_extract/lib/libstdc++.so.6.0.24
ANTMINER-L7-release-202201241601/update.no_header.image_extract/lib/libutil-2.25.so
ANTMINER-L7-release-202201241601/update.no_header.image_extract/sbin/halt
ANTMINER-L7-release-202201241601/update.no_header.image_extract/sbin/init
ANTMINER-L7-release-202201241601/update.no_header.image_extract/sbin/killall5
ANTMINER-L7-release-202201241601/update.no_header.image_extract/sbin/shutdown
ANTMINER-L7-release-202201241601/update.no_header.image_extract/usr/bin/FileParser
ANTMINER-L7-release-202201241601/update.no_header.image_extract/usr/bin/openssl
ANTMINER-L7-release-202201241601/update.no_header.image_extract/usr/bin/xmlwf
ANTMINER-L7-release-202201241601/update.no_header.image_extract/usr/lib/libaio.so.1.0.1
ANTMINER-L7-release-202201241601/update.no_header.image_extract/usr/lib/libcrypto.so.1.1
ANTMINER-L7-release-202201241601/update.no_header.image_extract/usr/lib/libdaemon.so.0.5.0
ANTMINER-L7-release-202201241601/update.no_header.image_extract/usr/lib/libevent-2.1.so.6.0.2
ANTMINER-L7-release-202201241601/update.no_header.image_extract/usr/lib/libevent_core-2.1.so.6.0.2
ANTMINER-L7-release-202201241601/update.no_header.image_extract/usr/lib/libevent_extra-2.1.so.6.0.2
ANTMINER-L7-release-202201241601/update.no_header.image_extract/usr/lib/libevent_openssl-2.1.so.6.0.2
ANTMINER-L7-release-202201241601/update.no_header.image_extract/usr/lib/libevent_pthreads-2.1.so.6.0.2
ANTMINER-L7-release-202201241601/update.no_header.image_extract/usr/lib/libexpat.so.1.6.10
ANTMINER-L7-release-202201241601/update.no_header.image_extract/usr/lib/libssl.so.1.1
ANTMINER-L7-release-202201241601/update.no_header.image_extract/usr/lib/libz.so.1.2.11
ANTMINER-L7-release-202201241601/update.no_header.image_extract/usr/sbin/flash_erase
ANTMINER-L7-release-202201241601/update.no_header.image_extract/usr/sbin/mtdinfo
ANTMINER-L7-release-202201241601/update.no_header.image_extract/usr/sbin/nanddump
ANTMINER-L7-release-202201241601/update.no_header.image_extract/usr/sbin/nandwrite
ANTMINER-L7-release-202201241601/update.no_header.image_extract/usr/sbin/ubiattach
ANTMINER-L7-release-202201241601/update.no_header.image_extract/usr/sbin/ubidetach
ANTMINER-L7-release-202201241601/update.no_header.image_extract/usr/sbin/ubiformat
ANTMINER-L7-release-202201241601/update.no_header.image_extract/usr/sbin/ubimkvol
ANTMINER-L7-release-202201241601/update.no_header.image_extract/usr/sbin/ubinfo
ANTMINER-L7-release-202201241601/update.no_header.image_extract/usr/sbin/ubirmvol
Antminer-L7-release-202211301200/minerfs.no_header.image_extract/bin/busybox
Antminer-L7-release-202211301200/minerfs.no_header.image_extract/sbin/halt
Antminer-L7-release-202211301200/minerfs.no_header.image_extract/sbin/id2mac
Antminer-L7-release-202211301200/minerfs.no_header.image_extract/sbin/init
Antminer-L7-release-202211301200/minerfs.no_header.image_extract/sbin/killall5
Antminer-L7-release-202211301200/minerfs.no_header.image_extract/sbin/shutdown
Antminer-L7-release-202211301200/minerfs.no_header.image_extract/usr/bin/FileParser
Antminer-L7-release-202211301200/minerfs.no_header.image_extract/usr/bin/cvtsudoers
Antminer-L7-release-202211301200/minerfs.no_header.image_extract/usr/bin/godminer
Antminer-L7-release-202211301200/minerfs.no_header.image_extract/usr/bin/jq
Antminer-L7-release-202211301200/minerfs.no_header.image_extract/usr/bin/kmod
Antminer-L7-release-202211301200/minerfs.no_header.image_extract/usr/bin/monitor-ipsig
Antminer-L7-release-202211301200/minerfs.no_header.image_extract/usr/bin/monitor-recobtn
Antminer-L7-release-202211301200/minerfs.no_header.image_extract/usr/bin/netcat
Antminer-L7-release-202211301200/minerfs.no_header.image_extract/usr/bin/ntpdate
Antminer-L7-release-202211301200/minerfs.no_header.image_extract/usr/bin/openssl
Antminer-L7-release-202211301200/minerfs.no_header.image_extract/usr/bin/sudo
Antminer-L7-release-202211301200/minerfs.no_header.image_extract/usr/bin/sudoreplay
Antminer-L7-release-202211301200/minerfs.no_header.image_extract/usr/bin/xmlwf
Antminer-L7-release-202211301200/minerfs.no_header.image_extract/usr/lib/libavahi-common.so.3.5.3
Antminer-L7-release-202211301200/minerfs.no_header.image_extract/usr/lib/libavahi-core.so.7.0.2
Antminer-L7-release-202211301200/minerfs.no_header.image_extract/usr/lib/libcrypto.so.1.1
Antminer-L7-release-202211301200/minerfs.no_header.image_extract/usr/lib/libdaemon.so.0.5.0
Antminer-L7-release-202211301200/minerfs.no_header.image_extract/usr/lib/libevent-2.1.so.6.0.2
Antminer-L7-release-202211301200/minerfs.no_header.image_extract/usr/lib/libevent_core-2.1.so.6.0.2
Antminer-L7-release-202211301200/minerfs.no_header.image_extract/usr/lib/libevent_extra-2.1.so.6.0.2
Antminer-L7-release-202211301200/minerfs.no_header.image_extract/usr/lib/libevent_openssl-2.1.so.6.0.2
Antminer-L7-release-202211301200/minerfs.no_header.image_extract/usr/lib/libevent_pthreads-2.1.so.6.0.2
Antminer-L7-release-202211301200/minerfs.no_header.image_extract/usr/lib/libexpat.so.1.6.10
Antminer-L7-release-202211301200/minerfs.no_header.image_extract/usr/lib/libip4tc.so.2.0.0
Antminer-L7-release-202211301200/minerfs.no_header.image_extract/usr/lib/libip6tc.so.2.0.0
Antminer-L7-release-202211301200/minerfs.no_header.image_extract/usr/lib/libiptc.so.0.0.0
Antminer-L7-release-202211301200/minerfs.no_header.image_extract/usr/lib/libkmod.so.2.3.3
Antminer-L7-release-202211301200/minerfs.no_header.image_extract/usr/lib/libssl.so.1.1
Antminer-L7-release-202211301200/minerfs.no_header.image_extract/usr/lib/libxtables.so.12.2.0
Antminer-L7-release-202211301200/minerfs.no_header.image_extract/usr/lib/libz.so.1.2.11
Antminer-L7-release-202211301200/minerfs.no_header.image_extract/usr/lib/lighttpd/mod_access.so
Antminer-L7-release-202211301200/minerfs.no_header.image_extract/usr/lib/lighttpd/mod_accesslog.so
Antminer-L7-release-202211301200/minerfs.no_header.image_extract/usr/lib/lighttpd/mod_alias.so
Antminer-L7-release-202211301200/minerfs.no_header.image_extract/usr/lib/lighttpd/mod_auth.so
Antminer-L7-release-202211301200/minerfs.no_header.image_extract/usr/lib/lighttpd/mod_cgi.so
Antminer-L7-release-202211301200/minerfs.no_header.image_extract/usr/lib/lighttpd/mod_cml.so
Antminer-L7-release-202211301200/minerfs.no_header.image_extract/usr/lib/lighttpd/mod_compress.so
Antminer-L7-release-202211301200/minerfs.no_header.image_extract/usr/lib/lighttpd/mod_dirlisting.so
Antminer-L7-release-202211301200/minerfs.no_header.image_extract/usr/lib/lighttpd/mod_evasive.so
Antminer-L7-release-202211301200/minerfs.no_header.image_extract/usr/lib/lighttpd/mod_evhost.so
Antminer-L7-release-202211301200/minerfs.no_header.image_extract/usr/lib/lighttpd/mod_expire.so
Antminer-L7-release-202211301200/minerfs.no_header.image_extract/usr/lib/lighttpd/mod_extforward.so
Antminer-L7-release-202211301200/minerfs.no_header.image_extract/usr/lib/lighttpd/mod_fastcgi.so
Antminer-L7-release-202211301200/minerfs.no_header.image_extract/usr/lib/lighttpd/mod_flv_streaming.so
Antminer-L7-release-202211301200/minerfs.no_header.image_extract/usr/lib/lighttpd/mod_indexfile.so
Antminer-L7-release-202211301200/minerfs.no_header.image_extract/usr/lib/lighttpd/mod_magnet.so
Antminer-L7-release-202211301200/minerfs.no_header.image_extract/usr/lib/lighttpd/mod_mysql_vhost.so
Antminer-L7-release-202211301200/minerfs.no_header.image_extract/usr/lib/lighttpd/mod_proxy.so
Antminer-L7-release-202211301200/minerfs.no_header.image_extract/usr/lib/lighttpd/mod_redirect.so
Antminer-L7-release-202211301200/minerfs.no_header.image_extract/usr/lib/lighttpd/mod_rewrite.so
Antminer-L7-release-202211301200/minerfs.no_header.image_extract/usr/lib/lighttpd/mod_rrdtool.so
Antminer-L7-release-202211301200/minerfs.no_header.image_extract/usr/lib/lighttpd/mod_scgi.so
Antminer-L7-release-202211301200/minerfs.no_header.image_extract/usr/lib/lighttpd/mod_secdownload.so
Antminer-L7-release-202211301200/minerfs.no_header.image_extract/usr/lib/lighttpd/mod_setenv.so
Antminer-L7-release-202211301200/minerfs.no_header.image_extract/usr/lib/lighttpd/mod_simple_vhost.so
Antminer-L7-release-202211301200/minerfs.no_header.image_extract/usr/lib/lighttpd/mod_ssi.so
Antminer-L7-release-202211301200/minerfs.no_header.image_extract/usr/lib/lighttpd/mod_staticfile.so
Antminer-L7-release-202211301200/minerfs.no_header.image_extract/usr/lib/lighttpd/mod_status.so
Antminer-L7-release-202211301200/minerfs.no_header.image_extract/usr/lib/lighttpd/mod_trigger_b4_dl.so
Antminer-L7-release-202211301200/minerfs.no_header.image_extract/usr/lib/lighttpd/mod_userdir.so
Antminer-L7-release-202211301200/minerfs.no_header.image_extract/usr/lib/lighttpd/mod_usertrack.so
Antminer-L7-release-202211301200/minerfs.no_header.image_extract/usr/lib/lighttpd/mod_webdav.so
Antminer-L7-release-202211301200/minerfs.no_header.image_extract/usr/lib/xtables/libip6t_DNAT.so
Antminer-L7-release-202211301200/minerfs.no_header.image_extract/usr/lib/xtables/libip6t_DNPT.so
Antminer-L7-release-202211301200/minerfs.no_header.image_extract/usr/lib/xtables/libip6t_HL.so
Antminer-L7-release-202211301200/minerfs.no_header.image_extract/usr/lib/xtables/libip6t_LOG.so
Antminer-L7-release-202211301200/minerfs.no_header.image_extract/usr/lib/xtables/libip6t_MASQUERADE.so
Antminer-L7-release-202211301200/minerfs.no_header.image_extract/usr/lib/xtables/libip6t_NETMAP.so
Antminer-L7-release-202211301200/minerfs.no_header.image_extract/usr/lib/xtables/libip6t_REDIRECT.so
Antminer-L7-release-202211301200/minerfs.no_header.image_extract/usr/lib/xtables/libip6t_REJECT.so
Antminer-L7-release-202211301200/minerfs.no_header.image_extract/usr/lib/xtables/libip6t_SNAT.so
Antminer-L7-release-202211301200/minerfs.no_header.image_extract/usr/lib/xtables/libip6t_SNPT.so
Antminer-L7-release-202211301200/minerfs.no_header.image_extract/usr/lib/xtables/libip6t_ah.so
Antminer-L7-release-202211301200/minerfs.no_header.image_extract/usr/lib/xtables/libip6t_dst.so
Antminer-L7-release-202211301200/minerfs.no_header.image_extract/usr/lib/xtables/libip6t_eui64.so
Antminer-L7-release-202211301200/minerfs.no_header.image_extract/usr/lib/xtables/libip6t_frag.so
Antminer-L7-release-202211301200/minerfs.no_header.image_extract/usr/lib/xtables/libip6t_hbh.so
Antminer-L7-release-202211301200/minerfs.no_header.image_extract/usr/lib/xtables/libip6t_hl.so
Antminer-L7-release-202211301200/minerfs.no_header.image_extract/usr/lib/xtables/libip6t_icmp6.so
Antminer-L7-release-202211301200/minerfs.no_header.image_extract/usr/lib/xtables/libip6t_ipv6header.so
Antminer-L7-release-202211301200/minerfs.no_header.image_extract/usr/lib/xtables/libip6t_mh.so
Antminer-L7-release-202211301200/minerfs.no_header.image_extract/usr/lib/xtables/libip6t_rt.so
Antminer-L7-release-202211301200/minerfs.no_header.image_extract/usr/lib/xtables/libip6t_srh.so
Antminer-L7-release-202211301200/minerfs.no_header.image_extract/usr/lib/xtables/libipt_CLUSTERIP.so
Antminer-L7-release-202211301200/minerfs.no_header.image_extract/usr/lib/xtables/libipt_DNAT.so
Antminer-L7-release-202211301200/minerfs.no_header.image_extract/usr/lib/xtables/libipt_ECN.so
Antminer-L7-release-202211301200/minerfs.no_header.image_extract/usr/lib/xtables/libipt_LOG.so
Antminer-L7-release-202211301200/minerfs.no_header.image_extract/usr/lib/xtables/libipt_MASQUERADE.so
Antminer-L7-release-202211301200/minerfs.no_header.image_extract/usr/lib/xtables/libipt_NETMAP.so
Antminer-L7-release-202211301200/minerfs.no_header.image_extract/usr/lib/xtables/libipt_REDIRECT.so
Antminer-L7-release-202211301200/minerfs.no_header.image_extract/usr/lib/xtables/libipt_REJECT.so
Antminer-L7-release-202211301200/minerfs.no_header.image_extract/usr/lib/xtables/libipt_SNAT.so
Antminer-L7-release-202211301200/minerfs.no_header.image_extract/usr/lib/xtables/libipt_TTL.so
Antminer-L7-release-202211301200/minerfs.no_header.image_extract/usr/lib/xtables/libipt_ULOG.so
Antminer-L7-release-202211301200/minerfs.no_header.image_extract/usr/lib/xtables/libipt_ah.so
Antminer-L7-release-202211301200/minerfs.no_header.image_extract/usr/lib/xtables/libipt_icmp.so
Antminer-L7-release-202211301200/minerfs.no_header.image_extract/usr/lib/xtables/libipt_realm.so
Antminer-L7-release-202211301200/minerfs.no_header.image_extract/usr/lib/xtables/libipt_ttl.so
Antminer-L7-release-202211301200/minerfs.no_header.image_extract/usr/lib/xtables/libxt_AUDIT.so
Antminer-L7-release-202211301200/minerfs.no_header.image_extract/usr/lib/xtables/libxt_CHECKSUM.so
Antminer-L7-release-202211301200/minerfs.no_header.image_extract/usr/lib/xtables/libxt_CLASSIFY.so
Antminer-L7-release-202211301200/minerfs.no_header.image_extract/usr/lib/xtables/libxt_CONNMARK.so
Antminer-L7-release-202211301200/minerfs.no_header.image_extract/usr/lib/xtables/libxt_CONNSECMARK.so
Antminer-L7-release-202211301200/minerfs.no_header.image_extract/usr/lib/xtables/libxt_CT.so
Antminer-L7-release-202211301200/minerfs.no_header.image_extract/usr/lib/xtables/libxt_DSCP.so
Antminer-L7-release-202211301200/minerfs.no_header.image_extract/usr/lib/xtables/libxt_HMARK.so
Antminer-L7-release-202211301200/minerfs.no_header.image_extract/usr/lib/xtables/libxt_IDLETIMER.so
Antminer-L7-release-202211301200/minerfs.no_header.image_extract/usr/lib/xtables/libxt_LED.so
Antminer-L7-release-202211301200/minerfs.no_header.image_extract/usr/lib/xtables/libxt_MARK.so
Antminer-L7-release-202211301200/minerfs.no_header.image_extract/usr/lib/xtables/libxt_NFLOG.so
Antminer-L7-release-202211301200/minerfs.no_header.image_extract/usr/lib/xtables/libxt_NFQUEUE.so
Antminer-L7-release-202211301200/minerfs.no_header.image_extract/usr/lib/xtables/libxt_RATEEST.so
Antminer-L7-release-202211301200/minerfs.no_header.image_extract/usr/lib/xtables/libxt_SECMARK.so
Antminer-L7-release-202211301200/minerfs.no_header.image_extract/usr/lib/xtables/libxt_SET.so
Antminer-L7-release-202211301200/minerfs.no_header.image_extract/usr/lib/xtables/libxt_SYNPROXY.so
Antminer-L7-release-202211301200/minerfs.no_header.image_extract/usr/lib/xtables/libxt_TCPMSS.so
Antminer-L7-release-202211301200/minerfs.no_header.image_extract/usr/lib/xtables/libxt_TCPOPTSTRIP.so
Antminer-L7-release-202211301200/minerfs.no_header.image_extract/usr/lib/xtables/libxt_TEE.so
Antminer-L7-release-202211301200/minerfs.no_header.image_extract/usr/lib/xtables/libxt_TOS.so
Antminer-L7-release-202211301200/minerfs.no_header.image_extract/usr/lib/xtables/libxt_TPROXY.so
Antminer-L7-release-202211301200/minerfs.no_header.image_extract/usr/lib/xtables/libxt_TRACE.so
Antminer-L7-release-202211301200/minerfs.no_header.image_extract/usr/lib/xtables/libxt_addrtype.so
Antminer-L7-release-202211301200/minerfs.no_header.image_extract/usr/lib/xtables/libxt_bpf.so
Antminer-L7-release-202211301200/minerfs.no_header.image_extract/usr/lib/xtables/libxt_cgroup.so
Antminer-L7-release-202211301200/minerfs.no_header.image_extract/usr/lib/xtables/libxt_cluster.so
Antminer-L7-release-202211301200/minerfs.no_header.image_extract/usr/lib/xtables/libxt_comment.so
Antminer-L7-release-202211301200/minerfs.no_header.image_extract/usr/lib/xtables/libxt_connbytes.so
Antminer-L7-release-202211301200/minerfs.no_header.image_extract/usr/lib/xtables/libxt_connlimit.so
Antminer-L7-release-202211301200/minerfs.no_header.image_extract/usr/lib/xtables/libxt_connmark.so
Antminer-L7-release-202211301200/minerfs.no_header.image_extract/usr/lib/xtables/libxt_conntrack.so
Antminer-L7-release-202211301200/minerfs.no_header.image_extract/usr/lib/xtables/libxt_cpu.so
Antminer-L7-release-202211301200/minerfs.no_header.image_extract/usr/lib/xtables/libxt_dccp.so
Antminer-L7-release-202211301200/minerfs.no_header.image_extract/usr/lib/xtables/libxt_devgroup.so
Antminer-L7-release-202211301200/minerfs.no_header.image_extract/usr/lib/xtables/libxt_dscp.so
Antminer-L7-release-202211301200/minerfs.no_header.image_extract/usr/lib/xtables/libxt_ecn.so
Antminer-L7-release-202211301200/minerfs.no_header.image_extract/usr/lib/xtables/libxt_esp.so
Antminer-L7-release-202211301200/minerfs.no_header.image_extract/usr/lib/xtables/libxt_hashlimit.so
Antminer-L7-release-202211301200/minerfs.no_header.image_extract/usr/lib/xtables/libxt_helper.so
Antminer-L7-release-202211301200/minerfs.no_header.image_extract/usr/lib/xtables/libxt_ipcomp.so
Antminer-L7-release-202211301200/minerfs.no_header.image_extract/usr/lib/xtables/libxt_iprange.so
Antminer-L7-release-202211301200/minerfs.no_header.image_extract/usr/lib/xtables/libxt_ipvs.so
Antminer-L7-release-202211301200/minerfs.no_header.image_extract/usr/lib/xtables/libxt_length.so
Antminer-L7-release-202211301200/minerfs.no_header.image_extract/usr/lib/xtables/libxt_limit.so
Antminer-L7-release-202211301200/minerfs.no_header.image_extract/usr/lib/xtables/libxt_mac.so
Antminer-L7-release-202211301200/minerfs.no_header.image_extract/usr/lib/xtables/libxt_mark.so
Antminer-L7-release-202211301200/minerfs.no_header.image_extract/usr/lib/xtables/libxt_multiport.so
Antminer-L7-release-202211301200/minerfs.no_header.image_extract/usr/lib/xtables/libxt_nfacct.so
Antminer-L7-release-202211301200/minerfs.no_header.image_extract/usr/lib/xtables/libxt_osf.so
Antminer-L7-release-202211301200/minerfs.no_header.image_extract/usr/lib/xtables/libxt_owner.so
Antminer-L7-release-202211301200/minerfs.no_header.image_extract/usr/lib/xtables/libxt_physdev.so
Antminer-L7-release-202211301200/minerfs.no_header.image_extract/usr/lib/xtables/libxt_pkttype.so
Antminer-L7-release-202211301200/minerfs.no_header.image_extract/usr/lib/xtables/libxt_policy.so
Antminer-L7-release-202211301200/minerfs.no_header.image_extract/usr/lib/xtables/libxt_quota.so
Antminer-L7-release-202211301200/minerfs.no_header.image_extract/usr/lib/xtables/libxt_rateest.so
Antminer-L7-release-202211301200/minerfs.no_header.image_extract/usr/lib/xtables/libxt_recent.so
Antminer-L7-release-202211301200/minerfs.no_header.image_extract/usr/lib/xtables/libxt_rpfilter.so
Antminer-L7-release-202211301200/minerfs.no_header.image_extract/usr/lib/xtables/libxt_sctp.so
Antminer-L7-release-202211301200/minerfs.no_header.image_extract/usr/lib/xtables/libxt_set.so
Antminer-L7-release-202211301200/minerfs.no_header.image_extract/usr/lib/xtables/libxt_socket.so
Antminer-L7-release-202211301200/minerfs.no_header.image_extract/usr/lib/xtables/libxt_standard.so
Antminer-L7-release-202211301200/minerfs.no_header.image_extract/usr/lib/xtables/libxt_statistic.so
Antminer-L7-release-202211301200/minerfs.no_header.image_extract/usr/lib/xtables/libxt_string.so
Antminer-L7-release-202211301200/minerfs.no_header.image_extract/usr/lib/xtables/libxt_tcp.so
Antminer-L7-release-202211301200/minerfs.no_header.image_extract/usr/lib/xtables/libxt_tcpmss.so
Antminer-L7-release-202211301200/minerfs.no_header.image_extract/usr/lib/xtables/libxt_time.so
Antminer-L7-release-202211301200/minerfs.no_header.image_extract/usr/lib/xtables/libxt_tos.so
Antminer-L7-release-202211301200/minerfs.no_header.image_extract/usr/lib/xtables/libxt_u32.so
Antminer-L7-release-202211301200/minerfs.no_header.image_extract/usr/lib/xtables/libxt_udp.so
Antminer-L7-release-202211301200/minerfs.no_header.image_extract/usr/libexec/sudo/group_file.so
Antminer-L7-release-202211301200/minerfs.no_header.image_extract/usr/libexec/sudo/libsudo_util.so.0.0.0
Antminer-L7-release-202211301200/minerfs.no_header.image_extract/usr/libexec/sudo/sudo_noexec.so
Antminer-L7-release-202211301200/minerfs.no_header.image_extract/usr/libexec/sudo/sudoers.so
Antminer-L7-release-202211301200/minerfs.no_header.image_extract/usr/libexec/sudo/system_group.so
Antminer-L7-release-202211301200/minerfs.no_header.image_extract/usr/sbin/antlogin
Antminer-L7-release-202211301200/minerfs.no_header.image_extract/usr/sbin/avahi-autoipd
Antminer-L7-release-202211301200/minerfs.no_header.image_extract/usr/sbin/avahi-daemon
Antminer-L7-release-202211301200/minerfs.no_header.image_extract/usr/sbin/avahi-dnsconfd
Antminer-L7-release-202211301200/minerfs.no_header.image_extract/usr/sbin/dropbear
Antminer-L7-release-202211301200/minerfs.no_header.image_extract/usr/sbin/flash_erase
Antminer-L7-release-202211301200/minerfs.no_header.image_extract/usr/sbin/lighttpd
Antminer-L7-release-202211301200/minerfs.no_header.image_extract/usr/sbin/lighttpd-angel
Antminer-L7-release-202211301200/minerfs.no_header.image_extract/usr/sbin/ntpd
Antminer-L7-release-202211301200/minerfs.no_header.image_extract/usr/sbin/ubiattach
Antminer-L7-release-202211301200/minerfs.no_header.image_extract/usr/sbin/ubiformat
Antminer-L7-release-202211301200/minerfs.no_header.image_extract/usr/sbin/ubimkvol
Antminer-L7-release-202211301200/minerfs.no_header.image_extract/usr/sbin/update-daemon
Antminer-L7-release-202211301200/minerfs.no_header.image_extract/usr/sbin/visudo
Antminer-L7-release-202211301200/minerfs.no_header.image_extract/usr/sbin/xtables-legacy-multi
Antminer-L7-release-202211301200/update.no_header.image_extract/bin/busybox
Antminer-L7-release-202211301200/update.no_header.image_extract/sbin/halt
Antminer-L7-release-202211301200/update.no_header.image_extract/sbin/init
Antminer-L7-release-202211301200/update.no_header.image_extract/sbin/killall5
Antminer-L7-release-202211301200/update.no_header.image_extract/sbin/shutdown
Antminer-L7-release-202211301200/update.no_header.image_extract/usr/bin/FileParser
Antminer-L7-release-202211301200/update.no_header.image_extract/usr/bin/netcat
Antminer-L7-release-202211301200/update.no_header.image_extract/usr/bin/openssl
Antminer-L7-release-202211301200/update.no_header.image_extract/usr/bin/xmlwf
Antminer-L7-release-202211301200/update.no_header.image_extract/usr/lib/libaio.so.1.0.1
Antminer-L7-release-202211301200/update.no_header.image_extract/usr/lib/libcrypto.so.1.1
Antminer-L7-release-202211301200/update.no_header.image_extract/usr/lib/libdaemon.so.0.5.0
Antminer-L7-release-202211301200/update.no_header.image_extract/usr/lib/libevent-2.1.so.6.0.2
Antminer-L7-release-202211301200/update.no_header.image_extract/usr/lib/libevent_core-2.1.so.6.0.2
Antminer-L7-release-202211301200/update.no_header.image_extract/usr/lib/libevent_extra-2.1.so.6.0.2
Antminer-L7-release-202211301200/update.no_header.image_extract/usr/lib/libevent_openssl-2.1.so.6.0.2
Antminer-L7-release-202211301200/update.no_header.image_extract/usr/lib/libevent_pthreads-2.1.so.6.0.2
Antminer-L7-release-202211301200/update.no_header.image_extract/usr/lib/libexpat.so.1.6.10
Antminer-L7-release-202211301200/update.no_header.image_extract/usr/lib/libssl.so.1.1
Antminer-L7-release-202211301200/update.no_header.image_extract/usr/lib/libz.so.1.2.11
Antminer-L7-release-202211301200/update.no_header.image_extract/usr/sbin/flash_erase
Antminer-L7-release-202211301200/update.no_header.image_extract/usr/sbin/mtdinfo
Antminer-L7-release-202211301200/update.no_header.image_extract/usr/sbin/nanddump
Antminer-L7-release-202211301200/update.no_header.image_extract/usr/sbin/nandwrite
Antminer-L7-release-202211301200/update.no_header.image_extract/usr/sbin/ubiattach
Antminer-L7-release-202211301200/update.no_header.image_extract/usr/sbin/ubidetach
Antminer-L7-release-202211301200/update.no_header.image_extract/usr/sbin/ubiformat
Antminer-L7-release-202211301200/update.no_header.image_extract/usr/sbin/ubimkvol
Antminer-L7-release-202211301200/update.no_header.image_extract/usr/sbin/ubinfo
Antminer-L7-release-202211301200/update.no_header.image_extract/usr/sbin/ubirmvol
Antminer-L7-release-202301300939/minerfs.no_header.image_extract/bin/busybox
Antminer-L7-release-202301300939/minerfs.no_header.image_extract/usr/bin/godminer
Antminer-L7-release-202301300939/minerfs.no_header.image_extract/usr/bin/monitor-ipsig
Antminer-L7-release-202301300939/minerfs.no_header.image_extract/usr/bin/monitor-recobtn
Antminer-L7-release-202301300939/minerfs.no_header.image_extract/usr/bin/ntpdate
Antminer-L7-release-202301300939/minerfs.no_header.image_extract/usr/lib/libcrypto.so.1.1
Antminer-L7-release-202301300939/minerfs.no_header.image_extract/usr/sbin/lighttpd
Antminer-L7-release-202301300939/minerfs.no_header.image_extract/usr/sbin/ntpd
Antminer-L7-release-202301300939/update.no_header.image_extract/bin/busybox
Antminer-L7-release-202301300939/update.no_header.image_extract/usr/lib/libcrypto.so.1.1
Antminer-L7-release-202405141413/minerfs.no_header.image_extract/bin/busybox
Antminer-L7-release-202405141413/minerfs.no_header.image_extract/sbin/id2mac
Antminer-L7-release-202405141413/minerfs.no_header.image_extract/usr/bin/FileParser
Antminer-L7-release-202405141413/minerfs.no_header.image_extract/usr/bin/godminer
Antminer-L7-release-202405141413/minerfs.no_header.image_extract/usr/bin/monitor-ipsig
Antminer-L7-release-202405141413/minerfs.no_header.image_extract/usr/bin/monitor-recobtn
Antminer-L7-release-202405141413/minerfs.no_header.image_extract/usr/bin/netcat
Antminer-L7-release-202405141413/minerfs.no_header.image_extract/usr/bin/ntpdate
Antminer-L7-release-202405141413/minerfs.no_header.image_extract/usr/bin/pcregrep
Antminer-L7-release-202405141413/minerfs.no_header.image_extract/usr/bin/pcretest
Antminer-L7-release-202405141413/minerfs.no_header.image_extract/usr/lib/libcrypto.so.1.1
Antminer-L7-release-202405141413/minerfs.no_header.image_extract/usr/lib/libpcre.so.1.2.10
Antminer-L7-release-202405141413/minerfs.no_header.image_extract/usr/lib/libpcrecpp.so.0.0.1
Antminer-L7-release-202405141413/minerfs.no_header.image_extract/usr/lib/libpcreposix.so.0.0.6
Antminer-L7-release-202405141413/minerfs.no_header.image_extract/usr/lib/lighttpd/mod_dirlisting.so
Antminer-L7-release-202405141413/minerfs.no_header.image_extract/usr/lib/lighttpd/mod_redirect.so
Antminer-L7-release-202405141413/minerfs.no_header.image_extract/usr/lib/lighttpd/mod_rewrite.so
Antminer-L7-release-202405141413/minerfs.no_header.image_extract/usr/lib/lighttpd/mod_ssi.so
Antminer-L7-release-202405141413/minerfs.no_header.image_extract/usr/lib/lighttpd/mod_status.so
Antminer-L7-release-202405141413/minerfs.no_header.image_extract/usr/lib/lighttpd/mod_trigger_b4_dl.so
Antminer-L7-release-202405141413/minerfs.no_header.image_extract/usr/sbin/lighttpd
Antminer-L7-release-202405141413/minerfs.no_header.image_extract/usr/sbin/ntpd
Antminer-L7-release-202405141413/minerfs.no_header.image_extract/usr/sbin/update-daemon
Antminer-L7-release-202405141413/update.no_header.image_extract/bin/busybox
Antminer-L7-release-202405141413/update.no_header.image_extract/usr/bin/FileParser
Antminer-L7-release-202405141413/update.no_header.image_extract/usr/bin/netcat
Antminer-L7-release-202405141413/update.no_header.image_extract/usr/lib/libcrypto.so.1.1
L7_zhiju_PT1_20211228/single_board_test
L7_zhiju_PT1_20211228/submit_result
L7_zhiju_PT1_20211228/uramdisk.no_header.image_extract/bin/busybox
L7_zhiju_PT1_20211228/uramdisk.no_header.image_extract/lib/libthread_db-1.0.so
L7_zhiju_PT1_20211228/uramdisk.no_header.image_extract/lib/modules/bitmain_axi.ko
L7_zhiju_PT1_20211228/uramdisk.no_header.image_extract/lib/modules/fpga_mem_driver.ko
L7_zhiju_PT1_20211228/uramdisk.no_header.image_extract/lib/modules/lcd12864I_driver.ko
L7_zhiju_PT1_20211228/uramdisk.no_header.image_extract/sbin/devmem2
L7_zhiju_PT1_20211228/uramdisk.no_header.image_extract/sbin/halt
L7_zhiju_PT1_20211228/uramdisk.no_header.image_extract/sbin/id2mac
L7_zhiju_PT1_20211228/uramdisk.no_header.image_extract/sbin/init
L7_zhiju_PT1_20211228/uramdisk.no_header.image_extract/sbin/killall5
L7_zhiju_PT1_20211228/uramdisk.no_header.image_extract/sbin/shutdown
L7_zhiju_PT1_20211228/uramdisk.no_header.image_extract/usr/bin/bmminer
L7_zhiju_PT1_20211228/uramdisk.no_header.image_extract/usr/bin/cgminer
L7_zhiju_PT1_20211228/uramdisk.no_header.image_extract/usr/bin/cgminer-api
L7_zhiju_PT1_20211228/uramdisk.no_header.image_extract/usr/bin/cvtsudoers
L7_zhiju_PT1_20211228/uramdisk.no_header.image_extract/usr/bin/gdb
L7_zhiju_PT1_20211228/uramdisk.no_header.image_extract/usr/bin/gdbserver
L7_zhiju_PT1_20211228/uramdisk.no_header.image_extract/usr/bin/htop
L7_zhiju_PT1_20211228/uramdisk.no_header.image_extract/usr/bin/jq
L7_zhiju_PT1_20211228/uramdisk.no_header.image_extract/usr/bin/kmod
L7_zhiju_PT1_20211228/uramdisk.no_header.image_extract/usr/bin/monitor-ipsig
L7_zhiju_PT1_20211228/uramdisk.no_header.image_extract/usr/bin/monitor-recobtn
L7_zhiju_PT1_20211228/uramdisk.no_header.image_extract/usr/bin/ntpdate
L7_zhiju_PT1_20211228/uramdisk.no_header.image_extract/usr/bin/openssl
L7_zhiju_PT1_20211228/uramdisk.no_header.image_extract/usr/bin/sudo
L7_zhiju_PT1_20211228/uramdisk.no_header.image_extract/usr/bin/sudoreplay
L7_zhiju_PT1_20211228/uramdisk.no_header.image_extract/usr/bin/xmlwf
L7_zhiju_PT1_20211228/uramdisk.no_header.image_extract/usr/lib/libaio.so.1.0.1
L7_zhiju_PT1_20211228/uramdisk.no_header.image_extract/usr/lib/libavahi-common.so.3.5.3
L7_zhiju_PT1_20211228/uramdisk.no_header.image_extract/usr/lib/libavahi-core.so.7.0.2
L7_zhiju_PT1_20211228/uramdisk.no_header.image_extract/usr/lib/libcrypto.so.1.1
L7_zhiju_PT1_20211228/uramdisk.no_header.image_extract/usr/lib/libdaemon.so.0.5.0
L7_zhiju_PT1_20211228/uramdisk.no_header.image_extract/usr/lib/libevent-2.1.so.6.0.2
L7_zhiju_PT1_20211228/uramdisk.no_header.image_extract/usr/lib/libevent_core-2.1.so.6.0.2
L7_zhiju_PT1_20211228/uramdisk.no_header.image_extract/usr/lib/libevent_extra-2.1.so.6.0.2
L7_zhiju_PT1_20211228/uramdisk.no_header.image_extract/usr/lib/libevent_openssl-2.1.so.6.0.2
L7_zhiju_PT1_20211228/uramdisk.no_header.image_extract/usr/lib/libevent_pthreads-2.1.so.6.0.2
L7_zhiju_PT1_20211228/uramdisk.no_header.image_extract/usr/lib/libexpat.so.1.6.10
L7_zhiju_PT1_20211228/uramdisk.no_header.image_extract/usr/lib/libform.so.6.1
L7_zhiju_PT1_20211228/uramdisk.no_header.image_extract/usr/lib/libi2c.so.0.1.1
L7_zhiju_PT1_20211228/uramdisk.no_header.image_extract/usr/lib/libip4tc.so.2.0.0
L7_zhiju_PT1_20211228/uramdisk.no_header.image_extract/usr/lib/libip6tc.so.2.0.0
L7_zhiju_PT1_20211228/uramdisk.no_header.image_extract/usr/lib/libiptc.so.0.0.0
L7_zhiju_PT1_20211228/uramdisk.no_header.image_extract/usr/lib/libjq.so.1.0.4
L7_zhiju_PT1_20211228/uramdisk.no_header.image_extract/usr/lib/libkmod.so.2.3.3
L7_zhiju_PT1_20211228/uramdisk.no_header.image_extract/usr/lib/libmenu.so.6.1
L7_zhiju_PT1_20211228/uramdisk.no_header.image_extract/usr/lib/libncurses.so.6.1
L7_zhiju_PT1_20211228/uramdisk.no_header.image_extract/usr/lib/libpanel.so.6.1
L7_zhiju_PT1_20211228/uramdisk.no_header.image_extract/usr/lib/libssl.so.1.1
L7_zhiju_PT1_20211228/uramdisk.no_header.image_extract/usr/lib/libxtables.so.12.2.0
L7_zhiju_PT1_20211228/uramdisk.no_header.image_extract/usr/lib/libz.so.1.2.11
L7_zhiju_PT1_20211228/uramdisk.no_header.image_extract/usr/lib/lighttpd/mod_access.so
L7_zhiju_PT1_20211228/uramdisk.no_header.image_extract/usr/lib/lighttpd/mod_accesslog.so
L7_zhiju_PT1_20211228/uramdisk.no_header.image_extract/usr/lib/lighttpd/mod_alias.so
L7_zhiju_PT1_20211228/uramdisk.no_header.image_extract/usr/lib/lighttpd/mod_auth.so
L7_zhiju_PT1_20211228/uramdisk.no_header.image_extract/usr/lib/lighttpd/mod_cgi.so
L7_zhiju_PT1_20211228/uramdisk.no_header.image_extract/usr/lib/lighttpd/mod_cml.so
L7_zhiju_PT1_20211228/uramdisk.no_header.image_extract/usr/lib/lighttpd/mod_compress.so
L7_zhiju_PT1_20211228/uramdisk.no_header.image_extract/usr/lib/lighttpd/mod_dirlisting.so
L7_zhiju_PT1_20211228/uramdisk.no_header.image_extract/usr/lib/lighttpd/mod_evasive.so
L7_zhiju_PT1_20211228/uramdisk.no_header.image_extract/usr/lib/lighttpd/mod_evhost.so
L7_zhiju_PT1_20211228/uramdisk.no_header.image_extract/usr/lib/lighttpd/mod_expire.so
L7_zhiju_PT1_20211228/uramdisk.no_header.image_extract/usr/lib/lighttpd/mod_extforward.so
L7_zhiju_PT1_20211228/uramdisk.no_header.image_extract/usr/lib/lighttpd/mod_fastcgi.so
L7_zhiju_PT1_20211228/uramdisk.no_header.image_extract/usr/lib/lighttpd/mod_flv_streaming.so
L7_zhiju_PT1_20211228/uramdisk.no_header.image_extract/usr/lib/lighttpd/mod_indexfile.so
L7_zhiju_PT1_20211228/uramdisk.no_header.image_extract/usr/lib/lighttpd/mod_magnet.so
L7_zhiju_PT1_20211228/uramdisk.no_header.image_extract/usr/lib/lighttpd/mod_mysql_vhost.so
L7_zhiju_PT1_20211228/uramdisk.no_header.image_extract/usr/lib/lighttpd/mod_proxy.so
L7_zhiju_PT1_20211228/uramdisk.no_header.image_extract/usr/lib/lighttpd/mod_redirect.so
L7_zhiju_PT1_20211228/uramdisk.no_header.image_extract/usr/lib/lighttpd/mod_rewrite.so
L7_zhiju_PT1_20211228/uramdisk.no_header.image_extract/usr/lib/lighttpd/mod_rrdtool.so
L7_zhiju_PT1_20211228/uramdisk.no_header.image_extract/usr/lib/lighttpd/mod_scgi.so
L7_zhiju_PT1_20211228/uramdisk.no_header.image_extract/usr/lib/lighttpd/mod_secdownload.so
L7_zhiju_PT1_20211228/uramdisk.no_header.image_extract/usr/lib/lighttpd/mod_setenv.so
L7_zhiju_PT1_20211228/uramdisk.no_header.image_extract/usr/lib/lighttpd/mod_simple_vhost.so
L7_zhiju_PT1_20211228/uramdisk.no_header.image_extract/usr/lib/lighttpd/mod_ssi.so
L7_zhiju_PT1_20211228/uramdisk.no_header.image_extract/usr/lib/lighttpd/mod_staticfile.so
L7_zhiju_PT1_20211228/uramdisk.no_header.image_extract/usr/lib/lighttpd/mod_status.so
L7_zhiju_PT1_20211228/uramdisk.no_header.image_extract/usr/lib/lighttpd/mod_trigger_b4_dl.so
L7_zhiju_PT1_20211228/uramdisk.no_header.image_extract/usr/lib/lighttpd/mod_userdir.so
L7_zhiju_PT1_20211228/uramdisk.no_header.image_extract/usr/lib/lighttpd/mod_usertrack.so
L7_zhiju_PT1_20211228/uramdisk.no_header.image_extract/usr/lib/lighttpd/mod_webdav.so
L7_zhiju_PT1_20211228/uramdisk.no_header.image_extract/usr/lib/xtables/libip6t_DNAT.so
L7_zhiju_PT1_20211228/uramdisk.no_header.image_extract/usr/lib/xtables/libip6t_DNPT.so
L7_zhiju_PT1_20211228/uramdisk.no_header.image_extract/usr/lib/xtables/libip6t_HL.so
L7_zhiju_PT1_20211228/uramdisk.no_header.image_extract/usr/lib/xtables/libip6t_LOG.so
L7_zhiju_PT1_20211228/uramdisk.no_header.image_extract/usr/lib/xtables/libip6t_MASQUERADE.so
L7_zhiju_PT1_20211228/uramdisk.no_header.image_extract/usr/lib/xtables/libip6t_NETMAP.so
L7_zhiju_PT1_20211228/uramdisk.no_header.image_extract/usr/lib/xtables/libip6t_REDIRECT.so
L7_zhiju_PT1_20211228/uramdisk.no_header.image_extract/usr/lib/xtables/libip6t_REJECT.so
L7_zhiju_PT1_20211228/uramdisk.no_header.image_extract/usr/lib/xtables/libip6t_SNAT.so
L7_zhiju_PT1_20211228/uramdisk.no_header.image_extract/usr/lib/xtables/libip6t_SNPT.so
L7_zhiju_PT1_20211228/uramdisk.no_header.image_extract/usr/lib/xtables/libip6t_ah.so
L7_zhiju_PT1_20211228/uramdisk.no_header.image_extract/usr/lib/xtables/libip6t_dst.so
L7_zhiju_PT1_20211228/uramdisk.no_header.image_extract/usr/lib/xtables/libip6t_eui64.so
L7_zhiju_PT1_20211228/uramdisk.no_header.image_extract/usr/lib/xtables/libip6t_frag.so
L7_zhiju_PT1_20211228/uramdisk.no_header.image_extract/usr/lib/xtables/libip6t_hbh.so
L7_zhiju_PT1_20211228/uramdisk.no_header.image_extract/usr/lib/xtables/libip6t_hl.so
L7_zhiju_PT1_20211228/uramdisk.no_header.image_extract/usr/lib/xtables/libip6t_icmp6.so
L7_zhiju_PT1_20211228/uramdisk.no_header.image_extract/usr/lib/xtables/libip6t_ipv6header.so
L7_zhiju_PT1_20211228/uramdisk.no_header.image_extract/usr/lib/xtables/libip6t_mh.so
L7_zhiju_PT1_20211228/uramdisk.no_header.image_extract/usr/lib/xtables/libip6t_rt.so
L7_zhiju_PT1_20211228/uramdisk.no_header.image_extract/usr/lib/xtables/libip6t_srh.so
L7_zhiju_PT1_20211228/uramdisk.no_header.image_extract/usr/lib/xtables/libipt_CLUSTERIP.so
L7_zhiju_PT1_20211228/uramdisk.no_header.image_extract/usr/lib/xtables/libipt_DNAT.so
L7_zhiju_PT1_20211228/uramdisk.no_header.image_extract/usr/lib/xtables/libipt_ECN.so
L7_zhiju_PT1_20211228/uramdisk.no_header.image_extract/usr/lib/xtables/libipt_LOG.so
L7_zhiju_PT1_20211228/uramdisk.no_header.image_extract/usr/lib/xtables/libipt_MASQUERADE.so
L7_zhiju_PT1_20211228/uramdisk.no_header.image_extract/usr/lib/xtables/libipt_NETMAP.so
L7_zhiju_PT1_20211228/uramdisk.no_header.image_extract/usr/lib/xtables/libipt_REDIRECT.so
L7_zhiju_PT1_20211228/uramdisk.no_header.image_extract/usr/lib/xtables/libipt_REJECT.so
L7_zhiju_PT1_20211228/uramdisk.no_header.image_extract/usr/lib/xtables/libipt_SNAT.so
L7_zhiju_PT1_20211228/uramdisk.no_header.image_extract/usr/lib/xtables/libipt_TTL.so
L7_zhiju_PT1_20211228/uramdisk.no_header.image_extract/usr/lib/xtables/libipt_ULOG.so
L7_zhiju_PT1_20211228/uramdisk.no_header.image_extract/usr/lib/xtables/libipt_ah.so
L7_zhiju_PT1_20211228/uramdisk.no_header.image_extract/usr/lib/xtables/libipt_icmp.so
L7_zhiju_PT1_20211228/uramdisk.no_header.image_extract/usr/lib/xtables/libipt_realm.so
L7_zhiju_PT1_20211228/uramdisk.no_header.image_extract/usr/lib/xtables/libipt_ttl.so
L7_zhiju_PT1_20211228/uramdisk.no_header.image_extract/usr/lib/xtables/libxt_AUDIT.so
L7_zhiju_PT1_20211228/uramdisk.no_header.image_extract/usr/lib/xtables/libxt_CHECKSUM.so
L7_zhiju_PT1_20211228/uramdisk.no_header.image_extract/usr/lib/xtables/libxt_CLASSIFY.so
L7_zhiju_PT1_20211228/uramdisk.no_header.image_extract/usr/lib/xtables/libxt_CONNMARK.so
L7_zhiju_PT1_20211228/uramdisk.no_header.image_extract/usr/lib/xtables/libxt_CONNSECMARK.so
L7_zhiju_PT1_20211228/uramdisk.no_header.image_extract/usr/lib/xtables/libxt_CT.so
L7_zhiju_PT1_20211228/uramdisk.no_header.image_extract/usr/lib/xtables/libxt_DSCP.so
L7_zhiju_PT1_20211228/uramdisk.no_header.image_extract/usr/lib/xtables/libxt_HMARK.so
L7_zhiju_PT1_20211228/uramdisk.no_header.image_extract/usr/lib/xtables/libxt_IDLETIMER.so
L7_zhiju_PT1_20211228/uramdisk.no_header.image_extract/usr/lib/xtables/libxt_LED.so
L7_zhiju_PT1_20211228/uramdisk.no_header.image_extract/usr/lib/xtables/libxt_MARK.so
L7_zhiju_PT1_20211228/uramdisk.no_header.image_extract/usr/lib/xtables/libxt_NFLOG.so
L7_zhiju_PT1_20211228/uramdisk.no_header.image_extract/usr/lib/xtables/libxt_NFQUEUE.so
L7_zhiju_PT1_20211228/uramdisk.no_header.image_extract/usr/lib/xtables/libxt_RATEEST.so
L7_zhiju_PT1_20211228/uramdisk.no_header.image_extract/usr/lib/xtables/libxt_SECMARK.so
L7_zhiju_PT1_20211228/uramdisk.no_header.image_extract/usr/lib/xtables/libxt_SET.so
L7_zhiju_PT1_20211228/uramdisk.no_header.image_extract/usr/lib/xtables/libxt_SYNPROXY.so
L7_zhiju_PT1_20211228/uramdisk.no_header.image_extract/usr/lib/xtables/libxt_TCPMSS.so
L7_zhiju_PT1_20211228/uramdisk.no_header.image_extract/usr/lib/xtables/libxt_TCPOPTSTRIP.so
L7_zhiju_PT1_20211228/uramdisk.no_header.image_extract/usr/lib/xtables/libxt_TEE.so
L7_zhiju_PT1_20211228/uramdisk.no_header.image_extract/usr/lib/xtables/libxt_TOS.so
L7_zhiju_PT1_20211228/uramdisk.no_header.image_extract/usr/lib/xtables/libxt_TPROXY.so
L7_zhiju_PT1_20211228/uramdisk.no_header.image_extract/usr/lib/xtables/libxt_TRACE.so
L7_zhiju_PT1_20211228/uramdisk.no_header.image_extract/usr/lib/xtables/libxt_addrtype.so
L7_zhiju_PT1_20211228/uramdisk.no_header.image_extract/usr/lib/xtables/libxt_bpf.so
L7_zhiju_PT1_20211228/uramdisk.no_header.image_extract/usr/lib/xtables/libxt_cgroup.so
L7_zhiju_PT1_20211228/uramdisk.no_header.image_extract/usr/lib/xtables/libxt_cluster.so
L7_zhiju_PT1_20211228/uramdisk.no_header.image_extract/usr/lib/xtables/libxt_comment.so
L7_zhiju_PT1_20211228/uramdisk.no_header.image_extract/usr/lib/xtables/libxt_connbytes.so
L7_zhiju_PT1_20211228/uramdisk.no_header.image_extract/usr/lib/xtables/libxt_connlimit.so
L7_zhiju_PT1_20211228/uramdisk.no_header.image_extract/usr/lib/xtables/libxt_connmark.so
L7_zhiju_PT1_20211228/uramdisk.no_header.image_extract/usr/lib/xtables/libxt_conntrack.so
L7_zhiju_PT1_20211228/uramdisk.no_header.image_extract/usr/lib/xtables/libxt_cpu.so
L7_zhiju_PT1_20211228/uramdisk.no_header.image_extract/usr/lib/xtables/libxt_dccp.so
L7_zhiju_PT1_20211228/uramdisk.no_header.image_extract/usr/lib/xtables/libxt_devgroup.so
L7_zhiju_PT1_20211228/uramdisk.no_header.image_extract/usr/lib/xtables/libxt_dscp.so
L7_zhiju_PT1_20211228/uramdisk.no_header.image_extract/usr/lib/xtables/libxt_ecn.so
L7_zhiju_PT1_20211228/uramdisk.no_header.image_extract/usr/lib/xtables/libxt_esp.so
L7_zhiju_PT1_20211228/uramdisk.no_header.image_extract/usr/lib/xtables/libxt_hashlimit.so
L7_zhiju_PT1_20211228/uramdisk.no_header.image_extract/usr/lib/xtables/libxt_helper.so
L7_zhiju_PT1_20211228/uramdisk.no_header.image_extract/usr/lib/xtables/libxt_ipcomp.so
L7_zhiju_PT1_20211228/uramdisk.no_header.image_extract/usr/lib/xtables/libxt_iprange.so
L7_zhiju_PT1_20211228/uramdisk.no_header.image_extract/usr/lib/xtables/libxt_ipvs.so
L7_zhiju_PT1_20211228/uramdisk.no_header.image_extract/usr/lib/xtables/libxt_length.so
L7_zhiju_PT1_20211228/uramdisk.no_header.image_extract/usr/lib/xtables/libxt_limit.so
L7_zhiju_PT1_20211228/uramdisk.no_header.image_extract/usr/lib/xtables/libxt_mac.so
L7_zhiju_PT1_20211228/uramdisk.no_header.image_extract/usr/lib/xtables/libxt_mark.so
L7_zhiju_PT1_20211228/uramdisk.no_header.image_extract/usr/lib/xtables/libxt_multiport.so
L7_zhiju_PT1_20211228/uramdisk.no_header.image_extract/usr/lib/xtables/libxt_nfacct.so
L7_zhiju_PT1_20211228/uramdisk.no_header.image_extract/usr/lib/xtables/libxt_osf.so
L7_zhiju_PT1_20211228/uramdisk.no_header.image_extract/usr/lib/xtables/libxt_owner.so
L7_zhiju_PT1_20211228/uramdisk.no_header.image_extract/usr/lib/xtables/libxt_physdev.so
L7_zhiju_PT1_20211228/uramdisk.no_header.image_extract/usr/lib/xtables/libxt_pkttype.so
L7_zhiju_PT1_20211228/uramdisk.no_header.image_extract/usr/lib/xtables/libxt_policy.so
L7_zhiju_PT1_20211228/uramdisk.no_header.image_extract/usr/lib/xtables/libxt_quota.so
L7_zhiju_PT1_20211228/uramdisk.no_header.image_extract/usr/lib/xtables/libxt_rateest.so
L7_zhiju_PT1_20211228/uramdisk.no_header.image_extract/usr/lib/xtables/libxt_recent.so
L7_zhiju_PT1_20211228/uramdisk.no_header.image_extract/usr/lib/xtables/libxt_rpfilter.so
L7_zhiju_PT1_20211228/uramdisk.no_header.image_extract/usr/lib/xtables/libxt_sctp.so
L7_zhiju_PT1_20211228/uramdisk.no_header.image_extract/usr/lib/xtables/libxt_set.so
L7_zhiju_PT1_20211228/uramdisk.no_header.image_extract/usr/lib/xtables/libxt_socket.so
L7_zhiju_PT1_20211228/uramdisk.no_header.image_extract/usr/lib/xtables/libxt_standard.so
L7_zhiju_PT1_20211228/uramdisk.no_header.image_extract/usr/lib/xtables/libxt_statistic.so
L7_zhiju_PT1_20211228/uramdisk.no_header.image_extract/usr/lib/xtables/libxt_string.so
L7_zhiju_PT1_20211228/uramdisk.no_header.image_extract/usr/lib/xtables/libxt_tcp.so
L7_zhiju_PT1_20211228/uramdisk.no_header.image_extract/usr/lib/xtables/libxt_tcpmss.so
L7_zhiju_PT1_20211228/uramdisk.no_header.image_extract/usr/lib/xtables/libxt_time.so
L7_zhiju_PT1_20211228/uramdisk.no_header.image_extract/usr/lib/xtables/libxt_tos.so
L7_zhiju_PT1_20211228/uramdisk.no_header.image_extract/usr/lib/xtables/libxt_u32.so
L7_zhiju_PT1_20211228/uramdisk.no_header.image_extract/usr/lib/xtables/libxt_udp.so
L7_zhiju_PT1_20211228/uramdisk.no_header.image_extract/usr/libexec/sudo/group_file.so
L7_zhiju_PT1_20211228/uramdisk.no_header.image_extract/usr/libexec/sudo/libsudo_util.so.0.0.0
L7_zhiju_PT1_20211228/uramdisk.no_header.image_extract/usr/libexec/sudo/sudo_noexec.so
L7_zhiju_PT1_20211228/uramdisk.no_header.image_extract/usr/libexec/sudo/sudoers.so
L7_zhiju_PT1_20211228/uramdisk.no_header.image_extract/usr/libexec/sudo/system_group.so
L7_zhiju_PT1_20211228/uramdisk.no_header.image_extract/usr/sbin/antlogin
L7_zhiju_PT1_20211228/uramdisk.no_header.image_extract/usr/sbin/avahi-autoipd
L7_zhiju_PT1_20211228/uramdisk.no_header.image_extract/usr/sbin/avahi-daemon
L7_zhiju_PT1_20211228/uramdisk.no_header.image_extract/usr/sbin/avahi-dnsconfd
L7_zhiju_PT1_20211228/uramdisk.no_header.image_extract/usr/sbin/dropbear
L7_zhiju_PT1_20211228/uramdisk.no_header.image_extract/usr/sbin/eeprog
L7_zhiju_PT1_20211228/uramdisk.no_header.image_extract/usr/sbin/flash_erase
L7_zhiju_PT1_20211228/uramdisk.no_header.image_extract/usr/sbin/i2cdetect
L7_zhiju_PT1_20211228/uramdisk.no_header.image_extract/usr/sbin/i2cdump
L7_zhiju_PT1_20211228/uramdisk.no_header.image_extract/usr/sbin/i2cget
L7_zhiju_PT1_20211228/uramdisk.no_header.image_extract/usr/sbin/i2cset
L7_zhiju_PT1_20211228/uramdisk.no_header.image_extract/usr/sbin/i2ctransfer
L7_zhiju_PT1_20211228/uramdisk.no_header.image_extract/usr/sbin/lighttpd
L7_zhiju_PT1_20211228/uramdisk.no_header.image_extract/usr/sbin/lighttpd-angel
L7_zhiju_PT1_20211228/uramdisk.no_header.image_extract/usr/sbin/mtdinfo
L7_zhiju_PT1_20211228/uramdisk.no_header.image_extract/usr/sbin/nanddump
L7_zhiju_PT1_20211228/uramdisk.no_header.image_extract/usr/sbin/nandwrite
L7_zhiju_PT1_20211228/uramdisk.no_header.image_extract/usr/sbin/ntpd
L7_zhiju_PT1_20211228/uramdisk.no_header.image_extract/usr/sbin/ubiattach
L7_zhiju_PT1_20211228/uramdisk.no_header.image_extract/usr/sbin/ubidetach
L7_zhiju_PT1_20211228/uramdisk.no_header.image_extract/usr/sbin/ubiformat
L7_zhiju_PT1_20211228/uramdisk.no_header.image_extract/usr/sbin/ubimkvol
L7_zhiju_PT1_20211228/uramdisk.no_header.image_extract/usr/sbin/ubinfo
L7_zhiju_PT1_20211228/uramdisk.no_header.image_extract/usr/sbin/ubirmvol
L7_zhiju_PT1_20211228/uramdisk.no_header.image_extract/usr/sbin/visudo
L7_zhiju_PT1_20211228/uramdisk.no_header.image_extract/usr/sbin/xtables-legacy-multi
sd-recover-bmu-L7-fixed-202201241601-release/update.no_header.image_extract/bin/busybox
sd-recover-bmu-L7-fixed-202201241601-release/update.no_header.image_extract/sbin/halt
sd-recover-bmu-L7-fixed-202201241601-release/update.no_header.image_extract/sbin/init
sd-recover-bmu-L7-fixed-202201241601-release/update.no_header.image_extract/sbin/killall5
sd-recover-bmu-L7-fixed-202201241601-release/update.no_header.image_extract/sbin/shutdown
sd-recover-bmu-L7-fixed-202201241601-release/update.no_header.image_extract/usr/bin/FileParser
sd-recover-bmu-L7-fixed-202201241601-release/update.no_header.image_extract/usr/bin/openssl
sd-recover-bmu-L7-fixed-202201241601-release/update.no_header.image_extract/usr/bin/xmlwf
sd-recover-bmu-L7-fixed-202201241601-release/update.no_header.image_extract/usr/lib/libaio.so.1.0.1
sd-recover-bmu-L7-fixed-202201241601-release/update.no_header.image_extract/usr/lib/libcrypto.so.1.1
sd-recover-bmu-L7-fixed-202201241601-release/update.no_header.image_extract/usr/lib/libdaemon.so.0.5.0
sd-recover-bmu-L7-fixed-202201241601-release/update.no_header.image_extract/usr/lib/libevent-2.1.so.6.0.2
sd-recover-bmu-L7-fixed-202201241601-release/update.no_header.image_extract/usr/lib/libevent_core-2.1.so.6.0.2
sd-recover-bmu-L7-fixed-202201241601-release/update.no_header.image_extract/usr/lib/libevent_extra-2.1.so.6.0.2
sd-recover-bmu-L7-fixed-202201241601-release/update.no_header.image_extract/usr/lib/libevent_openssl-2.1.so.6.0.2
sd-recover-bmu-L7-fixed-202201241601-release/update.no_header.image_extract/usr/lib/libevent_pthreads-2.1.so.6.0.2
sd-recover-bmu-L7-fixed-202201241601-release/update.no_header.image_extract/usr/lib/libexpat.so.1.6.10
sd-recover-bmu-L7-fixed-202201241601-release/update.no_header.image_extract/usr/lib/libssl.so.1.1
sd-recover-bmu-L7-fixed-202201241601-release/update.no_header.image_extract/usr/lib/libz.so.1.2.11
sd-recover-bmu-L7-fixed-202201241601-release/update.no_header.image_extract/usr/sbin/flash_erase
sd-recover-bmu-L7-fixed-202201241601-release/update.no_header.image_extract/usr/sbin/mtdinfo
sd-recover-bmu-L7-fixed-202201241601-release/update.no_header.image_extract/usr/sbin/nanddump
sd-recover-bmu-L7-fixed-202201241601-release/update.no_header.image_extract/usr/sbin/nandwrite
sd-recover-bmu-L7-fixed-202201241601-release/update.no_header.image_extract/usr/sbin/ubiattach
sd-recover-bmu-L7-fixed-202201241601-release/update.no_header.image_extract/usr/sbin/ubidetach
sd-recover-bmu-L7-fixed-202201241601-release/update.no_header.image_extract/usr/sbin/ubiformat
sd-recover-bmu-L7-fixed-202201241601-release/update.no_header.image_extract/usr/sbin/ubimkvol
sd-recover-bmu-L7-fixed-202201241601-release/update.no_header.image_extract/usr/sbin/ubinfo
sd-recover-bmu-L7-fixed-202201241601-release/update.no_header.image_extract/usr/sbin/ubirmvol
